Using pre-set license
Built from '2022.3/staging' branch; Version is '2022.3.22f1 (887be4894c44) revision 8944612'; Using compiler version '192829333'; Build Type 'Release'
OS: 'Windows 11  (10.0.26100) 64bit Professional' Language: 'ru' Physical Memory: 32474 MB
BatchMode: 1, IsHumanControllingUs: 0, StartBugReporterOnCrash: 0, Is64bit: 1, IsPro: 1

COMMAND LINE ARGUMENTS:
C:\Program Files\Unity\Hub\Editor\2022.3.22f1\Editor\Unity.exe
-adb2
-batchMode
-noUpm
-name
AssetImportWorker11
-projectPath
C:/Users/GP_4.1/UnderwaterPipelineTracker
-logFile
Logs/AssetImportWorker11.log
-srvPort
53404
Successfully changed project path to: C:/Users/GP_4.1/UnderwaterPipelineTracker
C:/Users/GP_4.1/UnderwaterPipelineTracker
[UnityMemory] Configuration Parameters - Can be set up in boot.config
    "memorysetup-bucket-allocator-granularity=16"
    "memorysetup-bucket-allocator-bucket-count=8"
    "memorysetup-bucket-allocator-block-size=33554432"
    "memorysetup-bucket-allocator-block-count=8"
    "memorysetup-main-allocator-block-size=16777216"
    "memorysetup-thread-allocator-block-size=16777216"
    "memorysetup-gfx-main-allocator-block-size=16777216"
    "memorysetup-gfx-thread-allocator-block-size=16777216"
    "memorysetup-cache-allocator-block-size=4194304"
    "memorysetup-typetree-allocator-block-size=2097152"
    "memorysetup-profiler-bucket-allocator-granularity=16"
    "memorysetup-profiler-bucket-allocator-bucket-count=8"
    "memorysetup-profiler-bucket-allocator-block-size=33554432"
    "memorysetup-profiler-bucket-allocator-block-count=8"
    "memorysetup-profiler-allocator-block-size=16777216"
    "memorysetup-profiler-editor-allocator-block-size=1048576"
    "memorysetup-temp-allocator-size-main=16777216"
    "memorysetup-job-temp-allocator-block-size=2097152"
    "memorysetup-job-temp-allocator-block-size-background=1048576"
    "memorysetup-job-temp-allocator-reduction-small-platforms=262144"
    "memorysetup-allocator-temp-initial-block-size-main=262144"
    "memorysetup-allocator-temp-initial-block-size-worker=262144"
    "memorysetup-temp-allocator-size-background-worker=32768"
    "memorysetup-temp-allocator-size-job-worker=262144"
    "memorysetup-temp-allocator-size-preload-manager=33554432"
    "memorysetup-temp-allocator-size-nav-mesh-worker=65536"
    "memorysetup-temp-allocator-size-audio-worker=65536"
    "memorysetup-temp-allocator-size-cloud-worker=32768"
    "memorysetup-temp-allocator-size-gi-baking-worker=262144"
    "memorysetup-temp-allocator-size-gfx=262144"
Player connection [6084] Host "[IP] 192.168.31.213 [Port] 0 [Flags] 2 [Guid] 2196051600 [EditorId] 2196051600 [Version] 1048832 [Id] WindowsEditor(7,GP-4v2) [Debug] 1 [PackageName] WindowsEditor [ProjectName] Editor" joined multi-casting on [225.0.0.222:54997]...

Player connection [6084] Host "[IP] 192.168.31.213 [Port] 0 [Flags] 2 [Guid] 2196051600 [EditorId] 2196051600 [Version] 1048832 [Id] WindowsEditor(7,GP-4v2) [Debug] 1 [PackageName] WindowsEditor [ProjectName] Editor" joined alternative multi-casting on [225.0.0.222:34997]...

[Physics::Module] Initialized MultithreadedJobDispatcher with 11 workers.
Refreshing native plugins compatible for Editor in 6.40 ms, found 3 plugins.
Preloading 0 native plugins for Editor in 0.00 ms.
Initialize engine version: 2022.3.22f1 (887be4894c44)
[Subsystems] Discovering subsystems at path C:/Program Files/Unity/Hub/Editor/2022.3.22f1/Editor/Data/Resources/UnitySubsystems
[Subsystems] Discovering subsystems at path C:/Users/GP_4.1/UnderwaterPipelineTracker/Assets
GfxDevice: creating device client; threaded=0; jobified=0
Direct3D:
    Version:  Direct3D 11.0 [level 11.1]
    Renderer: NVIDIA GeForce RTX 3070 (ID=0x2484)
    Vendor:   NVIDIA
    VRAM:     8018 MB
    Driver:   32.0.15.7602
Initialize mono
Mono path[0] = 'C:/Program Files/Unity/Hub/Editor/2022.3.22f1/Editor/Data/Managed'
Mono path[1] = 'C:/Program Files/Unity/Hub/Editor/2022.3.22f1/Editor/Data/MonoBleedingEdge/lib/mono/unityjit-win32'
Mono config path = 'C:/Program Files/Unity/Hub/Editor/2022.3.22f1/Editor/Data/MonoBleedingEdge/etc'
Using monoOptions --debugger-agent=transport=dt_socket,embedding=1,server=y,suspend=n,address=127.0.0.1:56268
Begin MonoManager ReloadAssembly
Registering precompiled unity dll's ...
Register platform support module: C:/Program Files/Unity/Hub/Editor/2022.3.22f1/Editor/Data/PlaybackEngines/AndroidPlayer/UnityEditor.Android.Extensions.dll
Register platform support module: C:/Program Files/Unity/Hub/Editor/2022.3.22f1/Editor/Data/PlaybackEngines/WindowsStandaloneSupport/UnityEditor.WindowsStandalone.Extensions.dll
Registered in 0.004049 seconds.
- Loaded All Assemblies, in  0.202 seconds
Native extension for WindowsStandalone target not found
Native extension for Android target not found
Android Extension - Scanning For ADB Devices 154 ms
Mono: successfully reloaded assembly
- Finished resetting the current domain, in  0.341 seconds
Domain Reload Profiling: 542ms
	BeginReloadAssembly (69ms)
		ExecutionOrderSort (0ms)
		DisableScriptedObjects (0ms)
		BackupInstance (0ms)
		ReleaseScriptingObjects (0ms)
		CreateAndSetChildDomain (0ms)
	RebuildCommonClasses (18ms)
	RebuildNativeTypeToScriptingClass (6ms)
	initialDomainReloadingComplete (32ms)
	LoadAllAssembliesAndSetupDomain (76ms)
		LoadAssemblies (67ms)
		RebuildTransferFunctionScriptingTraits (0ms)
		AnalyzeDomain (75ms)
			TypeCache.Refresh (74ms)
				TypeCache.ScanAssembly (66ms)
			ScanForSourceGeneratedMonoScriptInfo (0ms)
			ResolveRequiredComponents (0ms)
	FinalizeReload (341ms)
		ReleaseScriptCaches (0ms)
		RebuildScriptCaches (0ms)
		SetupLoadedEditorAssemblies (310ms)
			LogAssemblyErrors (0ms)
			InitializePlatformSupportModulesInManaged (213ms)
			SetLoadedEditorAssemblies (2ms)
			RefreshPlugins (0ms)
			BeforeProcessingInitializeOnLoad (1ms)
			ProcessInitializeOnLoadAttributes (65ms)
			ProcessInitializeOnLoadMethodAttributes (28ms)
			AfterProcessingInitializeOnLoad (0ms)
			EditorAssembliesLoaded (0ms)
		ExecutionOrderSort2 (0ms)
		AwakeInstancesAfterBackupRestoration (0ms)
========================================================================
Worker process is ready to serve import requests
Begin MonoManager ReloadAssembly
- Loaded All Assemblies, in  0.372 seconds
Refreshing native plugins compatible for Editor in 2.00 ms, found 3 plugins.
Native extension for WindowsStandalone target not found
Native extension for Android target not found
Mono: successfully reloaded assembly
- Finished resetting the current domain, in  0.374 seconds
Domain Reload Profiling: 745ms
	BeginReloadAssembly (78ms)
		ExecutionOrderSort (0ms)
		DisableScriptedObjects (3ms)
		BackupInstance (0ms)
		ReleaseScriptingObjects (0ms)
		CreateAndSetChildDomain (14ms)
	RebuildCommonClasses (18ms)
	RebuildNativeTypeToScriptingClass (6ms)
	initialDomainReloadingComplete (24ms)
	LoadAllAssembliesAndSetupDomain (245ms)
		LoadAssemblies (160ms)
		RebuildTransferFunctionScriptingTraits (0ms)
		AnalyzeDomain (129ms)
			TypeCache.Refresh (111ms)
				TypeCache.ScanAssembly (101ms)
			ScanForSourceGeneratedMonoScriptInfo (11ms)
			ResolveRequiredComponents (6ms)
	FinalizeReload (374ms)
		ReleaseScriptCaches (0ms)
		RebuildScriptCaches (0ms)
		SetupLoadedEditorAssemblies (284ms)
			LogAssemblyErrors (0ms)
			InitializePlatformSupportModulesInManaged (12ms)
			SetLoadedEditorAssemblies (3ms)
			RefreshPlugins (0ms)
			BeforeProcessingInitializeOnLoad (44ms)
			ProcessInitializeOnLoadAttributes (179ms)
			ProcessInitializeOnLoadMethodAttributes (42ms)
			AfterProcessingInitializeOnLoad (3ms)
			EditorAssembliesLoaded (0ms)
		ExecutionOrderSort2 (0ms)
		AwakeInstancesAfterBackupRestoration (4ms)
Launched and connected shader compiler UnityShaderCompiler.exe after 0.03 seconds
Refreshing native plugins compatible for Editor in 3.95 ms, found 3 plugins.
Preloading 0 native plugins for Editor in 0.00 ms.
Unloading 5168 Unused Serialized files (Serialized files now loaded: 0)
Unloading 67 unused Assets / (350.2 KB). Loaded Objects now: 5629.
Memory consumption went from 215.0 MB to 214.7 MB.
Total: 3.590300 ms (FindLiveObjects: 0.531100 ms CreateObjectMapping: 0.132900 ms MarkObjects: 2.726400 ms  DeleteObjects: 0.199100 ms)

AssetImportParameters requested are different than current active one (requested -> active):
  custom:container-demuxer-ogg: 62fdf1f143b41e24485cea50d1cbac27 -> 
  custom:video-codec-MediaFoundation-h265: 746d11721c4dcdbdad8f713fa42b33f4 -> 
  custom:video-decoder-ogg-theora: a1e56fd34408186e4bbccfd4996cb3dc -> 
  custom:framework-win-MediaFoundation: 216162199b28c13a410421893ffa2e32 -> 
  custom:CustomObjectIndexerAttribute: 72b91833f83ae208fae7752999fa3104 -> 
  custom:container-demuxer-webm: 4f35f7cbe854078d1ac9338744f61a02 -> 
  custom:container-muxer-webm: aa71ff27fc2769a1b78a27578f13a17b -> 
  custom:video-decoder-webm-vp8: 9c59270c3fd7afecdb556c50c9e8de78 -> 
  custom:SearchIndexIgnoredProperties: e643bd26f0fe6173181afceb89e7c659 -> 
  custom:AudioImporter_EditorPlatform: d09bf68614088b80899f8185d706f6e7 -> 
  custom:video-encoder-webm-vp8: eb34c28f22e8b96e1ab97ce403110664 -> 
  custom:audio-decoder-ogg-vorbis: bf7c407c2cedff20999df2af8eb42d56 -> 
  custom:audio-encoder-webm-vorbis: bf7c407c2cedff20999df2af8eb42d56 -> 
========================================================================
Received Import Request.
  Time since last request: 91618.551810 seconds.
  path: Assets/3D Models/Props/Industrial/Pipeline/Update_1.03/Mesh/ModularSystemPipe/MSP_Valve01_BoltX8_01_LOD0.FBX
  artifactKey: Guid(610aa02d67117a64387a5ea2a0d2d90d) Importer(815301076,1909f56bfc062723c751e8b465ee728b)
Start importing Assets/3D Models/Props/Industrial/Pipeline/Update_1.03/Mesh/ModularSystemPipe/MSP_Valve01_BoltX8_01_LOD0.FBX using Guid(610aa02d67117a64387a5ea2a0d2d90d) Importer(815301076,1909f56bfc062723c751e8b465ee728b)  -> (artifact id: 'a2efce31ecd68063437d1d639e467ba9') in 0.380986 seconds
Number of updated asset objects reloaded before import = 0
Number of asset objects unloaded after import = 35
========================================================================
Received Import Request.
  Time since last request: 1.590233 seconds.
  path: Assets/3D Models/Props/Industrial/Pipeline/Update_1.03/Mesh/Small/sBolt_01_LOD0.FBX
  artifactKey: Guid(79bcf7c740e95a949adbbe9b2e6574fe) Importer(815301076,1909f56bfc062723c751e8b465ee728b)
Start importing Assets/3D Models/Props/Industrial/Pipeline/Update_1.03/Mesh/Small/sBolt_01_LOD0.FBX using Guid(79bcf7c740e95a949adbbe9b2e6574fe) Importer(815301076,1909f56bfc062723c751e8b465ee728b)  -> (artifact id: '6021634514f3ae2b6297f7f540271830') in 0.014452 seconds
Number of updated asset objects reloaded before import = 0
Number of asset objects unloaded after import = 12
========================================================================
Received Import Request.
  Time since last request: 0.000011 seconds.
  path: Assets/3D Models/Props/Industrial/Pipeline/Update_1.03/Mesh/Small/sPipe_06.FBX
  artifactKey: Guid(d9972745440419f41aabef7f690c65af) Importer(815301076,1909f56bfc062723c751e8b465ee728b)
Start importing Assets/3D Models/Props/Industrial/Pipeline/Update_1.03/Mesh/Small/sPipe_06.FBX using Guid(d9972745440419f41aabef7f690c65af) Importer(815301076,1909f56bfc062723c751e8b465ee728b)  -> (artifact id: '532d65364c45ea49dca651a4b4215f04') in 0.015685 seconds
Number of updated asset objects reloaded before import = 0
Number of asset objects unloaded after import = 13
========================================================================
Received Import Request.
  Time since last request: 0.000013 seconds.
  path: Assets/3D Models/Props/Industrial/Pipeline/Update_1.03/Mesh/Small/sPipe_01.FBX
  artifactKey: Guid(afd57395e6c171748a50b90eab861801) Importer(815301076,1909f56bfc062723c751e8b465ee728b)
Start importing Assets/3D Models/Props/Industrial/Pipeline/Update_1.03/Mesh/Small/sPipe_01.FBX using Guid(afd57395e6c171748a50b90eab861801) Importer(815301076,1909f56bfc062723c751e8b465ee728b)  -> (artifact id: '843bef5851c28d7038f5f0738c3ded1d') in 0.017178 seconds
Number of updated asset objects reloaded before import = 0
Number of asset objects unloaded after import = 13
========================================================================
Received Import Request.
  Time since last request: 0.000014 seconds.
  path: Assets/3D Models/Props/Industrial/Pipeline/Update_1.03/Mesh/Small/sBoltx8_02_LOD0.FBX
  artifactKey: Guid(2bfc3d06e9969e341a703f3b45ed77aa) Importer(815301076,1909f56bfc062723c751e8b465ee728b)
Start importing Assets/3D Models/Props/Industrial/Pipeline/Update_1.03/Mesh/Small/sBoltx8_02_LOD0.FBX using Guid(2bfc3d06e9969e341a703f3b45ed77aa) Importer(815301076,1909f56bfc062723c751e8b465ee728b)  -> (artifact id: 'f3d25bb5f98168269b1b5b2e31d4d35b') in 0.014372 seconds
Number of updated asset objects reloaded before import = 0
Number of asset objects unloaded after import = 12
========================================================================
Received Import Request.
  Time since last request: 0.000019 seconds.
  path: Assets/3D Models/Props/Industrial/Pipeline/Update_1.03/Mesh/Small/sPipe_04.FBX
  artifactKey: Guid(44a167bfc615a1c47bccfec7adcb17a9) Importer(815301076,1909f56bfc062723c751e8b465ee728b)
Start importing Assets/3D Models/Props/Industrial/Pipeline/Update_1.03/Mesh/Small/sPipe_04.FBX using Guid(44a167bfc615a1c47bccfec7adcb17a9) Importer(815301076,1909f56bfc062723c751e8b465ee728b)  -> (artifact id: '1ff3865096b22ccb2c407321e4e64752') in 0.018874 seconds
Number of updated asset objects reloaded before import = 0
Number of asset objects unloaded after import = 13
========================================================================
Received Import Request.
  Time since last request: 0.000014 seconds.
  path: Assets/3D Models/Props/Industrial/Pipeline/Update_1.03/Mesh/Small/sCap_04.FBX
  artifactKey: Guid(043aff31dc884934dacca6436c01f286) Importer(815301076,1909f56bfc062723c751e8b465ee728b)
Start importing Assets/3D Models/Props/Industrial/Pipeline/Update_1.03/Mesh/Small/sCap_04.FBX using Guid(043aff31dc884934dacca6436c01f286) Importer(815301076,1909f56bfc062723c751e8b465ee728b)  -> (artifact id: '7fc70c6978753468e449ba9859aa25ce') in 0.014717 seconds
Number of updated asset objects reloaded before import = 0
Number of asset objects unloaded after import = 12
========================================================================
Received Import Request.
  Time since last request: 0.000013 seconds.
  path: Assets/3D Models/Props/Industrial/Pipeline/Update_1.03/Mesh/Small/sBoltx17_03.FBX
  artifactKey: Guid(6f4f0770964a24b48ab7c89e776152f2) Importer(815301076,1909f56bfc062723c751e8b465ee728b)
Start importing Assets/3D Models/Props/Industrial/Pipeline/Update_1.03/Mesh/Small/sBoltx17_03.FBX using Guid(6f4f0770964a24b48ab7c89e776152f2) Importer(815301076,1909f56bfc062723c751e8b465ee728b)  -> (artifact id: '9cd93b8f2ffb4dd5bfb248c3fd6ba709') in 0.015235 seconds
Number of updated asset objects reloaded before import = 0
Number of asset objects unloaded after import = 12
========================================================================
Received Import Request.
  Time since last request: 0.000012 seconds.
  path: Assets/3D Models/Props/Industrial/Pipeline/Update_1.03/Mesh/Small/sPipe_07.FBX
  artifactKey: Guid(4d6128f0499b5934a8aade816382feaa) Importer(815301076,1909f56bfc062723c751e8b465ee728b)
Start importing Assets/3D Models/Props/Industrial/Pipeline/Update_1.03/Mesh/Small/sPipe_07.FBX using Guid(4d6128f0499b5934a8aade816382feaa) Importer(815301076,1909f56bfc062723c751e8b465ee728b)  -> (artifact id: '413bc268e3eb6aef8b1399c11aa8780a') in 0.018867 seconds
Number of updated asset objects reloaded before import = 0
Number of asset objects unloaded after import = 13
========================================================================
Received Import Request.
  Time since last request: 0.000013 seconds.
  path: Assets/3D Models/Props/Industrial/Pipeline/Update_1.03/Mesh/Small/sBoltx17_03_LOD0.FBX
  artifactKey: Guid(b0c7878569af4b64598d46a08b533350) Importer(815301076,1909f56bfc062723c751e8b465ee728b)
Start importing Assets/3D Models/Props/Industrial/Pipeline/Update_1.03/Mesh/Small/sBoltx17_03_LOD0.FBX using Guid(b0c7878569af4b64598d46a08b533350) Importer(815301076,1909f56bfc062723c751e8b465ee728b)  -> (artifact id: '4775092932bc64bdc8f70c38333271ea') in 0.015650 seconds
Number of updated asset objects reloaded before import = 0
Number of asset objects unloaded after import = 12
========================================================================
Received Import Request.
  Time since last request: 0.000016 seconds.
  path: Assets/3D Models/Props/Industrial/Pipeline/Update_1.03/Mesh/Small/sCap_04_LOD0.FBX
  artifactKey: Guid(9ba880c228095e24a80622c989096ae8) Importer(815301076,1909f56bfc062723c751e8b465ee728b)
Start importing Assets/3D Models/Props/Industrial/Pipeline/Update_1.03/Mesh/Small/sCap_04_LOD0.FBX using Guid(9ba880c228095e24a80622c989096ae8) Importer(815301076,1909f56bfc062723c751e8b465ee728b)  -> (artifact id: '103959f77f6d81d4f7af8578eee1dc4e') in 0.016928 seconds
Number of updated asset objects reloaded before import = 0
Number of asset objects unloaded after import = 12
========================================================================
Received Import Request.
  Time since last request: 9.384116 seconds.
  path: Assets/3D Models/Props/Industrial/Pipeline/Update_1.03/Prefabs/Medium/M_Bolt_White_x8.prefab
  artifactKey: Guid(6779940b4df95a245a64d8fd2e7d1084) Importer(815301076,1909f56bfc062723c751e8b465ee728b)
Start importing Assets/3D Models/Props/Industrial/Pipeline/Update_1.03/Prefabs/Medium/M_Bolt_White_x8.prefab using Guid(6779940b4df95a245a64d8fd2e7d1084) Importer(815301076,1909f56bfc062723c751e8b465ee728b)  -> (artifact id: 'a191fbd77ddc82c01df1adc8ac4aa259') in 0.012320 seconds
Number of updated asset objects reloaded before import = 0
Number of asset objects unloaded after import = 22
========================================================================
Received Import Request.
  Time since last request: 0.000013 seconds.
  path: Assets/3D Models/Props/Industrial/Pipeline/Update_1.03/Prefabs/Medium/M_Pipe_Corner180_Yellow_09.prefab
  artifactKey: Guid(ebd621b6c33578342a61386453a5db38) Importer(815301076,1909f56bfc062723c751e8b465ee728b)
Start importing Assets/3D Models/Props/Industrial/Pipeline/Update_1.03/Prefabs/Medium/M_Pipe_Corner180_Yellow_09.prefab using Guid(ebd621b6c33578342a61386453a5db38) Importer(815301076,1909f56bfc062723c751e8b465ee728b)  -> (artifact id: 'ab7918975ae8b6b7cea2d88b6fb960d6') in 0.015268 seconds
Number of updated asset objects reloaded before import = 0
Number of asset objects unloaded after import = 23
========================================================================
Received Import Request.
  Time since last request: 0.000013 seconds.
  path: Assets/3D Models/Props/Industrial/Pipeline/Update_1.03/Prefabs/Medium/M_Cap_Yellow_03.prefab
  artifactKey: Guid(a0d5b1a129763bd46b3294e0b04229b9) Importer(815301076,1909f56bfc062723c751e8b465ee728b)
Start importing Assets/3D Models/Props/Industrial/Pipeline/Update_1.03/Prefabs/Medium/M_Cap_Yellow_03.prefab using Guid(a0d5b1a129763bd46b3294e0b04229b9) Importer(815301076,1909f56bfc062723c751e8b465ee728b)  -> (artifact id: '03b4f207161934d6375d47b6bd9a0c00') in 0.014112 seconds
Number of updated asset objects reloaded before import = 0
Number of asset objects unloaded after import = 23
========================================================================
Received Import Request.
  Time since last request: 0.000019 seconds.
  path: Assets/3D Models/Props/Industrial/Pipeline/Update_1.03/Prefabs/Medium/M_Pipe_Corner90_Yellow_16.prefab
  artifactKey: Guid(2c4516569cc55cf48b4333e9e6c196c0) Importer(815301076,1909f56bfc062723c751e8b465ee728b)
Start importing Assets/3D Models/Props/Industrial/Pipeline/Update_1.03/Prefabs/Medium/M_Pipe_Corner90_Yellow_16.prefab using Guid(2c4516569cc55cf48b4333e9e6c196c0) Importer(815301076,1909f56bfc062723c751e8b465ee728b)  -> (artifact id: 'deb1fffd4809c87f1d047eadd52af7ae') in 0.012924 seconds
Number of updated asset objects reloaded before import = 0
Number of asset objects unloaded after import = 24
========================================================================
Received Import Request.
  Time since last request: 0.000012 seconds.
  path: Assets/3D Models/Props/Industrial/Pipeline/Update_1.03/Prefabs/Medium/M_Pipe_Corner180_White_10.prefab
  artifactKey: Guid(c77dd6bd49d0d6d479f3c0f508aca84b) Importer(815301076,1909f56bfc062723c751e8b465ee728b)
Start importing Assets/3D Models/Props/Industrial/Pipeline/Update_1.03/Prefabs/Medium/M_Pipe_Corner180_White_10.prefab using Guid(c77dd6bd49d0d6d479f3c0f508aca84b) Importer(815301076,1909f56bfc062723c751e8b465ee728b)  -> (artifact id: '99b6032b8f7ba7f49729e513225460c9') in 0.014492 seconds
Number of updated asset objects reloaded before import = 0
Number of asset objects unloaded after import = 23
========================================================================
Received Import Request.
  Time since last request: 0.000011 seconds.
  path: Assets/3D Models/Props/Industrial/Pipeline/Update_1.03/Prefabs/Medium/M_Cap_Yellow_01.prefab
  artifactKey: Guid(1aba02693495cbb4e9b6c9065dffaff9) Importer(815301076,1909f56bfc062723c751e8b465ee728b)
Start importing Assets/3D Models/Props/Industrial/Pipeline/Update_1.03/Prefabs/Medium/M_Cap_Yellow_01.prefab using Guid(1aba02693495cbb4e9b6c9065dffaff9) Importer(815301076,1909f56bfc062723c751e8b465ee728b)  -> (artifact id: '4b05e11df7ad902581da8a33474b5c5c') in 0.014031 seconds
Number of updated asset objects reloaded before import = 0
Number of asset objects unloaded after import = 23
========================================================================
Received Import Request.
  Time since last request: 0.000012 seconds.
  path: Assets/3D Models/Props/Industrial/Pipeline/Update_1.03/Prefabs/Medium/M_Pipe_Corner90_Yellow_13.prefab
  artifactKey: Guid(6e24f27baab3b1c45bed077c830fbc94) Importer(815301076,1909f56bfc062723c751e8b465ee728b)
Start importing Assets/3D Models/Props/Industrial/Pipeline/Update_1.03/Prefabs/Medium/M_Pipe_Corner90_Yellow_13.prefab using Guid(6e24f27baab3b1c45bed077c830fbc94) Importer(815301076,1909f56bfc062723c751e8b465ee728b)  -> (artifact id: 'aca880f5591eaca8360ac2350e68ebd4') in 0.014648 seconds
Number of updated asset objects reloaded before import = 0
Number of asset objects unloaded after import = 24
========================================================================
Received Import Request.
  Time since last request: 0.000012 seconds.
  path: Assets/3D Models/Props/Industrial/Pipeline/Update_1.03/Prefabs/Medium/M_Bolt_Yellow_x17.prefab
  artifactKey: Guid(31be86ded9ad99249b6357c2e8fbb633) Importer(815301076,1909f56bfc062723c751e8b465ee728b)
Start importing Assets/3D Models/Props/Industrial/Pipeline/Update_1.03/Prefabs/Medium/M_Bolt_Yellow_x17.prefab using Guid(31be86ded9ad99249b6357c2e8fbb633) Importer(815301076,1909f56bfc062723c751e8b465ee728b)  -> (artifact id: 'bb8f4660cedc0f22362eef394f9462a5') in 0.013339 seconds
Number of updated asset objects reloaded before import = 0
Number of asset objects unloaded after import = 22
========================================================================
Received Import Request.
  Time since last request: 0.000013 seconds.
  path: Assets/3D Models/Props/Industrial/Pipeline/Update_1.03/Prefabs/Medium/M_Pipe_Corner90_White_16.prefab
  artifactKey: Guid(ab785baba58e2b846b91e763619466d3) Importer(815301076,1909f56bfc062723c751e8b465ee728b)
Start importing Assets/3D Models/Props/Industrial/Pipeline/Update_1.03/Prefabs/Medium/M_Pipe_Corner90_White_16.prefab using Guid(ab785baba58e2b846b91e763619466d3) Importer(815301076,1909f56bfc062723c751e8b465ee728b)  -> (artifact id: 'c7793a6f8492b4dc25c3afb5a06fa268') in 0.015237 seconds
Number of updated asset objects reloaded before import = 0
Number of asset objects unloaded after import = 24
========================================================================
Received Import Request.
  Time since last request: 0.000014 seconds.
  path: Assets/3D Models/Props/Industrial/Pipeline/Update_1.03/Prefabs/Medium/M_Pipe_Corner30_White_11.prefab
  artifactKey: Guid(eaaaa98cf534b094bbf9be1044034e0f) Importer(815301076,1909f56bfc062723c751e8b465ee728b)
Start importing Assets/3D Models/Props/Industrial/Pipeline/Update_1.03/Prefabs/Medium/M_Pipe_Corner30_White_11.prefab using Guid(eaaaa98cf534b094bbf9be1044034e0f) Importer(815301076,1909f56bfc062723c751e8b465ee728b)  -> (artifact id: '56029c2777c40bb73fe18bbaa9a60cbb') in 0.013693 seconds
Number of updated asset objects reloaded before import = 0
Number of asset objects unloaded after import = 24
========================================================================
Received Import Request.
  Time since last request: 0.842932 seconds.
  path: Assets/3D Models/Props/Industrial/Pipeline/Update_1.03/Prefabs/Medium/M_Pipe_L25_White_04.prefab
  artifactKey: Guid(d565ef52a10eabd469032897856eb67b) Importer(815301076,1909f56bfc062723c751e8b465ee728b)
Start importing Assets/3D Models/Props/Industrial/Pipeline/Update_1.03/Prefabs/Medium/M_Pipe_L25_White_04.prefab using Guid(d565ef52a10eabd469032897856eb67b) Importer(815301076,1909f56bfc062723c751e8b465ee728b)  -> (artifact id: '9d41668aa6721acae6846440e8d54a08') in 0.017096 seconds
Number of updated asset objects reloaded before import = 0
Number of asset objects unloaded after import = 24
========================================================================
Received Import Request.
  Time since last request: 0.000012 seconds.
  path: Assets/3D Models/Props/Industrial/Pipeline/Update_1.03/Prefabs/Medium/M_Pipe_L100_Yellow_01.prefab
  artifactKey: Guid(73ce829c3b3b86b49bb6f159a8a8c9e4) Importer(815301076,1909f56bfc062723c751e8b465ee728b)
Start importing Assets/3D Models/Props/Industrial/Pipeline/Update_1.03/Prefabs/Medium/M_Pipe_L100_Yellow_01.prefab using Guid(73ce829c3b3b86b49bb6f159a8a8c9e4) Importer(815301076,1909f56bfc062723c751e8b465ee728b)  -> (artifact id: '00b84c2ec065e2b7044877191bae4b06') in 0.016375 seconds
Number of updated asset objects reloaded before import = 0
Number of asset objects unloaded after import = 24
========================================================================
Received Import Request.
  Time since last request: 0.450906 seconds.
  path: Assets/3D Models/Props/Industrial/Pipeline/Update_1.03/Prefabs/Medium/M_Pipe_L200_Yellow_02.prefab
  artifactKey: Guid(786d0dc17d64427478c409bf1d2de1c9) Importer(815301076,1909f56bfc062723c751e8b465ee728b)
Start importing Assets/3D Models/Props/Industrial/Pipeline/Update_1.03/Prefabs/Medium/M_Pipe_L200_Yellow_02.prefab using Guid(786d0dc17d64427478c409bf1d2de1c9) Importer(815301076,1909f56bfc062723c751e8b465ee728b)  -> (artifact id: '02479496ac37acd1d5b971272b4f80ae') in 0.015049 seconds
Number of updated asset objects reloaded before import = 0
Number of asset objects unloaded after import = 24
========================================================================
Received Import Request.
  Time since last request: 0.000011 seconds.
  path: Assets/3D Models/Props/Industrial/Pipeline/Update_1.03/Prefabs/Medium/M_Pipe_White_06.prefab
  artifactKey: Guid(15d992c9b8c49774a869c8f7ee5fe365) Importer(815301076,1909f56bfc062723c751e8b465ee728b)
Start importing Assets/3D Models/Props/Industrial/Pipeline/Update_1.03/Prefabs/Medium/M_Pipe_White_06.prefab using Guid(15d992c9b8c49774a869c8f7ee5fe365) Importer(815301076,1909f56bfc062723c751e8b465ee728b)  -> (artifact id: 'bb0f70fc4aa4e4f1e7ee03d933eea3eb') in 0.015435 seconds
Number of updated asset objects reloaded before import = 0
Number of asset objects unloaded after import = 24
========================================================================
Received Import Request.
  Time since last request: 0.000472 seconds.
  path: Assets/3D Models/Props/Industrial/Pipeline/Update_1.03/Prefabs/Medium/M_Pipe_Yellow_06.prefab
  artifactKey: Guid(04cff2f7ed6e17a4da0f9c28bff7e4f5) Importer(815301076,1909f56bfc062723c751e8b465ee728b)
Start importing Assets/3D Models/Props/Industrial/Pipeline/Update_1.03/Prefabs/Medium/M_Pipe_Yellow_06.prefab using Guid(04cff2f7ed6e17a4da0f9c28bff7e4f5) Importer(815301076,1909f56bfc062723c751e8b465ee728b)  -> (artifact id: '9a1ff12dfdfed81918dbf0038567ab1c') in 0.013799 seconds
Number of updated asset objects reloaded before import = 0
Number of asset objects unloaded after import = 24
========================================================================
Received Import Request.
  Time since last request: 0.000013 seconds.
  path: Assets/3D Models/Props/Industrial/Pipeline/Update_1.03/Prefabs/Medium/M_PipeValve_Yellow_01.prefab
  artifactKey: Guid(d0ac556fbff14254bb8856e03f21f467) Importer(815301076,1909f56bfc062723c751e8b465ee728b)
Start importing Assets/3D Models/Props/Industrial/Pipeline/Update_1.03/Prefabs/Medium/M_PipeValve_Yellow_01.prefab using Guid(d0ac556fbff14254bb8856e03f21f467) Importer(815301076,1909f56bfc062723c751e8b465ee728b)  -> (artifact id: '63753dbf2dcb3fd5d1787e94bd2a3588') in 0.012941 seconds
Number of updated asset objects reloaded before import = 0
Number of asset objects unloaded after import = 24
========================================================================
Received Import Request.
  Time since last request: 0.000014 seconds.
  path: Assets/3D Models/Props/Industrial/Pipeline/Update_1.03/Prefabs/Medium/M_Pipe_Yellow_08.prefab
  artifactKey: Guid(0bb30f10b39f8814594ae8d1337f3148) Importer(815301076,1909f56bfc062723c751e8b465ee728b)
Start importing Assets/3D Models/Props/Industrial/Pipeline/Update_1.03/Prefabs/Medium/M_Pipe_Yellow_08.prefab using Guid(0bb30f10b39f8814594ae8d1337f3148) Importer(815301076,1909f56bfc062723c751e8b465ee728b)  -> (artifact id: '3a897aff5ff4def30b057d755a34dbf5') in 0.015192 seconds
Number of updated asset objects reloaded before import = 0
Number of asset objects unloaded after import = 24
========================================================================
Received Import Request.
  Time since last request: 0.282922 seconds.
  path: Assets/3D Models/Props/Industrial/Pipeline/Update_1.03/Prefabs/Medium/M_Support_Full_02.prefab
  artifactKey: Guid(97aab9c1a5948c646a980527f03ebbc4) Importer(815301076,1909f56bfc062723c751e8b465ee728b)
Start importing Assets/3D Models/Props/Industrial/Pipeline/Update_1.03/Prefabs/Medium/M_Support_Full_02.prefab using Guid(97aab9c1a5948c646a980527f03ebbc4) Importer(815301076,1909f56bfc062723c751e8b465ee728b)  -> (artifact id: '53abda61b4a25e567767ab8dc3140bc1') in 0.013451 seconds
Number of updated asset objects reloaded before import = 0
Number of asset objects unloaded after import = 24
========================================================================
Received Import Request.
  Time since last request: 0.000012 seconds.
  path: Assets/3D Models/Props/Industrial/Pipeline/Update_1.03/Prefabs/Medium/M_Support_Full_021.prefab
  artifactKey: Guid(e78efadf38239db4bab5e31fb7bb8e3a) Importer(815301076,1909f56bfc062723c751e8b465ee728b)
Start importing Assets/3D Models/Props/Industrial/Pipeline/Update_1.03/Prefabs/Medium/M_Support_Full_021.prefab using Guid(e78efadf38239db4bab5e31fb7bb8e3a) Importer(815301076,1909f56bfc062723c751e8b465ee728b)  -> (artifact id: '0615c379e7174b969174a242e46dfa69') in 0.016658 seconds
Number of updated asset objects reloaded before import = 0
Number of asset objects unloaded after import = 37
========================================================================
Received Import Request.
  Time since last request: 0.000012 seconds.
  path: Assets/3D Models/Props/Industrial/Pipeline/Update_1.03/Prefabs/Medium/M_Valve02_Yellow_BoltX8_02.prefab
  artifactKey: Guid(c1a9937772fc7c9499007e6a4a9c9986) Importer(815301076,1909f56bfc062723c751e8b465ee728b)
Start importing Assets/3D Models/Props/Industrial/Pipeline/Update_1.03/Prefabs/Medium/M_Valve02_Yellow_BoltX8_02.prefab using Guid(c1a9937772fc7c9499007e6a4a9c9986) Importer(815301076,1909f56bfc062723c751e8b465ee728b)  -> (artifact id: 'f0f41745ce7b3cd0388573f8aaf7639f') in 0.020364 seconds
Number of updated asset objects reloaded before import = 0
Number of asset objects unloaded after import = 56
========================================================================
Received Import Request.
  Time since last request: 0.000013 seconds.
  path: Assets/3D Models/Props/Industrial/Pipeline/Update_1.03/Prefabs/Medium/M_Valve_Handle_White_02.prefab
  artifactKey: Guid(defe1f15e7d28d542918dc6a7f6d3d86) Importer(815301076,1909f56bfc062723c751e8b465ee728b)
Start importing Assets/3D Models/Props/Industrial/Pipeline/Update_1.03/Prefabs/Medium/M_Valve_Handle_White_02.prefab using Guid(defe1f15e7d28d542918dc6a7f6d3d86) Importer(815301076,1909f56bfc062723c751e8b465ee728b)  -> (artifact id: '87241788bb4e260271f7149eb1fb4152') in 0.014862 seconds
Number of updated asset objects reloaded before import = 0
Number of asset objects unloaded after import = 23
========================================================================
Received Import Request.
  Time since last request: 0.000013 seconds.
  path: Assets/3D Models/Props/Industrial/Pipeline/Update_1.03/Prefabs/Medium/M_Valve01_Yellow_BoltX17_01.prefab
  artifactKey: Guid(6ed7d6f134b20a245ba77ecf6c89e383) Importer(815301076,1909f56bfc062723c751e8b465ee728b)
Start importing Assets/3D Models/Props/Industrial/Pipeline/Update_1.03/Prefabs/Medium/M_Valve01_Yellow_BoltX17_01.prefab using Guid(6ed7d6f134b20a245ba77ecf6c89e383) Importer(815301076,1909f56bfc062723c751e8b465ee728b)  -> (artifact id: 'd107c3db8fe7166210eacc66eccb226a') in 0.019207 seconds
Number of updated asset objects reloaded before import = 0
Number of asset objects unloaded after import = 57
========================================================================
Received Import Request.
  Time since last request: 0.306610 seconds.
  path: Assets/3D Models/Props/Industrial/Pipeline/Update_1.03/Prefabs/Medium/M_Valve_Handle_Yellow_02.prefab
  artifactKey: Guid(4647f550b9552774bb26041560d5def4) Importer(815301076,1909f56bfc062723c751e8b465ee728b)
Start importing Assets/3D Models/Props/Industrial/Pipeline/Update_1.03/Prefabs/Medium/M_Valve_Handle_Yellow_02.prefab using Guid(4647f550b9552774bb26041560d5def4) Importer(815301076,1909f56bfc062723c751e8b465ee728b)  -> (artifact id: '51ed04c70febc46ada5767b82b4583e6') in 0.013376 seconds
Number of updated asset objects reloaded before import = 0
Number of asset objects unloaded after import = 23
========================================================================
Received Import Request.
  Time since last request: 182.989837 seconds.
  path: Assets/TextMesh Pro/Examples & Extras/Resources/Fonts & Materials/Anton SDF - Outline.mat
  artifactKey: Guid(a00013af81304728b2be1f4309ee2433) Importer(815301076,1909f56bfc062723c751e8b465ee728b)
Start importing Assets/TextMesh Pro/Examples & Extras/Resources/Fonts & Materials/Anton SDF - Outline.mat using Guid(a00013af81304728b2be1f4309ee2433) Importer(815301076,1909f56bfc062723c751e8b465ee728b)  -> (artifact id: 'ca1006b9bd999862216ed75ee42af1a7') in 0.034022 seconds
Number of updated asset objects reloaded before import = 0
Number of asset objects unloaded after import = 3
========================================================================
Received Import Request.
  Time since last request: 0.000017 seconds.
  path: Assets/TextMesh Pro/Examples & Extras/Resources/Fonts & Materials/Bangers SDF Glow.mat
  artifactKey: Guid(d75b8f41e959450c84ac6e967084d3e1) Importer(815301076,1909f56bfc062723c751e8b465ee728b)
Start importing Assets/TextMesh Pro/Examples & Extras/Resources/Fonts & Materials/Bangers SDF Glow.mat using Guid(d75b8f41e959450c84ac6e967084d3e1) Importer(815301076,1909f56bfc062723c751e8b465ee728b)  -> (artifact id: 'd03f76778191559339e91fd99c78f829') in 0.027910 seconds
Number of updated asset objects reloaded before import = 0
Number of asset objects unloaded after import = 4
========================================================================
Received Import Request.
  Time since last request: 0.000020 seconds.
  path: Assets/TextMesh Pro/Examples & Extras/Resources/Fonts & Materials/Bangers SDF - Outline.mat
  artifactKey: Guid(f629c6e43dba4bf38cb74d8860150664) Importer(815301076,1909f56bfc062723c751e8b465ee728b)
Start importing Assets/TextMesh Pro/Examples & Extras/Resources/Fonts & Materials/Bangers SDF - Outline.mat using Guid(f629c6e43dba4bf38cb74d8860150664) Importer(815301076,1909f56bfc062723c751e8b465ee728b)  -> (artifact id: '4c49b9d661f9e598169dbb74827b3db9') in 0.012919 seconds
Number of updated asset objects reloaded before import = 0
Number of asset objects unloaded after import = 3
========================================================================
Received Import Request.
  Time since last request: 0.000012 seconds.
  path: Assets/TextMesh Pro/Examples & Extras/Resources/Fonts & Materials/Bangers SDF Logo.mat
  artifactKey: Guid(f4e195ac1e204eff960149d1cb34e18c) Importer(815301076,1909f56bfc062723c751e8b465ee728b)
Start importing Assets/TextMesh Pro/Examples & Extras/Resources/Fonts & Materials/Bangers SDF Logo.mat using Guid(f4e195ac1e204eff960149d1cb34e18c) Importer(815301076,1909f56bfc062723c751e8b465ee728b)  -> (artifact id: '1dad5287b3fc393abbab291877248c64') in 0.015647 seconds
Number of updated asset objects reloaded before import = 0
Number of asset objects unloaded after import = 5
========================================================================
Received Import Request.
  Time since last request: 0.000020 seconds.
  path: Assets/TextMesh Pro/Examples & Extras/Resources/Fonts & Materials/Electronic Highway Sign SDF.asset
  artifactKey: Guid(dc36b3fdc14f47ebb36fd484a67e268a) Importer(815301076,1909f56bfc062723c751e8b465ee728b)
Start importing Assets/TextMesh Pro/Examples & Extras/Resources/Fonts & Materials/Electronic Highway Sign SDF.asset using Guid(dc36b3fdc14f47ebb36fd484a67e268a) Importer(815301076,1909f56bfc062723c751e8b465ee728b)  -> (artifact id: 'f7d80c39896aab1d5cc28e67283f983f') in 0.031047 seconds
Number of updated asset objects reloaded before import = 0
Number of asset objects unloaded after import = 7
========================================================================
Received Import Request.
  Time since last request: 0.000012 seconds.
  path: Assets/TextMesh Pro/Examples & Extras/Resources/Fonts & Materials/Anton SDF.asset
  artifactKey: Guid(8a89fa14b10d46a99122fd4f73fca9a2) Importer(815301076,1909f56bfc062723c751e8b465ee728b)
Start importing Assets/TextMesh Pro/Examples & Extras/Resources/Fonts & Materials/Anton SDF.asset using Guid(8a89fa14b10d46a99122fd4f73fca9a2) Importer(815301076,1909f56bfc062723c751e8b465ee728b)  -> (artifact id: '590d8e5c255210d76d20c2b2705e9dd4') in 0.018443 seconds
Number of updated asset objects reloaded before import = 0
Number of asset objects unloaded after import = 7
========================================================================
Received Import Request.
  Time since last request: 0.000013 seconds.
  path: Assets/TextMesh Pro/Examples & Extras/Resources/Fonts & Materials/Anton SDF - Sunny Days.mat
  artifactKey: Guid(6522f30e342599e4e9dd4cc2cc03c830) Importer(815301076,1909f56bfc062723c751e8b465ee728b)
Start importing Assets/TextMesh Pro/Examples & Extras/Resources/Fonts & Materials/Anton SDF - Sunny Days.mat using Guid(6522f30e342599e4e9dd4cc2cc03c830) Importer(815301076,1909f56bfc062723c751e8b465ee728b)  -> (artifact id: '3994cc70b50d4b6b9b77fb064aec9d98') in 0.031434 seconds
Number of updated asset objects reloaded before import = 0
Number of asset objects unloaded after import = 5
========================================================================
Received Import Request.
  Time since last request: 0.000011 seconds.
  path: Assets/TextMesh Pro/Examples & Extras/Resources/Fonts & Materials/Bangers SDF - Drop Shadow.mat
  artifactKey: Guid(f2dcf029949142e28b974630369c8b4e) Importer(815301076,1909f56bfc062723c751e8b465ee728b)
Start importing Assets/TextMesh Pro/Examples & Extras/Resources/Fonts & Materials/Bangers SDF - Drop Shadow.mat using Guid(f2dcf029949142e28b974630369c8b4e) Importer(815301076,1909f56bfc062723c751e8b465ee728b)  -> (artifact id: '4db8f1b49a8752a9d80993358574804a') in 0.015884 seconds
Number of updated asset objects reloaded before import = 0
Number of asset objects unloaded after import = 3
========================================================================
Received Import Request.
  Time since last request: 1.325293 seconds.
  path: Assets/3D Models/Props/Industrial/Pipeline/Update_1.00/Mesh/01_LOD0.FBX
  artifactKey: Guid(192bc9f61f581d348a769e7d2e682821) Importer(815301076,1909f56bfc062723c751e8b465ee728b)
Start importing Assets/3D Models/Props/Industrial/Pipeline/Update_1.00/Mesh/01_LOD0.FBX using Guid(192bc9f61f581d348a769e7d2e682821) Importer(815301076,1909f56bfc062723c751e8b465ee728b)  -> (artifact id: '0378e5d793865de6aeb80fadb60a8061') in 0.013588 seconds
Number of updated asset objects reloaded before import = 0
Number of asset objects unloaded after import = 13
========================================================================
Received Import Request.
  Time since last request: 0.000017 seconds.
  path: Assets/3D Models/Props/Industrial/Pipeline/Update_1.00/Mesh/10.FBX
  artifactKey: Guid(97588ec25f28db44ab94544d2ab2f7e9) Importer(815301076,1909f56bfc062723c751e8b465ee728b)
Start importing Assets/3D Models/Props/Industrial/Pipeline/Update_1.00/Mesh/10.FBX using Guid(97588ec25f28db44ab94544d2ab2f7e9) Importer(815301076,1909f56bfc062723c751e8b465ee728b)  -> (artifact id: '87c544ae0bb04423f9bbd83e5c4e76aa') in 0.013646 seconds
Number of updated asset objects reloaded before import = 0
Number of asset objects unloaded after import = 13
========================================================================
Received Import Request.
  Time since last request: 0.000012 seconds.
  path: Assets/3D Models/Props/Industrial/Pipeline/Update_1.03/Mesh/Cap_02.FBX
  artifactKey: Guid(72453425d75eb6a438015d5b05f70f61) Importer(815301076,1909f56bfc062723c751e8b465ee728b)
Start importing Assets/3D Models/Props/Industrial/Pipeline/Update_1.03/Mesh/Cap_02.FBX using Guid(72453425d75eb6a438015d5b05f70f61) Importer(815301076,1909f56bfc062723c751e8b465ee728b)  -> (artifact id: '2d6a65c4003bf20925adb9f41e4090be') in 0.014758 seconds
Number of updated asset objects reloaded before import = 0
Number of asset objects unloaded after import = 12
========================================================================
Received Import Request.
  Time since last request: 0.000019 seconds.
  path: Assets/3D Models/Props/Industrial/Pipeline/Update_1.00/Mesh/06_LOD0.FBX
  artifactKey: Guid(d0985de405d29e94ebb2df1917d22a96) Importer(815301076,1909f56bfc062723c751e8b465ee728b)
Start importing Assets/3D Models/Props/Industrial/Pipeline/Update_1.00/Mesh/06_LOD0.FBX using Guid(d0985de405d29e94ebb2df1917d22a96) Importer(815301076,1909f56bfc062723c751e8b465ee728b)  -> (artifact id: '389219ea825c4dd8308b7d8a89e59e89') in 0.014590 seconds
Number of updated asset objects reloaded before import = 0
Number of asset objects unloaded after import = 13
========================================================================
Received Import Request.
  Time since last request: 0.000013 seconds.
  path: Assets/3D Models/Props/Industrial/Pipeline/Update_1.03/Mesh/Bolt_x17_03_LOD0.FBX
  artifactKey: Guid(1c5f21fca0c77634485c1032f872fd16) Importer(815301076,1909f56bfc062723c751e8b465ee728b)
Start importing Assets/3D Models/Props/Industrial/Pipeline/Update_1.03/Mesh/Bolt_x17_03_LOD0.FBX using Guid(1c5f21fca0c77634485c1032f872fd16) Importer(815301076,1909f56bfc062723c751e8b465ee728b)  -> (artifact id: '799d84eb6168a30c3b1e015641e04627') in 0.018501 seconds
Number of updated asset objects reloaded before import = 0
Number of asset objects unloaded after import = 12
========================================================================
Received Import Request.
  Time since last request: 0.000011 seconds.
  path: Assets/3D Models/Props/Industrial/Pipeline/Update_1.03/Mesh/Cap_01_LOD0.FBX
  artifactKey: Guid(aa78ef99900dc8944893f416c1a0445e) Importer(815301076,1909f56bfc062723c751e8b465ee728b)
Start importing Assets/3D Models/Props/Industrial/Pipeline/Update_1.03/Mesh/Cap_01_LOD0.FBX using Guid(aa78ef99900dc8944893f416c1a0445e) Importer(815301076,1909f56bfc062723c751e8b465ee728b)  -> (artifact id: '4c9e11e7ec4fedf14d47422f9f63960c') in 0.009814 seconds
Number of updated asset objects reloaded before import = 0
Number of asset objects unloaded after import = 12
========================================================================
Received Import Request.
  Time since last request: 0.000011 seconds.
  path: Assets/3D Models/Props/Industrial/Pipeline/Update_1.00/Mesh/18.FBX
  artifactKey: Guid(7c658484452696e4bb12a5c91d2120a7) Importer(815301076,1909f56bfc062723c751e8b465ee728b)
Start importing Assets/3D Models/Props/Industrial/Pipeline/Update_1.00/Mesh/18.FBX using Guid(7c658484452696e4bb12a5c91d2120a7) Importer(815301076,1909f56bfc062723c751e8b465ee728b)  -> (artifact id: '587fb7148349561ff14b01b731bd0477') in 0.014621 seconds
Number of updated asset objects reloaded before import = 0
Number of asset objects unloaded after import = 13
========================================================================
Received Import Request.
  Time since last request: 0.000012 seconds.
  path: Assets/3D Models/Props/Industrial/Pipeline/Update_1.03/Mesh/Cap_04.FBX
  artifactKey: Guid(57cd37a5b456ef143b61878d2cdeec52) Importer(815301076,1909f56bfc062723c751e8b465ee728b)
Start importing Assets/3D Models/Props/Industrial/Pipeline/Update_1.03/Mesh/Cap_04.FBX using Guid(57cd37a5b456ef143b61878d2cdeec52) Importer(815301076,1909f56bfc062723c751e8b465ee728b)  -> (artifact id: 'd405b80df6aa6d677a27af99f0ec7d40') in 0.017281 seconds
Number of updated asset objects reloaded before import = 0
Number of asset objects unloaded after import = 12
========================================================================
Received Import Request.
  Time since last request: 0.000019 seconds.
  path: Assets/3D Models/Props/Industrial/Pipeline/Update_1.00/Mesh/16.FBX
  artifactKey: Guid(036bd3bef340abf468b94d5043b4b3dc) Importer(815301076,1909f56bfc062723c751e8b465ee728b)
Start importing Assets/3D Models/Props/Industrial/Pipeline/Update_1.00/Mesh/16.FBX using Guid(036bd3bef340abf468b94d5043b4b3dc) Importer(815301076,1909f56bfc062723c751e8b465ee728b)  -> (artifact id: 'de58d2a14074ae22cd25383ce96325b8') in 0.013504 seconds
Number of updated asset objects reloaded before import = 0
Number of asset objects unloaded after import = 12
========================================================================
Received Import Request.
  Time since last request: 0.000022 seconds.
  path: Assets/3D Models/Props/Industrial/Pipeline/Update_1.03/Mesh/Bolt_x8_02.FBX
  artifactKey: Guid(727b36bf29ffcc34aa6b4d0cc42b85e3) Importer(815301076,1909f56bfc062723c751e8b465ee728b)
Start importing Assets/3D Models/Props/Industrial/Pipeline/Update_1.03/Mesh/Bolt_x8_02.FBX using Guid(727b36bf29ffcc34aa6b4d0cc42b85e3) Importer(815301076,1909f56bfc062723c751e8b465ee728b)  -> (artifact id: 'f7a518ca6a176f76dfcd78e39008a626') in 0.009259 seconds
Number of updated asset objects reloaded before import = 0
Number of asset objects unloaded after import = 12
========================================================================
Received Import Request.
  Time since last request: 0.000013 seconds.
  path: Assets/3D Models/Props/Industrial/Pipeline/Update_1.00/Mesh/13_LOD0.FBX
  artifactKey: Guid(d68ad7f4f30a2b84cb505460988a53c1) Importer(815301076,1909f56bfc062723c751e8b465ee728b)
Start importing Assets/3D Models/Props/Industrial/Pipeline/Update_1.00/Mesh/13_LOD0.FBX using Guid(d68ad7f4f30a2b84cb505460988a53c1) Importer(815301076,1909f56bfc062723c751e8b465ee728b)  -> (artifact id: 'eb42705869a499a21eb03398d3379193') in 0.015340 seconds
Number of updated asset objects reloaded before import = 0
Number of asset objects unloaded after import = 13
========================================================================
Received Import Request.
  Time since last request: 0.000012 seconds.
  path: Assets/3D Models/Props/Industrial/Pipeline/Update_1.00/Mesh/08.FBX
  artifactKey: Guid(1882f34168fde834fa7a9caaa56e80b9) Importer(815301076,1909f56bfc062723c751e8b465ee728b)
Start importing Assets/3D Models/Props/Industrial/Pipeline/Update_1.00/Mesh/08.FBX using Guid(1882f34168fde834fa7a9caaa56e80b9) Importer(815301076,1909f56bfc062723c751e8b465ee728b)  -> (artifact id: 'ad266089b11ef04fbf28298dbacfe203') in 0.011673 seconds
Number of updated asset objects reloaded before import = 0
Number of asset objects unloaded after import = 13
========================================================================
Received Import Request.
  Time since last request: 0.000011 seconds.
  path: Assets/3D Models/Props/Industrial/Pipeline/Update_1.00/Mesh/04.FBX
  artifactKey: Guid(5c4b69135445af34b8cc6ca05f7b8683) Importer(815301076,1909f56bfc062723c751e8b465ee728b)
Start importing Assets/3D Models/Props/Industrial/Pipeline/Update_1.00/Mesh/04.FBX using Guid(5c4b69135445af34b8cc6ca05f7b8683) Importer(815301076,1909f56bfc062723c751e8b465ee728b)  -> (artifact id: 'e894d7023dbcfb7ad0642df7e7a7d064') in 0.011985 seconds
Number of updated asset objects reloaded before import = 0
Number of asset objects unloaded after import = 13
========================================================================
Received Import Request.
  Time since last request: 0.000012 seconds.
  path: Assets/3D Models/Props/Industrial/Pipeline/Update_1.03/Mesh/Bolt_x17_03.FBX
  artifactKey: Guid(1c76b39eadb26484ebc4fe16f5fb36c2) Importer(815301076,1909f56bfc062723c751e8b465ee728b)
Start importing Assets/3D Models/Props/Industrial/Pipeline/Update_1.03/Mesh/Bolt_x17_03.FBX using Guid(1c76b39eadb26484ebc4fe16f5fb36c2) Importer(815301076,1909f56bfc062723c751e8b465ee728b)  -> (artifact id: 'db62a8a85c83df49525931cf54e49157') in 0.013722 seconds
Number of updated asset objects reloaded before import = 0
Number of asset objects unloaded after import = 12
========================================================================
Received Import Request.
  Time since last request: 0.000015 seconds.
  path: Assets/3D Models/Props/Industrial/Pipeline/Update_1.00/Mesh/10_LOD0.FBX
  artifactKey: Guid(591e05b05c2794746bc7e7d408afb797) Importer(815301076,1909f56bfc062723c751e8b465ee728b)
Start importing Assets/3D Models/Props/Industrial/Pipeline/Update_1.00/Mesh/10_LOD0.FBX using Guid(591e05b05c2794746bc7e7d408afb797) Importer(815301076,1909f56bfc062723c751e8b465ee728b)  -> (artifact id: '36e1f561ed8537f506d4a3f1ba6bb562') in 0.014566 seconds
Number of updated asset objects reloaded before import = 0
Number of asset objects unloaded after import = 13
========================================================================
Received Import Request.
  Time since last request: 0.000013 seconds.
  path: Assets/3D Models/Props/Industrial/Pipeline/Update_1.00/Mesh/09.FBX
  artifactKey: Guid(6bf26fcf204ae8f428be6d25c9a9c075) Importer(815301076,1909f56bfc062723c751e8b465ee728b)
Start importing Assets/3D Models/Props/Industrial/Pipeline/Update_1.00/Mesh/09.FBX using Guid(6bf26fcf204ae8f428be6d25c9a9c075) Importer(815301076,1909f56bfc062723c751e8b465ee728b)  -> (artifact id: '75e1bc855caf1bcdc1c51ad685fb74ac') in 0.013254 seconds
Number of updated asset objects reloaded before import = 0
Number of asset objects unloaded after import = 13
========================================================================
Received Import Request.
  Time since last request: 0.000012 seconds.
  path: Assets/3D Models/Props/Industrial/Pipeline/Update_1.03/Mesh/Cap_04_LOD0.FBX
  artifactKey: Guid(793b910649a382743bb496de12a44cbb) Importer(815301076,1909f56bfc062723c751e8b465ee728b)
Start importing Assets/3D Models/Props/Industrial/Pipeline/Update_1.03/Mesh/Cap_04_LOD0.FBX using Guid(793b910649a382743bb496de12a44cbb) Importer(815301076,1909f56bfc062723c751e8b465ee728b)  -> (artifact id: 'ccc0c2d629522d07808af0b3e1c3f930') in 0.009334 seconds
Number of updated asset objects reloaded before import = 0
Number of asset objects unloaded after import = 12
========================================================================
Received Import Request.
  Time since last request: 0.000012 seconds.
  path: Assets/3D Models/Props/Industrial/Pipeline/Update_1.00/Mesh/16_LOD0.FBX
  artifactKey: Guid(20d18bcde23cdfb4a89729ff5ac9b33e) Importer(815301076,1909f56bfc062723c751e8b465ee728b)
Start importing Assets/3D Models/Props/Industrial/Pipeline/Update_1.00/Mesh/16_LOD0.FBX using Guid(20d18bcde23cdfb4a89729ff5ac9b33e) Importer(815301076,1909f56bfc062723c751e8b465ee728b)  -> (artifact id: 'd2200fcc88aa37d682ac597b5462136a') in 0.014264 seconds
Number of updated asset objects reloaded before import = 0
Number of asset objects unloaded after import = 12
========================================================================
Received Import Request.
  Time since last request: 0.000013 seconds.
  path: Assets/3D Models/Props/Industrial/Pipeline/Update_1.00/Mesh/13.FBX
  artifactKey: Guid(258122c3be59c0243832532939b911df) Importer(815301076,1909f56bfc062723c751e8b465ee728b)
Start importing Assets/3D Models/Props/Industrial/Pipeline/Update_1.00/Mesh/13.FBX using Guid(258122c3be59c0243832532939b911df) Importer(815301076,1909f56bfc062723c751e8b465ee728b)  -> (artifact id: '059603f0d546ac46b975ef0e2e2186f3') in 0.014327 seconds
Number of updated asset objects reloaded before import = 0
Number of asset objects unloaded after import = 13
========================================================================
Received Import Request.
  Time since last request: 0.000017 seconds.
  path: Assets/3D Models/Props/Industrial/Pipeline/Update_1.03/Mesh/Bolt_01.FBX
  artifactKey: Guid(2da1084214a7d69489cc3f64f3690311) Importer(815301076,1909f56bfc062723c751e8b465ee728b)
Start importing Assets/3D Models/Props/Industrial/Pipeline/Update_1.03/Mesh/Bolt_01.FBX using Guid(2da1084214a7d69489cc3f64f3690311) Importer(815301076,1909f56bfc062723c751e8b465ee728b)  -> (artifact id: 'b6d197b949a49d6b347964dd77254c6c') in 0.014572 seconds
Number of updated asset objects reloaded before import = 0
Number of asset objects unloaded after import = 12
========================================================================
Received Import Request.
  Time since last request: 0.000012 seconds.
  path: Assets/3D Models/Props/Industrial/Pipeline/Update_1.03/Mesh/Cap_02_LOD0.FBX
  artifactKey: Guid(ffece596a1027a14aa7b1440be9277df) Importer(815301076,1909f56bfc062723c751e8b465ee728b)
Start importing Assets/3D Models/Props/Industrial/Pipeline/Update_1.03/Mesh/Cap_02_LOD0.FBX using Guid(ffece596a1027a14aa7b1440be9277df) Importer(815301076,1909f56bfc062723c751e8b465ee728b)  -> (artifact id: '8eb7fbb9b95f6e905a6249b9ddd2eec2') in 0.015526 seconds
Number of updated asset objects reloaded before import = 0
Number of asset objects unloaded after import = 12
========================================================================
Received Import Request.
  Time since last request: 0.000015 seconds.
  path: Assets/3D Models/Props/Industrial/Pipeline/Update_1.00/Mesh/Bolt_LOD0.FBX
  artifactKey: Guid(6eea2cc0061ddf040babef09a6364e69) Importer(815301076,1909f56bfc062723c751e8b465ee728b)
Start importing Assets/3D Models/Props/Industrial/Pipeline/Update_1.00/Mesh/Bolt_LOD0.FBX using Guid(6eea2cc0061ddf040babef09a6364e69) Importer(815301076,1909f56bfc062723c751e8b465ee728b)  -> (artifact id: '49f62200708efad442a96cb3591ea8e6') in 0.016435 seconds
Number of updated asset objects reloaded before import = 0
Number of asset objects unloaded after import = 13
========================================================================
Received Import Request.
  Time since last request: 0.000021 seconds.
  path: Assets/3D Models/Props/Industrial/Pipeline/Update_1.00/Mesh/15_LOD0.FBX
  artifactKey: Guid(774f321004aade546842d820a7ff3b7e) Importer(815301076,1909f56bfc062723c751e8b465ee728b)
Start importing Assets/3D Models/Props/Industrial/Pipeline/Update_1.00/Mesh/15_LOD0.FBX using Guid(774f321004aade546842d820a7ff3b7e) Importer(815301076,1909f56bfc062723c751e8b465ee728b)  -> (artifact id: '5f8d254677c5c8078e0091cdeb1ddeac') in 0.015605 seconds
Number of updated asset objects reloaded before import = 0
Number of asset objects unloaded after import = 13
========================================================================
Received Import Request.
  Time since last request: 0.000014 seconds.
  path: Assets/3D Models/Props/Industrial/Pipeline/Update_1.00/Mesh/03.FBX
  artifactKey: Guid(b01e25e4e46786142a7781469cec076a) Importer(815301076,1909f56bfc062723c751e8b465ee728b)
Start importing Assets/3D Models/Props/Industrial/Pipeline/Update_1.00/Mesh/03.FBX using Guid(b01e25e4e46786142a7781469cec076a) Importer(815301076,1909f56bfc062723c751e8b465ee728b)  -> (artifact id: 'b88037c6f4117bbc525e696d5180df61') in 0.014249 seconds
Number of updated asset objects reloaded before import = 0
Number of asset objects unloaded after import = 13
========================================================================
Received Import Request.
  Time since last request: 0.000013 seconds.
  path: Assets/3D Models/Props/Industrial/Pipeline/Update_1.00/Mesh/11.FBX
  artifactKey: Guid(256fce1dddf995e46bcdfe162f5353d1) Importer(815301076,1909f56bfc062723c751e8b465ee728b)
Start importing Assets/3D Models/Props/Industrial/Pipeline/Update_1.00/Mesh/11.FBX using Guid(256fce1dddf995e46bcdfe162f5353d1) Importer(815301076,1909f56bfc062723c751e8b465ee728b)  -> (artifact id: 'de3b270b68dc8e8184029dce69b3a758') in 0.015787 seconds
Number of updated asset objects reloaded before import = 0
Number of asset objects unloaded after import = 13
========================================================================
Received Import Request.
  Time since last request: 31.867626 seconds.
  path: Assets/Settings/High_PipelineAsset_ForwardRenderer.asset
  artifactKey: Guid(a341d77e874681b41aa537ba7db86bd0) Importer(815301076,1909f56bfc062723c751e8b465ee728b)
Start importing Assets/Settings/High_PipelineAsset_ForwardRenderer.asset using Guid(a341d77e874681b41aa537ba7db86bd0) Importer(815301076,1909f56bfc062723c751e8b465ee728b)  -> (artifact id: '355277ee849c011f223fccbea0191f95') in 0.001097 seconds
Number of updated asset objects reloaded before import = 0
Number of asset objects unloaded after import = 1
========================================================================
Received Import Request.
  Time since last request: 0.000013 seconds.
  path: Assets/Settings/Medium_PipelineAsset.asset
  artifactKey: Guid(22e1853c7d159134ea56d6a3b711d5f8) Importer(815301076,1909f56bfc062723c751e8b465ee728b)
Start importing Assets/Settings/Medium_PipelineAsset.asset using Guid(22e1853c7d159134ea56d6a3b711d5f8) Importer(815301076,1909f56bfc062723c751e8b465ee728b)  -> (artifact id: '6cee7b1ea0de4097fbf110dca44f1e33') in 0.000957 seconds
Number of updated asset objects reloaded before import = 0
Number of asset objects unloaded after import = 2
========================================================================
Received Import Request.
  Time since last request: 0.000009 seconds.
  path: Assets/Settings/Very Low_PipelineAsset_ForwardRenderer.asset
  artifactKey: Guid(dc4130c63524eb74f8f1ee095f482d72) Importer(815301076,1909f56bfc062723c751e8b465ee728b)
Start importing Assets/Settings/Very Low_PipelineAsset_ForwardRenderer.asset using Guid(dc4130c63524eb74f8f1ee095f482d72) Importer(815301076,1909f56bfc062723c751e8b465ee728b)  -> (artifact id: 'dfacdb3058cf05de37f6c159e4f8fdb0') in 0.001013 seconds
Number of updated asset objects reloaded before import = 0
Number of asset objects unloaded after import = 1
========================================================================
Received Import Request.
  Time since last request: 0.000011 seconds.
  path: Assets/Settings/Medium_PipelineAsset_ForwardRenderer.asset
  artifactKey: Guid(64854844b0a10bd4f853416acbb6e468) Importer(815301076,1909f56bfc062723c751e8b465ee728b)
Start importing Assets/Settings/Medium_PipelineAsset_ForwardRenderer.asset using Guid(64854844b0a10bd4f853416acbb6e468) Importer(815301076,1909f56bfc062723c751e8b465ee728b)  -> (artifact id: 'a69cded8eb6fcfea4d3e8dd02a7ef979') in 0.000783 seconds
Number of updated asset objects reloaded before import = 0
Number of asset objects unloaded after import = 1
Editor requested this worker to shutdown with reason: Scaling down because of idle timeout
TcpMessagingSession - receive error: operation aborted. errorcode: 995, details:  /   -       .
AssetImportWorker is now disconnected from the server
Process exiting
Exiting without the bug reporter. Application will terminate with return code 0