Using pre-set license
Built from '2022.3/staging' branch; Version is '2022.3.22f1 (887be4894c44) revision 8944612'; Using compiler version '192829333'; Build Type 'Release'
OS: 'Windows 11  (10.0.26100) 64bit Professional' Language: 'ru' Physical Memory: 32474 MB
BatchMode: 1, IsHumanControllingUs: 0, StartBugReporterOnCrash: 0, Is64bit: 1, IsPro: 1

COMMAND LINE ARGUMENTS:
C:\Program Files\Unity\Hub\Editor\2022.3.22f1\Editor\Unity.exe
-adb2
-batchMode
-noUpm
-name
AssetImportWorker8
-projectPath
C:/Users/GP_4.1/UnderwaterPipelineTracker
-logFile
Logs/AssetImportWorker8.log
-srvPort
53404
Successfully changed project path to: C:/Users/GP_4.1/UnderwaterPipelineTracker
C:/Users/GP_4.1/UnderwaterPipelineTracker
[UnityMemory] Configuration Parameters - Can be set up in boot.config
    "memorysetup-bucket-allocator-granularity=16"
    "memorysetup-bucket-allocator-bucket-count=8"
    "memorysetup-bucket-allocator-block-size=33554432"
    "memorysetup-bucket-allocator-block-count=8"
    "memorysetup-main-allocator-block-size=16777216"
    "memorysetup-thread-allocator-block-size=16777216"
    "memorysetup-gfx-main-allocator-block-size=16777216"
    "memorysetup-gfx-thread-allocator-block-size=16777216"
    "memorysetup-cache-allocator-block-size=4194304"
    "memorysetup-typetree-allocator-block-size=2097152"
    "memorysetup-profiler-bucket-allocator-granularity=16"
    "memorysetup-profiler-bucket-allocator-bucket-count=8"
    "memorysetup-profiler-bucket-allocator-block-size=33554432"
    "memorysetup-profiler-bucket-allocator-block-count=8"
    "memorysetup-profiler-allocator-block-size=16777216"
    "memorysetup-profiler-editor-allocator-block-size=1048576"
    "memorysetup-temp-allocator-size-main=16777216"
    "memorysetup-job-temp-allocator-block-size=2097152"
    "memorysetup-job-temp-allocator-block-size-background=1048576"
    "memorysetup-job-temp-allocator-reduction-small-platforms=262144"
    "memorysetup-allocator-temp-initial-block-size-main=262144"
    "memorysetup-allocator-temp-initial-block-size-worker=262144"
    "memorysetup-temp-allocator-size-background-worker=32768"
    "memorysetup-temp-allocator-size-job-worker=262144"
    "memorysetup-temp-allocator-size-preload-manager=33554432"
    "memorysetup-temp-allocator-size-nav-mesh-worker=65536"
    "memorysetup-temp-allocator-size-audio-worker=65536"
    "memorysetup-temp-allocator-size-cloud-worker=32768"
    "memorysetup-temp-allocator-size-gi-baking-worker=262144"
    "memorysetup-temp-allocator-size-gfx=262144"
Player connection [26932] Host "[IP] 192.168.31.213 [Port] 0 [Flags] 2 [Guid] 3685495588 [EditorId] 3685495588 [Version] 1048832 [Id] WindowsEditor(7,GP-4v2) [Debug] 1 [PackageName] WindowsEditor [ProjectName] Editor" joined multi-casting on [225.0.0.222:54997]...

Player connection [26932] Host "[IP] 192.168.31.213 [Port] 0 [Flags] 2 [Guid] 3685495588 [EditorId] 3685495588 [Version] 1048832 [Id] WindowsEditor(7,GP-4v2) [Debug] 1 [PackageName] WindowsEditor [ProjectName] Editor" joined alternative multi-casting on [225.0.0.222:34997]...

[Physics::Module] Initialized MultithreadedJobDispatcher with 11 workers.
Refreshing native plugins compatible for Editor in 9.46 ms, found 3 plugins.
Preloading 0 native plugins for Editor in 0.00 ms.
Initialize engine version: 2022.3.22f1 (887be4894c44)
[Subsystems] Discovering subsystems at path C:/Program Files/Unity/Hub/Editor/2022.3.22f1/Editor/Data/Resources/UnitySubsystems
[Subsystems] Discovering subsystems at path C:/Users/GP_4.1/UnderwaterPipelineTracker/Assets
GfxDevice: creating device client; threaded=0; jobified=0
Direct3D:
    Version:  Direct3D 11.0 [level 11.1]
    Renderer: NVIDIA GeForce RTX 3070 (ID=0x2484)
    Vendor:   NVIDIA
    VRAM:     8018 MB
    Driver:   32.0.15.7602
Initialize mono
Mono path[0] = 'C:/Program Files/Unity/Hub/Editor/2022.3.22f1/Editor/Data/Managed'
Mono path[1] = 'C:/Program Files/Unity/Hub/Editor/2022.3.22f1/Editor/Data/MonoBleedingEdge/lib/mono/unityjit-win32'
Mono config path = 'C:/Program Files/Unity/Hub/Editor/2022.3.22f1/Editor/Data/MonoBleedingEdge/etc'
Using monoOptions --debugger-agent=transport=dt_socket,embedding=1,server=y,suspend=n,address=127.0.0.1:56156
Begin MonoManager ReloadAssembly
Registering precompiled unity dll's ...
Register platform support module: C:/Program Files/Unity/Hub/Editor/2022.3.22f1/Editor/Data/PlaybackEngines/AndroidPlayer/UnityEditor.Android.Extensions.dll
Register platform support module: C:/Program Files/Unity/Hub/Editor/2022.3.22f1/Editor/Data/PlaybackEngines/WindowsStandaloneSupport/UnityEditor.WindowsStandalone.Extensions.dll
Registered in 0.009559 seconds.
- Loaded All Assemblies, in  0.372 seconds
Native extension for WindowsStandalone target not found
Native extension for Android target not found
Android Extension - Scanning For ADB Devices 325 ms
Mono: successfully reloaded assembly
- Finished resetting the current domain, in  0.672 seconds
Domain Reload Profiling: 1043ms
	BeginReloadAssembly (94ms)
		ExecutionOrderSort (0ms)
		DisableScriptedObjects (0ms)
		BackupInstance (0ms)
		ReleaseScriptingObjects (0ms)
		CreateAndSetChildDomain (1ms)
	RebuildCommonClasses (31ms)
	RebuildNativeTypeToScriptingClass (14ms)
	initialDomainReloadingComplete (60ms)
	LoadAllAssembliesAndSetupDomain (172ms)
		LoadAssemblies (93ms)
		RebuildTransferFunctionScriptingTraits (0ms)
		AnalyzeDomain (170ms)
			TypeCache.Refresh (169ms)
				TypeCache.ScanAssembly (153ms)
			ScanForSourceGeneratedMonoScriptInfo (0ms)
			ResolveRequiredComponents (0ms)
	FinalizeReload (673ms)
		ReleaseScriptCaches (0ms)
		RebuildScriptCaches (0ms)
		SetupLoadedEditorAssemblies (599ms)
			LogAssemblyErrors (0ms)
			InitializePlatformSupportModulesInManaged (436ms)
			SetLoadedEditorAssemblies (3ms)
			RefreshPlugins (0ms)
			BeforeProcessingInitializeOnLoad (2ms)
			ProcessInitializeOnLoadAttributes (111ms)
			ProcessInitializeOnLoadMethodAttributes (46ms)
			AfterProcessingInitializeOnLoad (0ms)
			EditorAssembliesLoaded (0ms)
		ExecutionOrderSort2 (0ms)
		AwakeInstancesAfterBackupRestoration (0ms)
========================================================================
Worker process is ready to serve import requests
Begin MonoManager ReloadAssembly
- Loaded All Assemblies, in  0.653 seconds
Refreshing native plugins compatible for Editor in 3.41 ms, found 3 plugins.
Native extension for WindowsStandalone target not found
Native extension for Android target not found
Mono: successfully reloaded assembly
- Finished resetting the current domain, in  1.082 seconds
Domain Reload Profiling: 1733ms
	BeginReloadAssembly (133ms)
		ExecutionOrderSort (0ms)
		DisableScriptedObjects (6ms)
		BackupInstance (0ms)
		ReleaseScriptingObjects (0ms)
		CreateAndSetChildDomain (23ms)
	RebuildCommonClasses (41ms)
	RebuildNativeTypeToScriptingClass (13ms)
	initialDomainReloadingComplete (37ms)
	LoadAllAssembliesAndSetupDomain (427ms)
		LoadAssemblies (267ms)
		RebuildTransferFunctionScriptingTraits (0ms)
		AnalyzeDomain (228ms)
			TypeCache.Refresh (196ms)
				TypeCache.ScanAssembly (179ms)
			ScanForSourceGeneratedMonoScriptInfo (22ms)
			ResolveRequiredComponents (9ms)
	FinalizeReload (1082ms)
		ReleaseScriptCaches (0ms)
		RebuildScriptCaches (0ms)
		SetupLoadedEditorAssemblies (857ms)
			LogAssemblyErrors (0ms)
			InitializePlatformSupportModulesInManaged (23ms)
			SetLoadedEditorAssemblies (4ms)
			RefreshPlugins (0ms)
			BeforeProcessingInitializeOnLoad (67ms)
			ProcessInitializeOnLoadAttributes (678ms)
			ProcessInitializeOnLoadMethodAttributes (78ms)
			AfterProcessingInitializeOnLoad (6ms)
			EditorAssembliesLoaded (0ms)
		ExecutionOrderSort2 (0ms)
		AwakeInstancesAfterBackupRestoration (63ms)
Launched and connected shader compiler UnityShaderCompiler.exe after 0.48 seconds
Refreshing native plugins compatible for Editor in 295.58 ms, found 3 plugins.
Preloading 0 native plugins for Editor in 0.00 ms.
Unloading 5168 Unused Serialized files (Serialized files now loaded: 0)
Unloading 67 unused Assets / (350.9 KB). Loaded Objects now: 5629.
Memory consumption went from 215.2 MB to 214.9 MB.
Total: 43.451700 ms (FindLiveObjects: 39.508300 ms CreateObjectMapping: 0.546900 ms MarkObjects: 3.216000 ms  DeleteObjects: 0.179600 ms)

AssetImportParameters requested are different than current active one (requested -> active):
  custom:container-demuxer-ogg: 62fdf1f143b41e24485cea50d1cbac27 -> 
  custom:video-codec-MediaFoundation-h265: 746d11721c4dcdbdad8f713fa42b33f4 -> 
  custom:video-decoder-ogg-theora: a1e56fd34408186e4bbccfd4996cb3dc -> 
  custom:framework-win-MediaFoundation: 216162199b28c13a410421893ffa2e32 -> 
  custom:CustomObjectIndexerAttribute: 72b91833f83ae208fae7752999fa3104 -> 
  custom:container-demuxer-webm: 4f35f7cbe854078d1ac9338744f61a02 -> 
  custom:container-muxer-webm: aa71ff27fc2769a1b78a27578f13a17b -> 
  custom:video-decoder-webm-vp8: 9c59270c3fd7afecdb556c50c9e8de78 -> 
  custom:SearchIndexIgnoredProperties: e643bd26f0fe6173181afceb89e7c659 -> 
  custom:AudioImporter_EditorPlatform: d09bf68614088b80899f8185d706f6e7 -> 
  custom:video-encoder-webm-vp8: eb34c28f22e8b96e1ab97ce403110664 -> 
  custom:audio-decoder-ogg-vorbis: bf7c407c2cedff20999df2af8eb42d56 -> 
  custom:audio-encoder-webm-vorbis: bf7c407c2cedff20999df2af8eb42d56 -> 
========================================================================
Received Import Request.
  Time since last request: 91430.322067 seconds.
  path: Assets/3D Models/Props/Industrial/Pipeline/Update_1.00/Prefabs/Pipe_02.prefab
  artifactKey: Guid(75700f4a07f24af40a5137daa7ffb1bb) Importer(2089858483,3d70f49cd1c2eb9ae422958d1c652c6b)
Start importing Assets/3D Models/Props/Industrial/Pipeline/Update_1.00/Prefabs/Pipe_02.prefab using Guid(75700f4a07f24af40a5137daa7ffb1bb) Importer(2089858483,3d70f49cd1c2eb9ae422958d1c652c6b)  -> (artifact id: 'f8d7ffb62464518938ef085f16e17d51') in 0.275076 seconds
Number of updated asset objects reloaded before import = 0
Number of asset objects unloaded after import = 19
========================================================================
Received Import Request.
  Time since last request: 0.000178 seconds.
  path: Assets/Samples/Universal RP/14.0.10/URP Package Samples/LensFlares/SunFlare
  artifactKey: Guid(7a5d8ea49149a4253a79166642beacb7) Importer(2089858483,0ecaa5967403d082aa24f35e1b516d23)
Start importing Assets/Samples/Universal RP/14.0.10/URP Package Samples/LensFlares/SunFlare using Guid(7a5d8ea49149a4253a79166642beacb7) Importer(2089858483,0ecaa5967403d082aa24f35e1b516d23)  -> (artifact id: '51dca57b766f420539567b7ddd8f43ae') in 0.014641 seconds
Number of updated asset objects reloaded before import = 0
Number of asset objects unloaded after import = 1
========================================================================
Received Import Request.
  Time since last request: 0.000015 seconds.
  path: Assets/Samples/Universal RP/14.0.10/URP Package Samples/Decals/BlobShadow/BlobShadow_Mat.mat
  artifactKey: Guid(ecee61e47a05b47ca91f89049a9cb014) Importer(2089858483,0ecaa5967403d082aa24f35e1b516d23)
Start importing Assets/Samples/Universal RP/14.0.10/URP Package Samples/Decals/BlobShadow/BlobShadow_Mat.mat using Guid(ecee61e47a05b47ca91f89049a9cb014) Importer(2089858483,0ecaa5967403d082aa24f35e1b516d23)  -> (artifact id: 'd14476cc1b79392ebc12eb380ee3608e') in 0.053493 seconds
Number of updated asset objects reloaded before import = 0
Number of asset objects unloaded after import = 2
========================================================================
Received Import Request.
  Time since last request: 0.000013 seconds.
  path: Assets/TextMesh Pro/Examples & Extras/Scenes/17 - Old Computer Terminal.unity
  artifactKey: Guid(3e2e4d7b0bed4cf9ab827e9f32448f69) Importer(2089858483,3d70f49cd1c2eb9ae422958d1c652c6b)
Start importing Assets/TextMesh Pro/Examples & Extras/Scenes/17 - Old Computer Terminal.unity using Guid(3e2e4d7b0bed4cf9ab827e9f32448f69) Importer(2089858483,3d70f49cd1c2eb9ae422958d1c652c6b) Opening scene 'Assets/TextMesh Pro/Examples & Extras/Scenes/17 - Old Computer Terminal.unity additively'
LightingSettings: switching bake backend from 1 to 0.
Loaded scene 'Assets/TextMesh Pro/Examples & Extras/Scenes/17 - Old Computer Terminal.unity'
	Deserialize:            19.815 ms
	Integration:            73.847 ms
	Integration of assets:  5.347 ms
	Thread Wait Time:       0.392 ms
	Total Operation Time:   99.401 ms
 -> (artifact id: '48a1f0a32cb532cf310964a92463d85c') in 0.127402 seconds
Number of updated asset objects reloaded before import = 0
Number of asset objects unloaded after import = 21
========================================================================
Received Import Request.
  Time since last request: 0.000032 seconds.
  path: Assets/Samples/Universal RP/14.0.10/URP Package Samples/Shaders/Lit/Materials/MetallicSmoothnessZero.mat
  artifactKey: Guid(7e1dd3465110745d9820dc9c8a97152e) Importer(2089858483,0ecaa5967403d082aa24f35e1b516d23)
Start importing Assets/Samples/Universal RP/14.0.10/URP Package Samples/Shaders/Lit/Materials/MetallicSmoothnessZero.mat using Guid(7e1dd3465110745d9820dc9c8a97152e) Importer(2089858483,0ecaa5967403d082aa24f35e1b516d23)  -> (artifact id: '15423354e781602df737e04ac169cc60') in 0.029149 seconds
Number of updated asset objects reloaded before import = 0
Number of asset objects unloaded after import = 1
========================================================================
Received Import Request.
  Time since last request: 0.000019 seconds.
  path: Assets/Samples/Universal RP/14.0.10/URP Package Samples/Decals/ProxyLighting/ProxyLightingPipeline.asset
  artifactKey: Guid(0a7ae209480c14781aefacacff8f61ad) Importer(2089858483,0ecaa5967403d082aa24f35e1b516d23)
Start importing Assets/Samples/Universal RP/14.0.10/URP Package Samples/Decals/ProxyLighting/ProxyLightingPipeline.asset using Guid(0a7ae209480c14781aefacacff8f61ad) Importer(2089858483,0ecaa5967403d082aa24f35e1b516d23)  -> (artifact id: '7d42c07781b337ae0c5a67cdb23dcae8') in 0.081287 seconds
Number of updated asset objects reloaded before import = 0
Number of asset objects unloaded after import = 11
========================================================================
Received Import Request.
  Time since last request: 0.000347 seconds.
  path: Assets/Samples/Universal RP/14.0.10/URP Package Samples/Decals/PaintSplat/PaintSplat.unity
  artifactKey: Guid(43da964a9f8d64b21bcfe5ecded1f664) Importer(2089858483,0ecaa5967403d082aa24f35e1b516d23)
Start importing Assets/Samples/Universal RP/14.0.10/URP Package Samples/Decals/PaintSplat/PaintSplat.unity using Guid(43da964a9f8d64b21bcfe5ecded1f664) Importer(2089858483,0ecaa5967403d082aa24f35e1b516d23)  -> (artifact id: '93168a8edc3df4ced7296077c0b5f768') in 0.012804 seconds
Number of updated asset objects reloaded before import = 0
Number of asset objects unloaded after import = 1
========================================================================
Received Import Request.
  Time since last request: 0.000188 seconds.
  path: Assets/Samples/Universal RP/14.0.10/URP Package Samples/LensFlares/LensFlarePresets/Caustic2.asset
  artifactKey: Guid(ef83319819a304d5b91a52b660321577) Importer(2089858483,3d70f49cd1c2eb9ae422958d1c652c6b)
Start importing Assets/Samples/Universal RP/14.0.10/URP Package Samples/LensFlares/LensFlarePresets/Caustic2.asset using Guid(ef83319819a304d5b91a52b660321577) Importer(2089858483,3d70f49cd1c2eb9ae422958d1c652c6b)  -> (artifact id: '6386ac9257bdc1c42b796093034cd1e5') in 0.024383 seconds
Number of updated asset objects reloaded before import = 0
Number of asset objects unloaded after import = 0
========================================================================
Received Import Request.
  Time since last request: 0.000413 seconds.
  path: Assets/Samples/Universal RP/14.0.10/URP Package Samples/RendererFeatures/TrailEffect/TrailEffect_Pipeline.asset
  artifactKey: Guid(3fa182c0ab14944118296b77553eb4de) Importer(2089858483,3d70f49cd1c2eb9ae422958d1c652c6b)
Start importing Assets/Samples/Universal RP/14.0.10/URP Package Samples/RendererFeatures/TrailEffect/TrailEffect_Pipeline.asset using Guid(3fa182c0ab14944118296b77553eb4de) Importer(2089858483,3d70f49cd1c2eb9ae422958d1c652c6b)  -> (artifact id: '0021bfa503c05fd9dcc6c4cf521c2252') in 0.018327 seconds
Number of updated asset objects reloaded before import = 0
Number of asset objects unloaded after import = 8
========================================================================
Received Import Request.
  Time since last request: 0.000014 seconds.
  path: Assets/Samples/Universal RP/14.0.10/URP Package Samples/CameraStacking/3D Skybox/3DSkybox
  artifactKey: Guid(a7426a74b13fd43b4bbcb84b226ea31e) Importer(2089858483,0ecaa5967403d082aa24f35e1b516d23)
Start importing Assets/Samples/Universal RP/14.0.10/URP Package Samples/CameraStacking/3D Skybox/3DSkybox using Guid(a7426a74b13fd43b4bbcb84b226ea31e) Importer(2089858483,0ecaa5967403d082aa24f35e1b516d23)  -> (artifact id: '48a7e06394ab06356c6c8704304c8a8a') in 0.009276 seconds
Number of updated asset objects reloaded before import = 0
Number of asset objects unloaded after import = 1
========================================================================
Received Import Request.
  Time since last request: 0.000076 seconds.
  path: Assets/TextMesh Pro/Examples & Extras/Resources/Sprite Assets/Default Sprite Asset.asset
  artifactKey: Guid(fbef3c704dce48f08a44612d6c856c8d) Importer(2089858483,3d70f49cd1c2eb9ae422958d1c652c6b)
Start importing Assets/TextMesh Pro/Examples & Extras/Resources/Sprite Assets/Default Sprite Asset.asset using Guid(fbef3c704dce48f08a44612d6c856c8d) Importer(2089858483,3d70f49cd1c2eb9ae422958d1c652c6b)  -> (artifact id: '1daeeea52c5017d3f9282edb84164b28') in 0.027033 seconds
Number of updated asset objects reloaded before import = 0
Number of asset objects unloaded after import = 2
========================================================================
Received Import Request.
  Time since last request: 0.000111 seconds.
  path: Assets/TextMesh Pro/Examples & Extras/Scenes/Benchmark (Floating Text).unity
  artifactKey: Guid(16177da2e3254cee91944756d5f8ddd3) Importer(2089858483,3d70f49cd1c2eb9ae422958d1c652c6b)
Start importing Assets/TextMesh Pro/Examples & Extras/Scenes/Benchmark (Floating Text).unity using Guid(16177da2e3254cee91944756d5f8ddd3) Importer(2089858483,3d70f49cd1c2eb9ae422958d1c652c6b) Opening scene 'Assets/TextMesh Pro/Examples & Extras/Scenes/Benchmark (Floating Text).unity additively'
LightingSettings: switching bake backend from 1 to 0.
Loaded scene 'Assets/TextMesh Pro/Examples & Extras/Scenes/Benchmark (Floating Text).unity'
	Deserialize:            7.330 ms
	Integration:            2.349 ms
	Integration of assets:  0.002 ms
	Thread Wait Time:       0.161 ms
	Total Operation Time:   9.841 ms
 -> (artifact id: 'ce254cf2a8b1daa2b2aab12b8afa0fd6') in 0.031339 seconds
Number of updated asset objects reloaded before import = 0
Number of asset objects unloaded after import = 2
========================================================================
Received Import Request.
  Time since last request: 0.000015 seconds.
  path: Assets/Samples/Universal RP/14.0.10/URP Package Samples/RendererFeatures/OcclusionEffect/OcclusionEffect
  artifactKey: Guid(fb91268ca5cb64b4ab139d526b1b5401) Importer(2089858483,0ecaa5967403d082aa24f35e1b516d23)
Start importing Assets/Samples/Universal RP/14.0.10/URP Package Samples/RendererFeatures/OcclusionEffect/OcclusionEffect using Guid(fb91268ca5cb64b4ab139d526b1b5401) Importer(2089858483,0ecaa5967403d082aa24f35e1b516d23)  -> (artifact id: 'cb1d868d2346975173247786dc2aa6b2') in 0.009208 seconds
Number of updated asset objects reloaded before import = 0
Number of asset objects unloaded after import = 1
========================================================================
Received Import Request.
  Time since last request: 0.000015 seconds.
  path: Assets/Samples/Universal RP/14.0.10/URP Package Samples/LensFlares/LensFlarePresets/50mm.asset
  artifactKey: Guid(a8b7db83f8a9c4835ac1d003d5628a85) Importer(2089858483,3d70f49cd1c2eb9ae422958d1c652c6b)
Start importing Assets/Samples/Universal RP/14.0.10/URP Package Samples/LensFlares/LensFlarePresets/50mm.asset using Guid(a8b7db83f8a9c4835ac1d003d5628a85) Importer(2089858483,3d70f49cd1c2eb9ae422958d1c652c6b)  -> (artifact id: '254288b23d341d406bcd4ce84e37fa5f') in 0.009588 seconds
Number of updated asset objects reloaded before import = 0
Number of asset objects unloaded after import = 0
========================================================================
Received Import Request.
  Time since last request: 0.000591 seconds.
  path: Assets/TextMesh Pro/Examples & Extras/Scenes/13 - Soft Hyphenation.unity
  artifactKey: Guid(875684baf40f4d008ce806d03e2a81b2) Importer(2089858483,3d70f49cd1c2eb9ae422958d1c652c6b)
Start importing Assets/TextMesh Pro/Examples & Extras/Scenes/13 - Soft Hyphenation.unity using Guid(875684baf40f4d008ce806d03e2a81b2) Importer(2089858483,3d70f49cd1c2eb9ae422958d1c652c6b) Opening scene 'Assets/TextMesh Pro/Examples & Extras/Scenes/13 - Soft Hyphenation.unity additively'
LightingSettings: switching bake backend from 1 to 0.
Loaded scene 'Assets/TextMesh Pro/Examples & Extras/Scenes/13 - Soft Hyphenation.unity'
	Deserialize:            20.860 ms
	Integration:            2.942 ms
	Integration of assets:  0.496 ms
	Thread Wait Time:       0.002 ms
	Total Operation Time:   24.300 ms
 -> (artifact id: '8c8c9917ddb04cd330d4e1797e09d2a8') in 0.041719 seconds
Number of updated asset objects reloaded before import = 0
Number of asset objects unloaded after import = 16
========================================================================
Received Import Request.
  Time since last request: 0.000025 seconds.
  path: Assets/3D Models/Props/Industrial/Pipeline/Update_1.03/Prefabs/Medium/M_Pipe_White_06.prefab
  artifactKey: Guid(15d992c9b8c49774a869c8f7ee5fe365) Importer(2089858483,3d70f49cd1c2eb9ae422958d1c652c6b)
Start importing Assets/3D Models/Props/Industrial/Pipeline/Update_1.03/Prefabs/Medium/M_Pipe_White_06.prefab using Guid(15d992c9b8c49774a869c8f7ee5fe365) Importer(2089858483,3d70f49cd1c2eb9ae422958d1c652c6b)  -> (artifact id: '1f6445fed1180950e1059c55a72650b5') in 0.012811 seconds
Number of updated asset objects reloaded before import = 0
Number of asset objects unloaded after import = 19
========================================================================
Received Import Request.
  Time since last request: 0.000014 seconds.
  path: Assets/3D Models/Props/Industrial/Pipeline/Update_1.03/Prefabs/Medium/M_Valve01_White_BoltX8_01.prefab
  artifactKey: Guid(bdac3e06f6cef7f498af809a613afc59) Importer(2089858483,3d70f49cd1c2eb9ae422958d1c652c6b)
Start importing Assets/3D Models/Props/Industrial/Pipeline/Update_1.03/Prefabs/Medium/M_Valve01_White_BoltX8_01.prefab using Guid(bdac3e06f6cef7f498af809a613afc59) Importer(2089858483,3d70f49cd1c2eb9ae422958d1c652c6b)  -> (artifact id: '028303c7ba62b7eaea1e3726672c8179') in 0.017357 seconds
Number of updated asset objects reloaded before import = 0
Number of asset objects unloaded after import = 45
========================================================================
Received Import Request.
  Time since last request: 0.000014 seconds.
  path: Assets/3D Models/Props/Industrial/Pipeline/Update_1.03/Prefabs/Small/S_Bolt_Yellow_x8.prefab
  artifactKey: Guid(285a5a8f019b1fb42b737c4fe85219ff) Importer(2089858483,3d70f49cd1c2eb9ae422958d1c652c6b)
Start importing Assets/3D Models/Props/Industrial/Pipeline/Update_1.03/Prefabs/Small/S_Bolt_Yellow_x8.prefab using Guid(285a5a8f019b1fb42b737c4fe85219ff) Importer(2089858483,3d70f49cd1c2eb9ae422958d1c652c6b)  -> (artifact id: '688fe896a4cd4b457f8da4a082b62f6b') in 0.018471 seconds
Number of updated asset objects reloaded before import = 0
Number of asset objects unloaded after import = 18
========================================================================
Received Import Request.
  Time since last request: 0.000016 seconds.
  path: Assets/3D Models/Props/Industrial/Pipeline/Update_1.03/Prefabs/Medium/M_Valve01_Yellow_BoltX8_01.prefab
  artifactKey: Guid(9a49ea95cbc5c6c4eb0f3b9175ebbf44) Importer(2089858483,3d70f49cd1c2eb9ae422958d1c652c6b)
Start importing Assets/3D Models/Props/Industrial/Pipeline/Update_1.03/Prefabs/Medium/M_Valve01_Yellow_BoltX8_01.prefab using Guid(9a49ea95cbc5c6c4eb0f3b9175ebbf44) Importer(2089858483,3d70f49cd1c2eb9ae422958d1c652c6b)  -> (artifact id: '7cafc3d37a607aa4884e5fd996648e7b') in 0.020621 seconds
Number of updated asset objects reloaded before import = 0
Number of asset objects unloaded after import = 45
========================================================================
Received Import Request.
  Time since last request: 0.000020 seconds.
  path: Assets/3D Models/Props/Industrial/Pipeline/Update_1.03/Mesh/Pipe_13_LOD0.FBX
  artifactKey: Guid(2d9c89b90444a834292ae97ea08a6f55) Importer(2089858483,0ecaa5967403d082aa24f35e1b516d23)
Start importing Assets/3D Models/Props/Industrial/Pipeline/Update_1.03/Mesh/Pipe_13_LOD0.FBX using Guid(2d9c89b90444a834292ae97ea08a6f55) Importer(2089858483,0ecaa5967403d082aa24f35e1b516d23)  -> (artifact id: '39908c47ed2fcb606cf0154400b18616') in 0.050415 seconds
Number of updated asset objects reloaded before import = 0
Number of asset objects unloaded after import = 7
========================================================================
Received Import Request.
  Time since last request: 0.003477 seconds.
  path: Assets/3D Models/Props/Industrial/Pipeline/Update_1.03/Mesh/Pipe_16_LOD0.FBX
  artifactKey: Guid(cb9ddfaa21d343641a3eb5ae4e8c4704) Importer(2089858483,0ecaa5967403d082aa24f35e1b516d23)
Start importing Assets/3D Models/Props/Industrial/Pipeline/Update_1.03/Mesh/Pipe_16_LOD0.FBX using Guid(cb9ddfaa21d343641a3eb5ae4e8c4704) Importer(2089858483,0ecaa5967403d082aa24f35e1b516d23)  -> (artifact id: 'c84a71bbaf67d2f0f15bbac828118e53') in 0.029746 seconds
Number of updated asset objects reloaded before import = 0
Number of asset objects unloaded after import = 7
========================================================================
Received Import Request.
  Time since last request: 0.000091 seconds.
  path: Assets/3D Models/Props/Industrial/Pipeline/Update_1.03/Mesh/Pipe_03_LOD0.FBX
  artifactKey: Guid(a90d213a5216aa74eb5710a88d227cab) Importer(2089858483,0ecaa5967403d082aa24f35e1b516d23)
Start importing Assets/3D Models/Props/Industrial/Pipeline/Update_1.03/Mesh/Pipe_03_LOD0.FBX using Guid(a90d213a5216aa74eb5710a88d227cab) Importer(2089858483,0ecaa5967403d082aa24f35e1b516d23)  -> (artifact id: '76a77340325538241cd11bf5a663ff5d') in 0.020509 seconds
Number of updated asset objects reloaded before import = 0
Number of asset objects unloaded after import = 7
========================================================================
Received Import Request.
  Time since last request: 0.000529 seconds.
  path: Assets/3D Models/Props/Industrial/Pipeline/Update_1.03/Mesh/Materials/PipeValve_Yellow_01.mat
  artifactKey: Guid(85ba0231b2d78ea4db042ab517d965f1) Importer(2089858483,0ecaa5967403d082aa24f35e1b516d23)
Start importing Assets/3D Models/Props/Industrial/Pipeline/Update_1.03/Mesh/Materials/PipeValve_Yellow_01.mat using Guid(85ba0231b2d78ea4db042ab517d965f1) Importer(2089858483,0ecaa5967403d082aa24f35e1b516d23)  -> (artifact id: '315fbf723156be0aa4174c53c18e55e8') in 0.064839 seconds
Number of updated asset objects reloaded before import = 0
Number of asset objects unloaded after import = 5
========================================================================
Received Import Request.
  Time since last request: 0.001989 seconds.
  path: Assets/3D Models/Props/Industrial/Pipeline/Update_1.03/Prefabs/Small/S_Bolt_Yellow_x17.prefab
  artifactKey: Guid(15e36fec85d871240a2b50e9be40944b) Importer(2089858483,0ecaa5967403d082aa24f35e1b516d23)
Start importing Assets/3D Models/Props/Industrial/Pipeline/Update_1.03/Prefabs/Small/S_Bolt_Yellow_x17.prefab using Guid(15e36fec85d871240a2b50e9be40944b) Importer(2089858483,0ecaa5967403d082aa24f35e1b516d23)  -> (artifact id: 'c54716590748549afabb59ebc625b2f4') in 0.028824 seconds
Number of updated asset objects reloaded before import = 0
Number of asset objects unloaded after import = 17
========================================================================
Received Import Request.
  Time since last request: 0.000319 seconds.
  path: Assets/3D Models/Props/Industrial/Pipeline/Update_1.03/Textures/Yellow/Pipe_Yellow_05_SPECULAR.png
  artifactKey: Guid(ce4029e779560b341883e6e70c5ebea7) Importer(2089858483,0ecaa5967403d082aa24f35e1b516d23)
Start importing Assets/3D Models/Props/Industrial/Pipeline/Update_1.03/Textures/Yellow/Pipe_Yellow_05_SPECULAR.png using Guid(ce4029e779560b341883e6e70c5ebea7) Importer(2089858483,0ecaa5967403d082aa24f35e1b516d23)  -> (artifact id: '03149ac256ba6753afe52b76d9cf73c8') in 0.078827 seconds
Number of updated asset objects reloaded before import = 0
Number of asset objects unloaded after import = 1
========================================================================
Received Import Request.
  Time since last request: 0.000230 seconds.
  path: Assets/3D Models/Props/Industrial/Pipeline/Update_1.03/Prefabs/Medium/M_Support_03.prefab
  artifactKey: Guid(6000e173151604d4c8622c4f6ba9a71d) Importer(2089858483,3d70f49cd1c2eb9ae422958d1c652c6b)
Start importing Assets/3D Models/Props/Industrial/Pipeline/Update_1.03/Prefabs/Medium/M_Support_03.prefab using Guid(6000e173151604d4c8622c4f6ba9a71d) Importer(2089858483,3d70f49cd1c2eb9ae422958d1c652c6b)  -> (artifact id: '39775eac3871af3cc7c9fb22c04404b2') in 0.010803 seconds
Number of updated asset objects reloaded before import = 0
Number of asset objects unloaded after import = 9
========================================================================
Received Import Request.
  Time since last request: 0.000062 seconds.
  path: Assets/3D Models/Props/Industrial/Pipeline/Update_1.03/Prefabs/Medium/M_Valve02_Yellow_BoltX17_02.prefab
  artifactKey: Guid(20191c4b68b2c354fa949256f7ae54ff) Importer(2089858483,3d70f49cd1c2eb9ae422958d1c652c6b)
Start importing Assets/3D Models/Props/Industrial/Pipeline/Update_1.03/Prefabs/Medium/M_Valve02_Yellow_BoltX17_02.prefab using Guid(20191c4b68b2c354fa949256f7ae54ff) Importer(2089858483,3d70f49cd1c2eb9ae422958d1c652c6b)  -> (artifact id: 'fb3792c8edbb798e90b7b3858414bc0a') in 0.029639 seconds
Number of updated asset objects reloaded before import = 0
Number of asset objects unloaded after import = 45
========================================================================
Received Import Request.
  Time since last request: 0.001032 seconds.
  path: Assets/3D Models/Props/Industrial/Pipeline/Update_1.03/Prefabs/Small/S_Pipe_L50_White_03.prefab
  artifactKey: Guid(31f16f0dfb47b1640b57dac0e1371ae4) Importer(2089858483,3d70f49cd1c2eb9ae422958d1c652c6b)
Start importing Assets/3D Models/Props/Industrial/Pipeline/Update_1.03/Prefabs/Small/S_Pipe_L50_White_03.prefab using Guid(31f16f0dfb47b1640b57dac0e1371ae4) Importer(2089858483,3d70f49cd1c2eb9ae422958d1c652c6b)  -> (artifact id: 'c9de4a64da5c87925188888783bf5d0c') in 0.019409 seconds
Number of updated asset objects reloaded before import = 0
Number of asset objects unloaded after import = 19
========================================================================
Received Import Request.
  Time since last request: 0.000015 seconds.
  path: Assets/3D Models/Props/Industrial/Pipeline/Update_1.03/Prefabs/Small/S_Valve02_White_02.prefab
  artifactKey: Guid(13083aa68ff8c5e40b56ee8c84eb5c2b) Importer(2089858483,3d70f49cd1c2eb9ae422958d1c652c6b)
Start importing Assets/3D Models/Props/Industrial/Pipeline/Update_1.03/Prefabs/Small/S_Valve02_White_02.prefab using Guid(13083aa68ff8c5e40b56ee8c84eb5c2b) Importer(2089858483,3d70f49cd1c2eb9ae422958d1c652c6b)  -> (artifact id: '5384f17a43c29399362cc31bc1dc25dd') in 0.019679 seconds
Number of updated asset objects reloaded before import = 0
Number of asset objects unloaded after import = 32
========================================================================
Received Import Request.
  Time since last request: 0.000020 seconds.
  path: Assets/3D Models/Props/Industrial/Pipeline/Update_1.03/Prefabs/Small/S_Valve_Handle_White_02.prefab
  artifactKey: Guid(261956ebf438508498f2d8516be1c22c) Importer(2089858483,3d70f49cd1c2eb9ae422958d1c652c6b)
Start importing Assets/3D Models/Props/Industrial/Pipeline/Update_1.03/Prefabs/Small/S_Valve_Handle_White_02.prefab using Guid(261956ebf438508498f2d8516be1c22c) Importer(2089858483,3d70f49cd1c2eb9ae422958d1c652c6b)  -> (artifact id: '9c22170541f7df54c53dc49ff48e0306') in 0.018036 seconds
Number of updated asset objects reloaded before import = 0
Number of asset objects unloaded after import = 18
========================================================================
Received Import Request.
  Time since last request: 0.003717 seconds.
  path: Assets/3D Models/Props/Industrial/Pipeline/Update_1.03/Prefabs/Small/S_Pipe_Corner180_Yellow_10.prefab
  artifactKey: Guid(6d1c76cc1835d9945947d66e392bb476) Importer(2089858483,3d70f49cd1c2eb9ae422958d1c652c6b)
Start importing Assets/3D Models/Props/Industrial/Pipeline/Update_1.03/Prefabs/Small/S_Pipe_Corner180_Yellow_10.prefab using Guid(6d1c76cc1835d9945947d66e392bb476) Importer(2089858483,3d70f49cd1c2eb9ae422958d1c652c6b)  -> (artifact id: 'fddad91bf54010243258a99c1a8b7d14') in 0.018616 seconds
Number of updated asset objects reloaded before import = 0
Number of asset objects unloaded after import = 19
========================================================================
Received Import Request.
  Time since last request: 0.000623 seconds.
  path: Assets/Samples/Universal RP/14.0.10/URP Package Samples/Decals/PaintSplat/PaintSplat/LightingData.asset
  artifactKey: Guid(31598446125994fb0b6cfea011c68181) Importer(2089858483,0ecaa5967403d082aa24f35e1b516d23)
Start importing Assets/Samples/Universal RP/14.0.10/URP Package Samples/Decals/PaintSplat/PaintSplat/LightingData.asset using Guid(31598446125994fb0b6cfea011c68181) Importer(2089858483,0ecaa5967403d082aa24f35e1b516d23)  -> (artifact id: 'a4b45a9e818a7f7c928785433e075629') in 0.022352 seconds
Number of updated asset objects reloaded before import = 0
Number of asset objects unloaded after import = 2
========================================================================
Received Import Request.
  Time since last request: 0.000200 seconds.
  path: Assets/3D Models/Props/Industrial/Pipeline/Update_1.03/Prefabs/Small/S_Cap_Yellow_01.prefab
  artifactKey: Guid(e42d0c7ccae627f4893862aebb3a73e3) Importer(2089858483,3d70f49cd1c2eb9ae422958d1c652c6b)
Start importing Assets/3D Models/Props/Industrial/Pipeline/Update_1.03/Prefabs/Small/S_Cap_Yellow_01.prefab using Guid(e42d0c7ccae627f4893862aebb3a73e3) Importer(2089858483,3d70f49cd1c2eb9ae422958d1c652c6b)  -> (artifact id: '9ecb98a02e63d1915ee6b0f412795c1a') in 0.018500 seconds
Number of updated asset objects reloaded before import = 0
Number of asset objects unloaded after import = 19
========================================================================
Received Import Request.
  Time since last request: 0.002527 seconds.
  path: Assets/TextMesh Pro/Examples & Extras/Scenes/24 - Surface Shader Example.unity
  artifactKey: Guid(8c4969fd8ba94a68b07cf11f3e7a5137) Importer(2089858483,3d70f49cd1c2eb9ae422958d1c652c6b)
Start importing Assets/TextMesh Pro/Examples & Extras/Scenes/24 - Surface Shader Example.unity using Guid(8c4969fd8ba94a68b07cf11f3e7a5137) Importer(2089858483,3d70f49cd1c2eb9ae422958d1c652c6b) Opening scene 'Assets/TextMesh Pro/Examples & Extras/Scenes/24 - Surface Shader Example.unity additively'
Loaded scene 'Assets/TextMesh Pro/Examples & Extras/Scenes/24 - Surface Shader Example.unity'
	Deserialize:            37.635 ms
	Integration:            30.574 ms
	Integration of assets:  0.775 ms
	Thread Wait Time:       1.274 ms
	Total Operation Time:   70.258 ms
 -> (artifact id: '4e927c849d6e884d685d255766c2c482') in 0.100821 seconds
Number of updated asset objects reloaded before import = 0
Number of asset objects unloaded after import = 32
========================================================================
Received Import Request.
  Time since last request: 0.000019 seconds.
  path: Assets/Samples/Universal RP/14.0.10/URP Package Samples/RendererFeatures/AmbientOcclusion/Animation
  artifactKey: Guid(d2cfe778d16ed48b68bc5e98166d0a64) Importer(2089858483,0ecaa5967403d082aa24f35e1b516d23)
Start importing Assets/Samples/Universal RP/14.0.10/URP Package Samples/RendererFeatures/AmbientOcclusion/Animation using Guid(d2cfe778d16ed48b68bc5e98166d0a64) Importer(2089858483,0ecaa5967403d082aa24f35e1b516d23)  -> (artifact id: 'cd83c830b8587dfbd04faddf5daeac05') in 0.009197 seconds
Number of updated asset objects reloaded before import = 0
Number of asset objects unloaded after import = 1
========================================================================
Received Import Request.
  Time since last request: 0.000048 seconds.
  path: Assets/3D Models/Props/Industrial/Pipeline/Update_1.03/Prefabs/Medium/M_Support_Full_02.prefab
  artifactKey: Guid(97aab9c1a5948c646a980527f03ebbc4) Importer(2089858483,3d70f49cd1c2eb9ae422958d1c652c6b)
Start importing Assets/3D Models/Props/Industrial/Pipeline/Update_1.03/Prefabs/Medium/M_Support_Full_02.prefab using Guid(97aab9c1a5948c646a980527f03ebbc4) Importer(2089858483,3d70f49cd1c2eb9ae422958d1c652c6b)  -> (artifact id: '70acb165f2821fd59546ac797713ad31') in 0.013176 seconds
Number of updated asset objects reloaded before import = 0
Number of asset objects unloaded after import = 17
========================================================================
Received Import Request.
  Time since last request: 0.000013 seconds.
  path: Assets/Samples/Universal RP/14.0.10/URP Package Samples/Lighting/Reflection Probes/Reflection Probes.unity
  artifactKey: Guid(537f82bd8b740da42a12b70d28fc59eb) Importer(2089858483,0ecaa5967403d082aa24f35e1b516d23)
Start importing Assets/Samples/Universal RP/14.0.10/URP Package Samples/Lighting/Reflection Probes/Reflection Probes.unity using Guid(537f82bd8b740da42a12b70d28fc59eb) Importer(2089858483,0ecaa5967403d082aa24f35e1b516d23)  -> (artifact id: 'c88cab15c2c368aed9008cd7414f9616') in 0.010897 seconds
Number of updated asset objects reloaded before import = 0
Number of asset objects unloaded after import = 1
========================================================================
Received Import Request.
  Time since last request: 0.000014 seconds.
  path: Assets/3D Models/Props/Industrial/Pipeline/Update_1.00/Prefabs
  artifactKey: Guid(58b11c32a7391554f9710d7d3841bf32) Importer(2089858483,0ecaa5967403d082aa24f35e1b516d23)
Start importing Assets/3D Models/Props/Industrial/Pipeline/Update_1.00/Prefabs using Guid(58b11c32a7391554f9710d7d3841bf32) Importer(2089858483,0ecaa5967403d082aa24f35e1b516d23)  -> (artifact id: '2fd478b5de5544198f66ed090be99abd') in 0.009815 seconds
Number of updated asset objects reloaded before import = 0
Number of asset objects unloaded after import = 1
========================================================================
Received Import Request.
  Time since last request: 0.000057 seconds.
  path: Assets/3D Models/Props/Industrial/Pipeline/Update_1.03/Mesh/Small/sPipe_10_LOD0.FBX
  artifactKey: Guid(aa70523884978b74cb7029a15ba964ee) Importer(2089858483,0ecaa5967403d082aa24f35e1b516d23)
Start importing Assets/3D Models/Props/Industrial/Pipeline/Update_1.03/Mesh/Small/sPipe_10_LOD0.FBX using Guid(aa70523884978b74cb7029a15ba964ee) Importer(2089858483,0ecaa5967403d082aa24f35e1b516d23)  -> (artifact id: '9538d53111d26c2a643c31303a69ef52') in 0.028311 seconds
Number of updated asset objects reloaded before import = 0
Number of asset objects unloaded after import = 7
========================================================================
Received Import Request.
  Time since last request: 0.001902 seconds.
  path: Assets/3D Models/Props/Industrial/Pipeline/Update_1.03/Textures/P_01_AO.png
  artifactKey: Guid(f0374aaaf26766647a2263ad41e719f6) Importer(2089858483,0ecaa5967403d082aa24f35e1b516d23)
Start importing Assets/3D Models/Props/Industrial/Pipeline/Update_1.03/Textures/P_01_AO.png using Guid(f0374aaaf26766647a2263ad41e719f6) Importer(2089858483,0ecaa5967403d082aa24f35e1b516d23)  -> (artifact id: '089ced5ed6ffab2bd3dea7c58c58db90') in 0.021648 seconds
Number of updated asset objects reloaded before import = 0
Number of asset objects unloaded after import = 1
========================================================================
Received Import Request.
  Time since last request: 0.000013 seconds.
  path: Assets/3D Models/Props/Industrial/Pipeline/Update_1.03/Prefabs/Medium/M_Valve_Handle_Yellow_01.prefab
  artifactKey: Guid(1d56231a5da21134a829c85d8bb3d958) Importer(2089858483,0ecaa5967403d082aa24f35e1b516d23)
Start importing Assets/3D Models/Props/Industrial/Pipeline/Update_1.03/Prefabs/Medium/M_Valve_Handle_Yellow_01.prefab using Guid(1d56231a5da21134a829c85d8bb3d958) Importer(2089858483,0ecaa5967403d082aa24f35e1b516d23)  -> (artifact id: '4fe65f2d141a88c7f7a98a355579c35a') in 0.017483 seconds
Number of updated asset objects reloaded before import = 0
Number of asset objects unloaded after import = 18
========================================================================
Received Import Request.
  Time since last request: 0.000013 seconds.
  path: Assets/3D Models/Props/Industrial/Pipeline/Update_1.03/Mesh/Valve_02.FBX
  artifactKey: Guid(8341ed7accf73504abfe0ec7807d9e2d) Importer(2089858483,0ecaa5967403d082aa24f35e1b516d23)
Start importing Assets/3D Models/Props/Industrial/Pipeline/Update_1.03/Mesh/Valve_02.FBX using Guid(8341ed7accf73504abfe0ec7807d9e2d) Importer(2089858483,0ecaa5967403d082aa24f35e1b516d23)  -> (artifact id: 'b06395b7022f075638841652bb9d5a80') in 0.028033 seconds
Number of updated asset objects reloaded before import = 0
Number of asset objects unloaded after import = 7
========================================================================
Received Import Request.
  Time since last request: 0.000015 seconds.
  path: Assets/Samples/Universal RP/14.0.10/URP Package Samples/CameraStacking/3D Skybox/Prefabs/MediumDetailBlock.prefab
  artifactKey: Guid(bf5c1cd68667849578410288846be21f) Importer(2089858483,3d70f49cd1c2eb9ae422958d1c652c6b)
Start importing Assets/Samples/Universal RP/14.0.10/URP Package Samples/CameraStacking/3D Skybox/Prefabs/MediumDetailBlock.prefab using Guid(bf5c1cd68667849578410288846be21f) Importer(2089858483,3d70f49cd1c2eb9ae422958d1c652c6b)  -> (artifact id: '59c7a02a8ecbd16446260c753ff49d30') in 0.017190 seconds
Number of updated asset objects reloaded before import = 0
Number of asset objects unloaded after import = 42
========================================================================
Received Import Request.
  Time since last request: 0.000015 seconds.
  path: Assets/Samples/Universal RP/14.0.10/URP Package Samples/CameraStacking/SplitScreen/SplitScreen/PostProcessingVolume Profile.asset
  artifactKey: Guid(e10cacc3198ea43f08f0ecfaa0435918) Importer(2089858483,3d70f49cd1c2eb9ae422958d1c652c6b)
Start importing Assets/Samples/Universal RP/14.0.10/URP Package Samples/CameraStacking/SplitScreen/SplitScreen/PostProcessingVolume Profile.asset using Guid(e10cacc3198ea43f08f0ecfaa0435918) Importer(2089858483,3d70f49cd1c2eb9ae422958d1c652c6b)  -> (artifact id: '50019100219ff78aa21b884ebfa663b1') in 0.016097 seconds
Number of updated asset objects reloaded before import = 0
Number of asset objects unloaded after import = 5
========================================================================
Received Import Request.
  Time since last request: 0.000406 seconds.
  path: Assets/3D Models/Props/Industrial/Pipeline/Update_1.03/Textures/White/P_01_DIFFUSE.png
  artifactKey: Guid(0275fc115a32c1c4aa63c630d6cdd14c) Importer(2089858483,0ecaa5967403d082aa24f35e1b516d23)
Start importing Assets/3D Models/Props/Industrial/Pipeline/Update_1.03/Textures/White/P_01_DIFFUSE.png using Guid(0275fc115a32c1c4aa63c630d6cdd14c) Importer(2089858483,0ecaa5967403d082aa24f35e1b516d23)  -> (artifact id: '3fdd4a13c98b4ac100754dafab947dc7') in 0.031058 seconds
Number of updated asset objects reloaded before import = 0
Number of asset objects unloaded after import = 1
========================================================================
Received Import Request.
  Time since last request: 0.000206 seconds.
  path: Assets/3D Models/Props/Industrial/Pipeline/Update_1.03/Textures/Support_01_SPECULAR.png
  artifactKey: Guid(501de2d299c835f4eba6a7db49a9e424) Importer(2089858483,0ecaa5967403d082aa24f35e1b516d23)
Start importing Assets/3D Models/Props/Industrial/Pipeline/Update_1.03/Textures/Support_01_SPECULAR.png using Guid(501de2d299c835f4eba6a7db49a9e424) Importer(2089858483,0ecaa5967403d082aa24f35e1b516d23)  -> (artifact id: '40816af4c00ed811fc321ff862af7b50') in 0.031986 seconds
Number of updated asset objects reloaded before import = 0
Number of asset objects unloaded after import = 1
========================================================================
Received Import Request.
  Time since last request: 0.000841 seconds.
  path: Assets/3D Models/Props/Industrial/Pipeline/Example/Materials/FloorMaterial.mat
  artifactKey: Guid(ad170018c27791e45b7586af5459e806) Importer(2089858483,0ecaa5967403d082aa24f35e1b516d23)
Start importing Assets/3D Models/Props/Industrial/Pipeline/Example/Materials/FloorMaterial.mat using Guid(ad170018c27791e45b7586af5459e806) Importer(2089858483,0ecaa5967403d082aa24f35e1b516d23)  -> (artifact id: '1c73eb2747250a5a8a2fc4a4e38ee49e') in 0.010910 seconds
Number of updated asset objects reloaded before import = 0
Number of asset objects unloaded after import = 1
========================================================================
Received Import Request.
  Time since last request: 0.001591 seconds.
  path: Assets/3D Models/Props/Industrial/Pipeline/Update_1.03/Prefabs/Medium/M_Pipe_L200_Yellow_02.prefab
  artifactKey: Guid(786d0dc17d64427478c409bf1d2de1c9) Importer(2089858483,0ecaa5967403d082aa24f35e1b516d23)
Start importing Assets/3D Models/Props/Industrial/Pipeline/Update_1.03/Prefabs/Medium/M_Pipe_L200_Yellow_02.prefab using Guid(786d0dc17d64427478c409bf1d2de1c9) Importer(2089858483,0ecaa5967403d082aa24f35e1b516d23)  -> (artifact id: 'df3880792b67beede29374e11615b8f3') in 0.017483 seconds
Number of updated asset objects reloaded before import = 0
Number of asset objects unloaded after import = 18
========================================================================
Received Import Request.
  Time since last request: 0.000313 seconds.
  path: Assets/3D Models/Props/Industrial/Pipeline/Update_1.03/Prefabs/Manometr.prefab
  artifactKey: Guid(6bc7ed713a0a5ee4cab6a682a68e522d) Importer(2089858483,0ecaa5967403d082aa24f35e1b516d23)
Start importing Assets/3D Models/Props/Industrial/Pipeline/Update_1.03/Prefabs/Manometr.prefab using Guid(6bc7ed713a0a5ee4cab6a682a68e522d) Importer(2089858483,0ecaa5967403d082aa24f35e1b516d23)  -> (artifact id: '9c57f213a74dc8128381833d118b6f6f') in 0.011671 seconds
Number of updated asset objects reloaded before import = 0
Number of asset objects unloaded after import = 17
========================================================================
Received Import Request.
  Time since last request: 0.000013 seconds.
  path: Assets/3D Models/Props/Industrial/Pipeline/Update_1.00/Textures/Pipe_16_NORMAL.png
  artifactKey: Guid(e2e6e4efb70b2e841a3878c90fb85eb4) Importer(2089858483,0ecaa5967403d082aa24f35e1b516d23)
Start importing Assets/3D Models/Props/Industrial/Pipeline/Update_1.00/Textures/Pipe_16_NORMAL.png using Guid(e2e6e4efb70b2e841a3878c90fb85eb4) Importer(2089858483,0ecaa5967403d082aa24f35e1b516d23)  -> (artifact id: '7ca604d3e9e7d43d76f70db63bb772a9') in 0.030231 seconds
Number of updated asset objects reloaded before import = 0
Number of asset objects unloaded after import = 1
========================================================================
Received Import Request.
  Time since last request: 0.000478 seconds.
  path: Assets/3D Models/Props/Industrial/Pipeline/Update_1.03/Prefabs/Medium/M_Bolt_Yellow_x17.prefab
  artifactKey: Guid(31be86ded9ad99249b6357c2e8fbb633) Importer(2089858483,0ecaa5967403d082aa24f35e1b516d23)
Start importing Assets/3D Models/Props/Industrial/Pipeline/Update_1.03/Prefabs/Medium/M_Bolt_Yellow_x17.prefab using Guid(31be86ded9ad99249b6357c2e8fbb633) Importer(2089858483,0ecaa5967403d082aa24f35e1b516d23)  -> (artifact id: '53eac778f51bfbfcc68e30a9d37f356a') in 0.012305 seconds
Number of updated asset objects reloaded before import = 0
Number of asset objects unloaded after import = 17
========================================================================
Received Import Request.
  Time since last request: 0.000016 seconds.
  path: Assets/3D Models/Props/Industrial/Pipeline/Update_1.00/Textures/Pipe_16_SPECULAR.png
  artifactKey: Guid(ba0f4964ed2606f4a9cfb723e901033c) Importer(2089858483,0ecaa5967403d082aa24f35e1b516d23)
Start importing Assets/3D Models/Props/Industrial/Pipeline/Update_1.00/Textures/Pipe_16_SPECULAR.png using Guid(ba0f4964ed2606f4a9cfb723e901033c) Importer(2089858483,0ecaa5967403d082aa24f35e1b516d23)  -> (artifact id: '1f36714a87760e1d5bbb9676f6e7edde') in 0.027755 seconds
Number of updated asset objects reloaded before import = 0
Number of asset objects unloaded after import = 1
========================================================================
Received Import Request.
  Time since last request: 0.000118 seconds.
  path: Assets/Samples/Universal RP/14.0.10/URP Package Samples/CameraStacking/3D Skybox/Animation/Main Camera.controller
  artifactKey: Guid(54d72bd79e80c44e3bd7e1b39668cdfc) Importer(2089858483,0ecaa5967403d082aa24f35e1b516d23)
Start importing Assets/Samples/Universal RP/14.0.10/URP Package Samples/CameraStacking/3D Skybox/Animation/Main Camera.controller using Guid(54d72bd79e80c44e3bd7e1b39668cdfc) Importer(2089858483,0ecaa5967403d082aa24f35e1b516d23)  -> (artifact id: '2d28f545180a68f537a1b742eb6251ad') in 0.012492 seconds
Number of updated asset objects reloaded before import = 0
Number of asset objects unloaded after import = 4
========================================================================
Received Import Request.
  Time since last request: 0.000013 seconds.
  path: Assets/3D Models/Props/Industrial/Pipeline/Update_1.03/Mesh/Pipe_08.FBX
  artifactKey: Guid(0747df1e498e40a4b887e2d4950cf7e0) Importer(2089858483,0ecaa5967403d082aa24f35e1b516d23)
Start importing Assets/3D Models/Props/Industrial/Pipeline/Update_1.03/Mesh/Pipe_08.FBX using Guid(0747df1e498e40a4b887e2d4950cf7e0) Importer(2089858483,0ecaa5967403d082aa24f35e1b516d23)  -> (artifact id: 'df642ac2f6d192a21d73afcaad38fa0d') in 0.017279 seconds
Number of updated asset objects reloaded before import = 0
Number of asset objects unloaded after import = 7
========================================================================
Received Import Request.
  Time since last request: 0.000134 seconds.
  path: Assets/TextMesh Pro/Examples & Extras/Scenes/12 - Link Example.unity
  artifactKey: Guid(9747140c28254be2adc582210dfb89b8) Importer(2089858483,3d70f49cd1c2eb9ae422958d1c652c6b)
Start importing Assets/TextMesh Pro/Examples & Extras/Scenes/12 - Link Example.unity using Guid(9747140c28254be2adc582210dfb89b8) Importer(2089858483,3d70f49cd1c2eb9ae422958d1c652c6b) Opening scene 'Assets/TextMesh Pro/Examples & Extras/Scenes/12 - Link Example.unity additively'
LightingSettings: switching bake backend from 1 to 0.
Loaded scene 'Assets/TextMesh Pro/Examples & Extras/Scenes/12 - Link Example.unity'
	Deserialize:            28.041 ms
	Integration:            4.735 ms
	Integration of assets:  0.848 ms
	Thread Wait Time:       0.010 ms
	Total Operation Time:   33.634 ms
 -> (artifact id: 'e7e6ba29b953e427d61a9241c46c66a5') in 0.042838 seconds
Number of updated asset objects reloaded before import = 0
Number of asset objects unloaded after import = 34
========================================================================
Received Import Request.
  Time since last request: 0.118494 seconds.
  path: Assets/3D Models/Props/Industrial/Pipeline/Update_1.03/Textures/White/Valve_White_01_DIFFUSE.png
  artifactKey: Guid(4d95b134d5f50df468b7db4d8a1ee22f) Importer(2089858483,0ecaa5967403d082aa24f35e1b516d23)
Start importing Assets/3D Models/Props/Industrial/Pipeline/Update_1.03/Textures/White/Valve_White_01_DIFFUSE.png using Guid(4d95b134d5f50df468b7db4d8a1ee22f) Importer(2089858483,0ecaa5967403d082aa24f35e1b516d23)  -> (artifact id: '179084d5d51ef9ff5e7f48d0163318fd') in 0.054427 seconds
Number of updated asset objects reloaded before import = 0
Number of asset objects unloaded after import = 1
========================================================================
Received Import Request.
  Time since last request: 0.000084 seconds.
  path: Assets/3D Models/Props/Industrial/Pipeline/Update_1.00/Textures/02__DIFFUSE.png
  artifactKey: Guid(9429e6c55f5637c40a19c111d0e0e062) Importer(2089858483,0ecaa5967403d082aa24f35e1b516d23)
Start importing Assets/3D Models/Props/Industrial/Pipeline/Update_1.00/Textures/02__DIFFUSE.png using Guid(9429e6c55f5637c40a19c111d0e0e062) Importer(2089858483,0ecaa5967403d082aa24f35e1b516d23)  -> (artifact id: 'f67f3377ff2bca524d972e605d0eadca') in 0.031216 seconds
Number of updated asset objects reloaded before import = 0
Number of asset objects unloaded after import = 1
========================================================================
Received Import Request.
  Time since last request: 0.000275 seconds.
  path: Assets/3D Models/Props/Industrial/Pipeline/Update_1.03/Mesh/Small/sPipe_02.FBX
  artifactKey: Guid(63c56dff50b8158478eb9aaa8810af7a) Importer(2089858483,0ecaa5967403d082aa24f35e1b516d23)
Start importing Assets/3D Models/Props/Industrial/Pipeline/Update_1.03/Mesh/Small/sPipe_02.FBX using Guid(63c56dff50b8158478eb9aaa8810af7a) Importer(2089858483,0ecaa5967403d082aa24f35e1b516d23)  -> (artifact id: '65108e1c3259560cf3024e59dfc581a0') in 0.021618 seconds
Number of updated asset objects reloaded before import = 0
Number of asset objects unloaded after import = 7
========================================================================
Received Import Request.
  Time since last request: 0.000171 seconds.
  path: Assets/3D Models/Props/Industrial/Pipeline/Update_1.03/Mesh/Valve_01.FBX
  artifactKey: Guid(83e1420d1dafc2941b88fa2fe3509456) Importer(2089858483,0ecaa5967403d082aa24f35e1b516d23)
Start importing Assets/3D Models/Props/Industrial/Pipeline/Update_1.03/Mesh/Valve_01.FBX using Guid(83e1420d1dafc2941b88fa2fe3509456) Importer(2089858483,0ecaa5967403d082aa24f35e1b516d23)  -> (artifact id: '69ef056f9af7057b5f888f75eb853e4a') in 0.029369 seconds
Number of updated asset objects reloaded before import = 0
Number of asset objects unloaded after import = 7
========================================================================
Received Import Request.
  Time since last request: 0.000013 seconds.
  path: Assets/3D Models/Props/Industrial/Pipeline/Update_1.03/Mesh/Small/sPipe_07_LOD0.FBX
  artifactKey: Guid(93df7695962a9304fb91249beb4f0fff) Importer(2089858483,0ecaa5967403d082aa24f35e1b516d23)
Start importing Assets/3D Models/Props/Industrial/Pipeline/Update_1.03/Mesh/Small/sPipe_07_LOD0.FBX using Guid(93df7695962a9304fb91249beb4f0fff) Importer(2089858483,0ecaa5967403d082aa24f35e1b516d23)  -> (artifact id: '088481295fa7127aa693abd2bc02df61') in 0.019445 seconds
Number of updated asset objects reloaded before import = 0
Number of asset objects unloaded after import = 7
========================================================================
Received Import Request.
  Time since last request: 0.000018 seconds.
  path: Assets/3D Models/Props/Industrial/Pipeline/Update_1.03/Textures/White/Bolt_White__DIFFUSE.png
  artifactKey: Guid(fa275bacfa7d633479656107aa548f22) Importer(2089858483,0ecaa5967403d082aa24f35e1b516d23)
Start importing Assets/3D Models/Props/Industrial/Pipeline/Update_1.03/Textures/White/Bolt_White__DIFFUSE.png using Guid(fa275bacfa7d633479656107aa548f22) Importer(2089858483,0ecaa5967403d082aa24f35e1b516d23)  -> (artifact id: '866738f0341f2f15d243e516a6aae3ec') in 0.043362 seconds
Number of updated asset objects reloaded before import = 0
Number of asset objects unloaded after import = 1
========================================================================
Received Import Request.
  Time since last request: 0.000923 seconds.
  path: Assets/3D Models/Props/Industrial/Pipeline/Update_1.03/Prefabs/Small/S_Bolt_White_x17.prefab
  artifactKey: Guid(3e74ca0ac8e3fe8418be17addc92d6e9) Importer(2089858483,0ecaa5967403d082aa24f35e1b516d23)
Start importing Assets/3D Models/Props/Industrial/Pipeline/Update_1.03/Prefabs/Small/S_Bolt_White_x17.prefab using Guid(3e74ca0ac8e3fe8418be17addc92d6e9) Importer(2089858483,0ecaa5967403d082aa24f35e1b516d23)  -> (artifact id: 'a7f8ca8a68454598c46cad376500c842') in 0.013723 seconds
Number of updated asset objects reloaded before import = 0
Number of asset objects unloaded after import = 17
========================================================================
Received Import Request.
  Time since last request: 0.000014 seconds.
  path: Assets/3D Models/Props/Industrial/Pipeline/Update_1.03/Mesh/PipeValve_01.FBX
  artifactKey: Guid(106fbce8841cf5f4c808a8358b7db412) Importer(2089858483,0ecaa5967403d082aa24f35e1b516d23)
Start importing Assets/3D Models/Props/Industrial/Pipeline/Update_1.03/Mesh/PipeValve_01.FBX using Guid(106fbce8841cf5f4c808a8358b7db412) Importer(2089858483,0ecaa5967403d082aa24f35e1b516d23)  -> (artifact id: '2d167d0e96a3ac5723034c67e7bf386b') in 0.020658 seconds
Number of updated asset objects reloaded before import = 0
Number of asset objects unloaded after import = 7
========================================================================
Received Import Request.
  Time since last request: 0.000013 seconds.
  path: Assets/3D Models/Props/Industrial/Pipeline/Update_1.00/Prefabs/Pipe_04.prefab
  artifactKey: Guid(9f0d0e0848ce5eb4c812b629e85a6dd6) Importer(2089858483,0ecaa5967403d082aa24f35e1b516d23)
Start importing Assets/3D Models/Props/Industrial/Pipeline/Update_1.00/Prefabs/Pipe_04.prefab using Guid(9f0d0e0848ce5eb4c812b629e85a6dd6) Importer(2089858483,0ecaa5967403d082aa24f35e1b516d23)  -> (artifact id: 'af3ca58d3bf76eea13f62075a564381a') in 0.013366 seconds
Number of updated asset objects reloaded before import = 0
Number of asset objects unloaded after import = 18
========================================================================
Received Import Request.
  Time since last request: 0.000036 seconds.
  path: Assets/3D Models/Props/Industrial/Pipeline/Update_1.03/Textures/Pipe_09_NORMAL.png
  artifactKey: Guid(985263c9fd9c5a24aa7eee136a9f3230) Importer(2089858483,0ecaa5967403d082aa24f35e1b516d23)
Start importing Assets/3D Models/Props/Industrial/Pipeline/Update_1.03/Textures/Pipe_09_NORMAL.png using Guid(985263c9fd9c5a24aa7eee136a9f3230) Importer(2089858483,0ecaa5967403d082aa24f35e1b516d23)  -> (artifact id: 'a6bf29bfd75744bdd0ceebe89639341e') in 0.021413 seconds
Number of updated asset objects reloaded before import = 0
Number of asset objects unloaded after import = 1
========================================================================
Received Import Request.
  Time since last request: 0.000087 seconds.
  path: Assets/3D Models/Props/Industrial/Pipeline/Update_1.03/Mesh/Small/sPipe_06.FBX
  artifactKey: Guid(d9972745440419f41aabef7f690c65af) Importer(2089858483,0ecaa5967403d082aa24f35e1b516d23)
Start importing Assets/3D Models/Props/Industrial/Pipeline/Update_1.03/Mesh/Small/sPipe_06.FBX using Guid(d9972745440419f41aabef7f690c65af) Importer(2089858483,0ecaa5967403d082aa24f35e1b516d23)  -> (artifact id: 'f71b084d1ecda64a7d73b129a51f042c') in 0.019861 seconds
Number of updated asset objects reloaded before import = 0
Number of asset objects unloaded after import = 7
========================================================================
Received Import Request.
  Time since last request: 0.000851 seconds.
  path: Assets/3D Models/Props/Industrial/Pipeline/Update_1.03/Prefabs/Medium/M_Pipe_Corner30_Yellow_11.prefab
  artifactKey: Guid(9eb5dba4a3ec53c45852571dd03c2871) Importer(2089858483,0ecaa5967403d082aa24f35e1b516d23)
Start importing Assets/3D Models/Props/Industrial/Pipeline/Update_1.03/Prefabs/Medium/M_Pipe_Corner30_Yellow_11.prefab using Guid(9eb5dba4a3ec53c45852571dd03c2871) Importer(2089858483,0ecaa5967403d082aa24f35e1b516d23)  -> (artifact id: '714382fa5d8cfd29e51ab820ab6a6716') in 0.012234 seconds
Number of updated asset objects reloaded before import = 0
Number of asset objects unloaded after import = 18
========================================================================
Received Import Request.
  Time since last request: 0.000012 seconds.
  path: Assets/3D Models/Props/Industrial/Pipeline/Update_1.03/Prefabs/Small/S_Pipe_L25_White_04.prefab
  artifactKey: Guid(c0104ae8b9dd53b4281c6617cdc39991) Importer(2089858483,0ecaa5967403d082aa24f35e1b516d23)
Start importing Assets/3D Models/Props/Industrial/Pipeline/Update_1.03/Prefabs/Small/S_Pipe_L25_White_04.prefab using Guid(c0104ae8b9dd53b4281c6617cdc39991) Importer(2089858483,0ecaa5967403d082aa24f35e1b516d23)  -> (artifact id: '64ab5dc96472517818e93644279e7021') in 0.010939 seconds
Number of updated asset objects reloaded before import = 0
Number of asset objects unloaded after import = 18
========================================================================
Received Import Request.
  Time since last request: 0.061439 seconds.
  path: Assets/3D Models/Props/Industrial/Pipeline/Update_1.03/Prefabs/Medium/M_Pipe_L100_Yellow_01.prefab
  artifactKey: Guid(73ce829c3b3b86b49bb6f159a8a8c9e4) Importer(2089858483,0ecaa5967403d082aa24f35e1b516d23)
Start importing Assets/3D Models/Props/Industrial/Pipeline/Update_1.03/Prefabs/Medium/M_Pipe_L100_Yellow_01.prefab using Guid(73ce829c3b3b86b49bb6f159a8a8c9e4) Importer(2089858483,0ecaa5967403d082aa24f35e1b516d23)  -> (artifact id: 'c737b0643681fbc98c3af55d3c322086') in 0.013780 seconds
Number of updated asset objects reloaded before import = 0
Number of asset objects unloaded after import = 18
========================================================================
Received Import Request.
  Time since last request: 0.000014 seconds.
  path: Assets/TextMesh Pro/Resources/LineBreaking Leading Characters.txt
  artifactKey: Guid(d82c1b31c7e74239bff1220585707d2b) Importer(2089858483,0ecaa5967403d082aa24f35e1b516d23)
Start importing Assets/TextMesh Pro/Resources/LineBreaking Leading Characters.txt using Guid(d82c1b31c7e74239bff1220585707d2b) Importer(2089858483,0ecaa5967403d082aa24f35e1b516d23)  -> (artifact id: 'c36cbb31c52d8a0db082bb7b2d4b640c') in 0.008868 seconds
Number of updated asset objects reloaded before import = 0
Number of asset objects unloaded after import = 1
========================================================================
Received Import Request.
  Time since last request: 0.000013 seconds.
  path: Assets/Micro_Sub/Textures/MicroSub_MetallicSmoothness.png
  artifactKey: Guid(62773a77d03f07447b880a13b4c693bc) Importer(2089858483,0ecaa5967403d082aa24f35e1b516d23)
Start importing Assets/Micro_Sub/Textures/MicroSub_MetallicSmoothness.png using Guid(62773a77d03f07447b880a13b4c693bc) Importer(2089858483,0ecaa5967403d082aa24f35e1b516d23)  -> (artifact id: 'bd7dce443b28385a4f1bf1a0ffa6f7b4') in 0.055165 seconds
Number of updated asset objects reloaded before import = 0
Number of asset objects unloaded after import = 1
========================================================================
Received Import Request.
  Time since last request: 0.000013 seconds.
  path: Assets/3D Models/Props/Industrial/Pipeline/Example/Scene/Scene.unity
  artifactKey: Guid(d9af48fc872c51d42a48a89f7e5f169f) Importer(2089858483,0ecaa5967403d082aa24f35e1b516d23)
Start importing Assets/3D Models/Props/Industrial/Pipeline/Example/Scene/Scene.unity using Guid(d9af48fc872c51d42a48a89f7e5f169f) Importer(2089858483,0ecaa5967403d082aa24f35e1b516d23)  -> (artifact id: 'b0bf02fa39be09f918c43194ee0d9f6b') in 0.012367 seconds
Number of updated asset objects reloaded before import = 0
Number of asset objects unloaded after import = 1
========================================================================
Received Import Request.
  Time since last request: 0.000175 seconds.
  path: Assets/Micro_Sub/Textures/MicroSub_Normal.png
  artifactKey: Guid(70cb49b8487e4a44a861b466b6c72e43) Importer(2089858483,0ecaa5967403d082aa24f35e1b516d23)
Start importing Assets/Micro_Sub/Textures/MicroSub_Normal.png using Guid(70cb49b8487e4a44a861b466b6c72e43) Importer(2089858483,0ecaa5967403d082aa24f35e1b516d23)  -> (artifact id: '48e380e385e021c95b1b0d01a53ff86a') in 0.035730 seconds
Number of updated asset objects reloaded before import = 0
Number of asset objects unloaded after import = 1
========================================================================
Received Import Request.
  Time since last request: 0.000678 seconds.
  path: Assets/TextMesh Pro/Fonts/LiberationSans.ttf
  artifactKey: Guid(e3265ab4bf004d28a9537516768c1c75) Importer(2089858483,0ecaa5967403d082aa24f35e1b516d23)
Start importing Assets/TextMesh Pro/Fonts/LiberationSans.ttf using Guid(e3265ab4bf004d28a9537516768c1c75) Importer(2089858483,0ecaa5967403d082aa24f35e1b516d23)  -> (artifact id: '0d5d348190c7ae4778f9e2910dd168db') in 0.020589 seconds
Number of updated asset objects reloaded before import = 0
Number of asset objects unloaded after import = 3
========================================================================
Received Import Request.
  Time since last request: 0.000014 seconds.
  path: Assets/TextMesh Pro/Resources/TMP Settings.asset
  artifactKey: Guid(3f5b5dff67a942289a9defa416b206f3) Importer(2089858483,0ecaa5967403d082aa24f35e1b516d23)
Start importing Assets/TextMesh Pro/Resources/TMP Settings.asset using Guid(3f5b5dff67a942289a9defa416b206f3) Importer(2089858483,0ecaa5967403d082aa24f35e1b516d23)  -> (artifact id: 'd4fd16b5c78d26400152b453f2fcc5fd') in 0.045530 seconds
Number of updated asset objects reloaded before import = 0
Number of asset objects unloaded after import = 15
========================================================================
Received Import Request.
  Time since last request: 0.001110 seconds.
  path: Assets/3D Models/Props/Industrial/Pipeline/Update_1.03/Textures/White/Pipe_White_05_DIFFUSE.png
  artifactKey: Guid(8647206a3343f1c44885212cc6bc3e02) Importer(2089858483,0ecaa5967403d082aa24f35e1b516d23)
Start importing Assets/3D Models/Props/Industrial/Pipeline/Update_1.03/Textures/White/Pipe_White_05_DIFFUSE.png using Guid(8647206a3343f1c44885212cc6bc3e02) Importer(2089858483,0ecaa5967403d082aa24f35e1b516d23)  -> (artifact id: '2a30b5feb36ec78c0c4c4c78012329de') in 0.038177 seconds
Number of updated asset objects reloaded before import = 0
Number of asset objects unloaded after import = 1
========================================================================
Received Import Request.
  Time since last request: 0.000011 seconds.
  path: Assets/TextMesh Pro/Shaders/TMP_SDF-Surface.shader
  artifactKey: Guid(f7ada0af4f174f0694ca6a487b8f543d) Importer(2089858483,0ecaa5967403d082aa24f35e1b516d23)
Start importing Assets/TextMesh Pro/Shaders/TMP_SDF-Surface.shader using Guid(f7ada0af4f174f0694ca6a487b8f543d) Importer(2089858483,0ecaa5967403d082aa24f35e1b516d23)  -> (artifact id: 'ec8bd2fe45936c6d946bf161ffc717a1') in 0.014082 seconds
Number of updated asset objects reloaded before import = 0
Number of asset objects unloaded after import = 1
========================================================================
Received Import Request.
  Time since last request: 0.000171 seconds.
  path: Assets/TextMesh Pro/Shaders/TMP_SDF.shader
  artifactKey: Guid(68e6db2ebdc24f95958faec2be5558d6) Importer(2089858483,0ecaa5967403d082aa24f35e1b516d23)
Start importing Assets/TextMesh Pro/Shaders/TMP_SDF.shader using Guid(68e6db2ebdc24f95958faec2be5558d6) Importer(2089858483,0ecaa5967403d082aa24f35e1b516d23)  -> (artifact id: '3d4d04b1c26d365bf7f8aeca4119d61c') in 0.010890 seconds
Number of updated asset objects reloaded before import = 0
Number of asset objects unloaded after import = 1
========================================================================
Received Import Request.
  Time since last request: 0.000014 seconds.
  path: Assets/YughuesFreeSandMaterials/Textures/T_YFSM_05_n.tga
  artifactKey: Guid(d9b6facf3ae30f742bc66ad4a4aab8b0) Importer(2089858483,0ecaa5967403d082aa24f35e1b516d23)
Start importing Assets/YughuesFreeSandMaterials/Textures/T_YFSM_05_n.tga using Guid(d9b6facf3ae30f742bc66ad4a4aab8b0) Importer(2089858483,0ecaa5967403d082aa24f35e1b516d23)  -> (artifact id: 'f8352cd4412cb49f35f5eac38de0be5d') in 0.016177 seconds
Number of updated asset objects reloaded before import = 0
Number of asset objects unloaded after import = 1
========================================================================
Received Import Request.
  Time since last request: 0.000013 seconds.
  path: Assets/3D Models/Props/Industrial/Pipeline/Update_1.00/Prefabs/Pipe_01.prefab
  artifactKey: Guid(288792e05dc3ff249b95aa5b607b4b45) Importer(2089858483,0ecaa5967403d082aa24f35e1b516d23)
Start importing Assets/3D Models/Props/Industrial/Pipeline/Update_1.00/Prefabs/Pipe_01.prefab using Guid(288792e05dc3ff249b95aa5b607b4b45) Importer(2089858483,0ecaa5967403d082aa24f35e1b516d23)  -> (artifact id: 'ce399007da58c99e52137ed33b48a56b') in 0.012212 seconds
Number of updated asset objects reloaded before import = 0
Number of asset objects unloaded after import = 18
========================================================================
Received Import Request.
  Time since last request: 0.000315 seconds.
  path: Assets/3D Models/Props/Industrial/Pipeline/Update_1.03/Prefabs/Small/S_Valve02_White_02.prefab
  artifactKey: Guid(13083aa68ff8c5e40b56ee8c84eb5c2b) Importer(2089858483,0ecaa5967403d082aa24f35e1b516d23)
Start importing Assets/3D Models/Props/Industrial/Pipeline/Update_1.03/Prefabs/Small/S_Valve02_White_02.prefab using Guid(13083aa68ff8c5e40b56ee8c84eb5c2b) Importer(2089858483,0ecaa5967403d082aa24f35e1b516d23)  -> (artifact id: 'bd995328607569d87cfb4c3ee0bd9598') in 0.013482 seconds
Number of updated asset objects reloaded before import = 0
Number of asset objects unloaded after import = 30
========================================================================
Received Import Request.
  Time since last request: 0.000091 seconds.
  path: Assets/TextMesh Pro/Resources/Fonts & Materials
  artifactKey: Guid(731f1baa9d144a9897cb1d341c2092b8) Importer(2089858483,0ecaa5967403d082aa24f35e1b516d23)
Start importing Assets/TextMesh Pro/Resources/Fonts & Materials using Guid(731f1baa9d144a9897cb1d341c2092b8) Importer(2089858483,0ecaa5967403d082aa24f35e1b516d23)  -> (artifact id: '6a66f96c91da70b56aa0fc27bf784c09') in 0.011821 seconds
Number of updated asset objects reloaded before import = 0
Number of asset objects unloaded after import = 1
========================================================================
Received Import Request.
  Time since last request: 0.000014 seconds.
  path: Assets/YughuesFreeSandMaterials/Textures/T_YFSM_12_s.tga
  artifactKey: Guid(a12500683977fef45b7e723d77c94fb4) Importer(2089858483,0ecaa5967403d082aa24f35e1b516d23)
Start importing Assets/YughuesFreeSandMaterials/Textures/T_YFSM_12_s.tga using Guid(a12500683977fef45b7e723d77c94fb4) Importer(2089858483,0ecaa5967403d082aa24f35e1b516d23)  -> (artifact id: 'f4ac5c223202ab6f8454de34b00533c2') in 0.021784 seconds
Number of updated asset objects reloaded before import = 0
Number of asset objects unloaded after import = 1
========================================================================
Received Import Request.
  Time since last request: 0.000013 seconds.
  path: Assets/YughuesFreeSandMaterials/Textures/T_YFSM_10_d.tga
  artifactKey: Guid(fb4564b6240a63e44b49c9190955dd46) Importer(2089858483,0ecaa5967403d082aa24f35e1b516d23)
Start importing Assets/YughuesFreeSandMaterials/Textures/T_YFSM_10_d.tga using Guid(fb4564b6240a63e44b49c9190955dd46) Importer(2089858483,0ecaa5967403d082aa24f35e1b516d23)  -> (artifact id: '5a97d91098d166be0cb3d17c9c0b6769') in 0.017938 seconds
Number of updated asset objects reloaded before import = 0
Number of asset objects unloaded after import = 1
Editor requested this worker to shutdown with reason: balancing worker count downwards
TcpMessagingSession - receive error: operation aborted. errorcode: 995, details:  /   -       .
AssetImportWorker is now disconnected from the server
Process exiting
Exiting without the bug reporter. Application will terminate with return code 0