Using pre-set license
Built from '2022.3/staging' branch; Version is '2022.3.22f1 (887be4894c44) revision 8944612'; Using compiler version '192829333'; Build Type 'Release'
OS: 'Windows 11  (10.0.26100) 64bit Professional' Language: 'ru' Physical Memory: 32474 MB
BatchMode: 1, IsHumanControllingUs: 0, StartBugReporterOnCrash: 0, Is64bit: 1, IsPro: 1

COMMAND LINE ARGUMENTS:
C:\Program Files\Unity\Hub\Editor\2022.3.22f1\Editor\Unity.exe
-adb2
-batchMode
-noUpm
-name
AssetImportWorker0
-projectPath
C:/Users/GP_4.1/UnderwaterPipelineTracker
-logFile
Logs/AssetImportWorker0.log
-srvPort
53404
Successfully changed project path to: C:/Users/GP_4.1/UnderwaterPipelineTracker
C:/Users/GP_4.1/UnderwaterPipelineTracker
[UnityMemory] Configuration Parameters - Can be set up in boot.config
    "memorysetup-bucket-allocator-granularity=16"
    "memorysetup-bucket-allocator-bucket-count=8"
    "memorysetup-bucket-allocator-block-size=33554432"
    "memorysetup-bucket-allocator-block-count=8"
    "memorysetup-main-allocator-block-size=16777216"
    "memorysetup-thread-allocator-block-size=16777216"
    "memorysetup-gfx-main-allocator-block-size=16777216"
    "memorysetup-gfx-thread-allocator-block-size=16777216"
    "memorysetup-cache-allocator-block-size=4194304"
    "memorysetup-typetree-allocator-block-size=2097152"
    "memorysetup-profiler-bucket-allocator-granularity=16"
    "memorysetup-profiler-bucket-allocator-bucket-count=8"
    "memorysetup-profiler-bucket-allocator-block-size=33554432"
    "memorysetup-profiler-bucket-allocator-block-count=8"
    "memorysetup-profiler-allocator-block-size=16777216"
    "memorysetup-profiler-editor-allocator-block-size=1048576"
    "memorysetup-temp-allocator-size-main=16777216"
    "memorysetup-job-temp-allocator-block-size=2097152"
    "memorysetup-job-temp-allocator-block-size-background=1048576"
    "memorysetup-job-temp-allocator-reduction-small-platforms=262144"
    "memorysetup-allocator-temp-initial-block-size-main=262144"
    "memorysetup-allocator-temp-initial-block-size-worker=262144"
    "memorysetup-temp-allocator-size-background-worker=32768"
    "memorysetup-temp-allocator-size-job-worker=262144"
    "memorysetup-temp-allocator-size-preload-manager=33554432"
    "memorysetup-temp-allocator-size-nav-mesh-worker=65536"
    "memorysetup-temp-allocator-size-audio-worker=65536"
    "memorysetup-temp-allocator-size-cloud-worker=32768"
    "memorysetup-temp-allocator-size-gi-baking-worker=262144"
    "memorysetup-temp-allocator-size-gfx=262144"
Player connection [24816] Host "[IP] 192.168.31.213 [Port] 0 [Flags] 2 [Guid] 727031158 [EditorId] 727031158 [Version] 1048832 [Id] WindowsEditor(7,GP-4v2) [Debug] 1 [PackageName] WindowsEditor [ProjectName] Editor" joined multi-casting on [225.0.0.222:54997]...

Player connection [24816] Host "[IP] 192.168.31.213 [Port] 0 [Flags] 2 [Guid] 727031158 [EditorId] 727031158 [Version] 1048832 [Id] WindowsEditor(7,GP-4v2) [Debug] 1 [PackageName] WindowsEditor [ProjectName] Editor" joined alternative multi-casting on [225.0.0.222:34997]...

[Physics::Module] Initialized MultithreadedJobDispatcher with 11 workers.
Refreshing native plugins compatible for Editor in 8.03 ms, found 3 plugins.
Preloading 0 native plugins for Editor in 0.00 ms.
Initialize engine version: 2022.3.22f1 (887be4894c44)
[Subsystems] Discovering subsystems at path C:/Program Files/Unity/Hub/Editor/2022.3.22f1/Editor/Data/Resources/UnitySubsystems
[Subsystems] Discovering subsystems at path C:/Users/GP_4.1/UnderwaterPipelineTracker/Assets
GfxDevice: creating device client; threaded=0; jobified=0
Direct3D:
    Version:  Direct3D 11.0 [level 11.1]
    Renderer: NVIDIA GeForce RTX 3070 (ID=0x2484)
    Vendor:   NVIDIA
    VRAM:     8018 MB
    Driver:   32.0.15.7602
Initialize mono
Mono path[0] = 'C:/Program Files/Unity/Hub/Editor/2022.3.22f1/Editor/Data/Managed'
Mono path[1] = 'C:/Program Files/Unity/Hub/Editor/2022.3.22f1/Editor/Data/MonoBleedingEdge/lib/mono/unityjit-win32'
Mono config path = 'C:/Program Files/Unity/Hub/Editor/2022.3.22f1/Editor/Data/MonoBleedingEdge/etc'
Using monoOptions --debugger-agent=transport=dt_socket,embedding=1,server=y,suspend=n,address=127.0.0.1:56576
Begin MonoManager ReloadAssembly
Registering precompiled unity dll's ...
Register platform support module: C:/Program Files/Unity/Hub/Editor/2022.3.22f1/Editor/Data/PlaybackEngines/AndroidPlayer/UnityEditor.Android.Extensions.dll
Register platform support module: C:/Program Files/Unity/Hub/Editor/2022.3.22f1/Editor/Data/PlaybackEngines/WindowsStandaloneSupport/UnityEditor.WindowsStandalone.Extensions.dll
Registered in 0.007993 seconds.
- Loaded All Assemblies, in  0.366 seconds
Native extension for WindowsStandalone target not found
Native extension for Android target not found
Android Extension - Scanning For ADB Devices 295 ms
Mono: successfully reloaded assembly
- Finished resetting the current domain, in  0.659 seconds
Domain Reload Profiling: 1024ms
	BeginReloadAssembly (106ms)
		ExecutionOrderSort (0ms)
		DisableScriptedObjects (0ms)
		BackupInstance (0ms)
		ReleaseScriptingObjects (0ms)
		CreateAndSetChildDomain (1ms)
	RebuildCommonClasses (33ms)
	RebuildNativeTypeToScriptingClass (11ms)
	initialDomainReloadingComplete (70ms)
	LoadAllAssembliesAndSetupDomain (145ms)
		LoadAssemblies (104ms)
		RebuildTransferFunctionScriptingTraits (0ms)
		AnalyzeDomain (143ms)
			TypeCache.Refresh (142ms)
				TypeCache.ScanAssembly (130ms)
			ScanForSourceGeneratedMonoScriptInfo (0ms)
			ResolveRequiredComponents (0ms)
	FinalizeReload (659ms)
		ReleaseScriptCaches (0ms)
		RebuildScriptCaches (0ms)
		SetupLoadedEditorAssemblies (599ms)
			LogAssemblyErrors (0ms)
			InitializePlatformSupportModulesInManaged (397ms)
			SetLoadedEditorAssemblies (4ms)
			RefreshPlugins (0ms)
			BeforeProcessingInitializeOnLoad (3ms)
			ProcessInitializeOnLoadAttributes (136ms)
			ProcessInitializeOnLoadMethodAttributes (61ms)
			AfterProcessingInitializeOnLoad (0ms)
			EditorAssembliesLoaded (0ms)
		ExecutionOrderSort2 (0ms)
		AwakeInstancesAfterBackupRestoration (0ms)
========================================================================
Worker process is ready to serve import requests
Begin MonoManager ReloadAssembly
- Loaded All Assemblies, in  0.707 seconds
Refreshing native plugins compatible for Editor in 3.26 ms, found 3 plugins.
Native extension for WindowsStandalone target not found
Native extension for Android target not found
Mono: successfully reloaded assembly
- Finished resetting the current domain, in  1.025 seconds
Domain Reload Profiling: 1730ms
	BeginReloadAssembly (143ms)
		ExecutionOrderSort (0ms)
		DisableScriptedObjects (9ms)
		BackupInstance (0ms)
		ReleaseScriptingObjects (0ms)
		CreateAndSetChildDomain (29ms)
	RebuildCommonClasses (41ms)
	RebuildNativeTypeToScriptingClass (16ms)
	initialDomainReloadingComplete (36ms)
	LoadAllAssembliesAndSetupDomain (469ms)
		LoadAssemblies (275ms)
		RebuildTransferFunctionScriptingTraits (0ms)
		AnalyzeDomain (262ms)
			TypeCache.Refresh (221ms)
				TypeCache.ScanAssembly (202ms)
			ScanForSourceGeneratedMonoScriptInfo (28ms)
			ResolveRequiredComponents (11ms)
	FinalizeReload (1025ms)
		ReleaseScriptCaches (0ms)
		RebuildScriptCaches (0ms)
		SetupLoadedEditorAssemblies (866ms)
			LogAssemblyErrors (0ms)
			InitializePlatformSupportModulesInManaged (21ms)
			SetLoadedEditorAssemblies (5ms)
			RefreshPlugins (0ms)
			BeforeProcessingInitializeOnLoad (68ms)
			ProcessInitializeOnLoadAttributes (487ms)
			ProcessInitializeOnLoadMethodAttributes (279ms)
			AfterProcessingInitializeOnLoad (5ms)
			EditorAssembliesLoaded (0ms)
		ExecutionOrderSort2 (0ms)
		AwakeInstancesAfterBackupRestoration (10ms)
Launched and connected shader compiler UnityShaderCompiler.exe after 0.17 seconds
Refreshing native plugins compatible for Editor in 45.32 ms, found 3 plugins.
Preloading 0 native plugins for Editor in 0.00 ms.
Unloading 5168 Unused Serialized files (Serialized files now loaded: 0)
Unloading 67 unused Assets / (349.5 KB). Loaded Objects now: 5629.
Memory consumption went from 215.1 MB to 214.7 MB.
Total: 17.498500 ms (FindLiveObjects: 9.766000 ms CreateObjectMapping: 0.254500 ms MarkObjects: 5.465800 ms  DeleteObjects: 2.011200 ms)

AssetImportParameters requested are different than current active one (requested -> active):
  custom:container-demuxer-ogg: 62fdf1f143b41e24485cea50d1cbac27 -> 
  custom:video-codec-MediaFoundation-h265: 746d11721c4dcdbdad8f713fa42b33f4 -> 
  custom:video-decoder-ogg-theora: a1e56fd34408186e4bbccfd4996cb3dc -> 
  custom:framework-win-MediaFoundation: 216162199b28c13a410421893ffa2e32 -> 
  custom:CustomObjectIndexerAttribute: 72b91833f83ae208fae7752999fa3104 -> 
  custom:container-demuxer-webm: 4f35f7cbe854078d1ac9338744f61a02 -> 
  custom:container-muxer-webm: aa71ff27fc2769a1b78a27578f13a17b -> 
  custom:video-decoder-webm-vp8: 9c59270c3fd7afecdb556c50c9e8de78 -> 
  custom:SearchIndexIgnoredProperties: e643bd26f0fe6173181afceb89e7c659 -> 
  custom:AudioImporter_EditorPlatform: d09bf68614088b80899f8185d706f6e7 -> 
  custom:video-encoder-webm-vp8: eb34c28f22e8b96e1ab97ce403110664 -> 
  custom:audio-decoder-ogg-vorbis: bf7c407c2cedff20999df2af8eb42d56 -> 
  custom:audio-encoder-webm-vorbis: bf7c407c2cedff20999df2af8eb42d56 -> 
========================================================================
Received Import Request.
  Time since last request: 91429.377240 seconds.
  path: Assets/Samples/Universal RP/14.0.10/URP Package Samples/LensFlares/LensFlarePresets/Shapes.asset
  artifactKey: Guid(142cac7b192c14e33b1fdd3172186568) Importer(2089858483,3d70f49cd1c2eb9ae422958d1c652c6b)
Start importing Assets/Samples/Universal RP/14.0.10/URP Package Samples/LensFlares/LensFlarePresets/Shapes.asset using Guid(142cac7b192c14e33b1fdd3172186568) Importer(2089858483,3d70f49cd1c2eb9ae422958d1c652c6b)  -> (artifact id: '8280d9ba15abf883d1e00ed43edef0d4') in 0.808248 seconds
Number of updated asset objects reloaded before import = 0
Number of asset objects unloaded after import = 0
========================================================================
Received Import Request.
  Time since last request: 0.097676 seconds.
  path: Assets/Samples/Universal RP/14.0.10/URP Package Samples/LensFlares/SunFlare/LightingData.asset
  artifactKey: Guid(051cd0fb4954944d58ff036bd15b84d2) Importer(2089858483,3d70f49cd1c2eb9ae422958d1c652c6b)
Start importing Assets/Samples/Universal RP/14.0.10/URP Package Samples/LensFlares/SunFlare/LightingData.asset using Guid(051cd0fb4954944d58ff036bd15b84d2) Importer(2089858483,3d70f49cd1c2eb9ae422958d1c652c6b)  -> (artifact id: '68aed21201fccdb50a862728e824dc78') in 0.090391 seconds
Number of updated asset objects reloaded before import = 0
Number of asset objects unloaded after import = 1
========================================================================
Received Import Request.
  Time since last request: 0.033212 seconds.
  path: Assets/Samples/Universal RP/14.0.10/URP Package Samples/CameraStacking/MixedFOV/MixedFOV/Lightmap-0_comp_dir.png
  artifactKey: Guid(28f6ba1ce45c649e2b7b6a18a6bb2e11) Importer(2089858483,0ecaa5967403d082aa24f35e1b516d23)
Start importing Assets/Samples/Universal RP/14.0.10/URP Package Samples/CameraStacking/MixedFOV/MixedFOV/Lightmap-0_comp_dir.png using Guid(28f6ba1ce45c649e2b7b6a18a6bb2e11) Importer(2089858483,0ecaa5967403d082aa24f35e1b516d23)  -> (artifact id: 'e9d0119f3dce46d4b4366b90a9eaed7c') in 0.084254 seconds
Number of updated asset objects reloaded before import = 0
Number of asset objects unloaded after import = 1
========================================================================
Received Import Request.
  Time since last request: 0.000136 seconds.
  path: Assets/Samples/Universal RP/14.0.10/URP Package Samples/Shaders/Lit/Materials/MetallicOne.mat
  artifactKey: Guid(3e58fe99dbdc941fbb127782a5413890) Importer(2089858483,0ecaa5967403d082aa24f35e1b516d23)
Start importing Assets/Samples/Universal RP/14.0.10/URP Package Samples/Shaders/Lit/Materials/MetallicOne.mat using Guid(3e58fe99dbdc941fbb127782a5413890) Importer(2089858483,0ecaa5967403d082aa24f35e1b516d23)  -> (artifact id: 'e00097a7b41dd9cd5c19b2b75b98e74c') in 0.033329 seconds
Number of updated asset objects reloaded before import = 0
Number of asset objects unloaded after import = 1
========================================================================
Received Import Request.
  Time since last request: 0.000010 seconds.
  path: Assets/Samples/Universal RP/14.0.10/URP Package Samples/RendererFeatures/GlitchEffect/Glitch_Graph.shadergraph
  artifactKey: Guid(2f83d4d8ee93b4f0da26ec5cd6976fb7) Importer(2089858483,0ecaa5967403d082aa24f35e1b516d23)
Start importing Assets/Samples/Universal RP/14.0.10/URP Package Samples/RendererFeatures/GlitchEffect/Glitch_Graph.shadergraph using Guid(2f83d4d8ee93b4f0da26ec5cd6976fb7) Importer(2089858483,0ecaa5967403d082aa24f35e1b516d23)  -> (artifact id: '9d20f19064873f2c038ad38dd5661fe6') in 0.022398 seconds
Number of updated asset objects reloaded before import = 0
Number of asset objects unloaded after import = 3
========================================================================
Received Import Request.
  Time since last request: 0.000127 seconds.
  path: Assets/Samples/Universal RP/14.0.10/URP Package Samples/CameraStacking/3D Skybox/3DSkybox/3DSkyboxProfile.asset
  artifactKey: Guid(e5037333675764c8c851898734300e9f) Importer(2089858483,0ecaa5967403d082aa24f35e1b516d23)
Start importing Assets/Samples/Universal RP/14.0.10/URP Package Samples/CameraStacking/3D Skybox/3DSkybox/3DSkyboxProfile.asset using Guid(e5037333675764c8c851898734300e9f) Importer(2089858483,0ecaa5967403d082aa24f35e1b516d23)  -> (artifact id: 'ce86a2e6185677db15b67fbe49220f87') in 0.021984 seconds
Number of updated asset objects reloaded before import = 0
Number of asset objects unloaded after import = 4
========================================================================
Received Import Request.
  Time since last request: 0.000354 seconds.
  path: Assets/Samples/Universal RP/14.0.10/URP Package Samples/Decals/ProxyLighting/ProxyLighting.unity
  artifactKey: Guid(659563019daea4e96a00a9c2b3861a95) Importer(2089858483,0ecaa5967403d082aa24f35e1b516d23)
Start importing Assets/Samples/Universal RP/14.0.10/URP Package Samples/Decals/ProxyLighting/ProxyLighting.unity using Guid(659563019daea4e96a00a9c2b3861a95) Importer(2089858483,0ecaa5967403d082aa24f35e1b516d23)  -> (artifact id: '3ba0b3822e247ca6ebd2096cdc96b322') in 0.012276 seconds
Number of updated asset objects reloaded before import = 0
Number of asset objects unloaded after import = 1
========================================================================
Received Import Request.
  Time since last request: 0.000115 seconds.
  path: Assets/TextMesh Pro/Resources/Style Sheets/Default Style Sheet.asset
  artifactKey: Guid(f952c082cb03451daed3ee968ac6c63e) Importer(2089858483,3d70f49cd1c2eb9ae422958d1c652c6b)
Start importing Assets/TextMesh Pro/Resources/Style Sheets/Default Style Sheet.asset using Guid(f952c082cb03451daed3ee968ac6c63e) Importer(2089858483,3d70f49cd1c2eb9ae422958d1c652c6b)  -> (artifact id: '9a93f6c0afc03d2b52d184a638d9ff99') in 0.008771 seconds
Number of updated asset objects reloaded before import = 0
Number of asset objects unloaded after import = 0
========================================================================
Received Import Request.
  Time since last request: 0.000014 seconds.
  path: Assets/Samples/Universal RP/14.0.10/URP Package Samples/RendererFeatures/TrailEffect/Animation
  artifactKey: Guid(3264854b6764a4416a53883a9a058f84) Importer(2089858483,0ecaa5967403d082aa24f35e1b516d23)
Start importing Assets/Samples/Universal RP/14.0.10/URP Package Samples/RendererFeatures/TrailEffect/Animation using Guid(3264854b6764a4416a53883a9a058f84) Importer(2089858483,0ecaa5967403d082aa24f35e1b516d23)  -> (artifact id: 'ccfd2475f912acae9bda65b3fc3481ac') in 0.010550 seconds
Number of updated asset objects reloaded before import = 0
Number of asset objects unloaded after import = 1
========================================================================
Received Import Request.
  Time since last request: 0.000014 seconds.
  path: Assets/3D Models/Props/Industrial/Pipeline/Update_1.03/Prefabs/Medium/M_Cap_Yellow_02.prefab
  artifactKey: Guid(2159f11d8ef6ee1449402943deb8f65e) Importer(2089858483,3d70f49cd1c2eb9ae422958d1c652c6b)
Start importing Assets/3D Models/Props/Industrial/Pipeline/Update_1.03/Prefabs/Medium/M_Cap_Yellow_02.prefab using Guid(2159f11d8ef6ee1449402943deb8f65e) Importer(2089858483,3d70f49cd1c2eb9ae422958d1c652c6b)  -> (artifact id: '07abd9bdbd4d0806c100ff8d8d22f673') in 0.035977 seconds
Number of updated asset objects reloaded before import = 0
Number of asset objects unloaded after import = 19
========================================================================
Received Import Request.
  Time since last request: 0.000162 seconds.
  path: Assets/3D Models/Props/Industrial/Pipeline/Update_1.03/Prefabs/Medium/M_Bolt_Yellow_x17.prefab
  artifactKey: Guid(31be86ded9ad99249b6357c2e8fbb633) Importer(2089858483,3d70f49cd1c2eb9ae422958d1c652c6b)
Start importing Assets/3D Models/Props/Industrial/Pipeline/Update_1.03/Prefabs/Medium/M_Bolt_Yellow_x17.prefab using Guid(31be86ded9ad99249b6357c2e8fbb633) Importer(2089858483,3d70f49cd1c2eb9ae422958d1c652c6b)  -> (artifact id: '7b72d996091811eb6f6ff8d9a7ac9946') in 0.019096 seconds
Number of updated asset objects reloaded before import = 0
Number of asset objects unloaded after import = 18
========================================================================
Received Import Request.
  Time since last request: 0.000013 seconds.
  path: Assets/Samples/Universal RP/14.0.10/URP Package Samples/RendererFeatures/BlitToRTHandle/BlitToRTHandlePass.cs
  artifactKey: Guid(63efafc46d3ab1749ae1bb313047aa09) Importer(2089858483,0ecaa5967403d082aa24f35e1b516d23)
Start importing Assets/Samples/Universal RP/14.0.10/URP Package Samples/RendererFeatures/BlitToRTHandle/BlitToRTHandlePass.cs using Guid(63efafc46d3ab1749ae1bb313047aa09) Importer(2089858483,0ecaa5967403d082aa24f35e1b516d23)  -> (artifact id: '3cdcb19f112c5889b603183f240b9313') in 0.013116 seconds
Number of updated asset objects reloaded before import = 0
Number of asset objects unloaded after import = 1
========================================================================
Received Import Request.
  Time since last request: 0.000014 seconds.
  path: Assets/Samples/Universal RP/14.0.10/URP Package Samples/CameraStacking/SplitScreen
  artifactKey: Guid(eba33c3c5a4b84f428feb7bd5c0a98b8) Importer(2089858483,0ecaa5967403d082aa24f35e1b516d23)
Start importing Assets/Samples/Universal RP/14.0.10/URP Package Samples/CameraStacking/SplitScreen using Guid(eba33c3c5a4b84f428feb7bd5c0a98b8) Importer(2089858483,0ecaa5967403d082aa24f35e1b516d23)  -> (artifact id: '21eb2f6e4f46af0a7e5f332e3aa31275') in 0.007744 seconds
Number of updated asset objects reloaded before import = 0
Number of asset objects unloaded after import = 1
========================================================================
Received Import Request.
  Time since last request: 0.000013 seconds.
  path: Assets/TextMesh Pro/Examples & Extras/Scenes/03 - Line Justification.unity
  artifactKey: Guid(21a509e1d3cd49978623fa564adb6f02) Importer(2089858483,3d70f49cd1c2eb9ae422958d1c652c6b)
Start importing Assets/TextMesh Pro/Examples & Extras/Scenes/03 - Line Justification.unity using Guid(21a509e1d3cd49978623fa564adb6f02) Importer(2089858483,3d70f49cd1c2eb9ae422958d1c652c6b) Opening scene 'Assets/TextMesh Pro/Examples & Extras/Scenes/03 - Line Justification.unity additively'
Loaded scene 'Assets/TextMesh Pro/Examples & Extras/Scenes/03 - Line Justification.unity'
	Deserialize:            28.490 ms
	Integration:            30.873 ms
	Integration of assets:  8.468 ms
	Thread Wait Time:       0.183 ms
	Total Operation Time:   68.014 ms
 -> (artifact id: 'c06bfaa81a1f21092927b43e292a3a09') in 0.091956 seconds
Number of updated asset objects reloaded before import = 0
Number of asset objects unloaded after import = 16
========================================================================
Received Import Request.
  Time since last request: 0.000014 seconds.
  path: Assets/Samples/Universal RP/14.0.10/URP Package Samples/SharedAssets
  artifactKey: Guid(a46694ee15ba14a84a91e0274475f4a4) Importer(2089858483,0ecaa5967403d082aa24f35e1b516d23)
Start importing Assets/Samples/Universal RP/14.0.10/URP Package Samples/SharedAssets using Guid(a46694ee15ba14a84a91e0274475f4a4) Importer(2089858483,0ecaa5967403d082aa24f35e1b516d23)  -> (artifact id: '2b1ae880488c22ff0f7d6bc438cbbce6') in 0.009648 seconds
Number of updated asset objects reloaded before import = 0
Number of asset objects unloaded after import = 1
========================================================================
Received Import Request.
  Time since last request: 0.000037 seconds.
  path: Assets/Samples/Universal RP/14.0.10/URP Package Samples/Shaders/Lit/Materials/MetallicMap.mat
  artifactKey: Guid(bfe840013b1e840cdbc00d83632179e8) Importer(2089858483,0ecaa5967403d082aa24f35e1b516d23)
Start importing Assets/Samples/Universal RP/14.0.10/URP Package Samples/Shaders/Lit/Materials/MetallicMap.mat using Guid(bfe840013b1e840cdbc00d83632179e8) Importer(2089858483,0ecaa5967403d082aa24f35e1b516d23)  -> (artifact id: 'd6375ef679fa5c65c02c8f16e0bb0711') in 0.017229 seconds
Number of updated asset objects reloaded before import = 0
Number of asset objects unloaded after import = 2
========================================================================
Received Import Request.
  Time since last request: 0.000013 seconds.
  path: Assets/Samples/Universal RP/14.0.10/URP Package Samples/Decals/ProxyLighting/Materials/Spotlight.mat
  artifactKey: Guid(24ad359a3a8084d74b56692a82a2ac12) Importer(2089858483,0ecaa5967403d082aa24f35e1b516d23)
Start importing Assets/Samples/Universal RP/14.0.10/URP Package Samples/Decals/ProxyLighting/Materials/Spotlight.mat using Guid(24ad359a3a8084d74b56692a82a2ac12) Importer(2089858483,0ecaa5967403d082aa24f35e1b516d23)  -> (artifact id: 'de704ee49386eba493dc92228a7fd350') in 0.016493 seconds
Number of updated asset objects reloaded before import = 0
Number of asset objects unloaded after import = 2
========================================================================
Received Import Request.
  Time since last request: 0.000010 seconds.
  path: Assets/Samples/Universal RP/14.0.10/URP Package Samples/LensFlares/LensFlarePresets/Anamorphic_Streak.asset
  artifactKey: Guid(f8c53972784cf40f0b584875ae5f944b) Importer(2089858483,0ecaa5967403d082aa24f35e1b516d23)
Start importing Assets/Samples/Universal RP/14.0.10/URP Package Samples/LensFlares/LensFlarePresets/Anamorphic_Streak.asset using Guid(f8c53972784cf40f0b584875ae5f944b) Importer(2089858483,0ecaa5967403d082aa24f35e1b516d23)  -> (artifact id: '2ca97c509de20128c61f3ec2b0c194db') in 0.010395 seconds
Number of updated asset objects reloaded before import = 0
Number of asset objects unloaded after import = 1
========================================================================
Received Import Request.
  Time since last request: 0.000033 seconds.
  path: Assets/Samples/Universal RP/14.0.10/URP Package Samples/Lighting/Reflection Probes/Scene Materials/HandRails.mat
  artifactKey: Guid(427b9c306b8dfa9429d10fd4cadae462) Importer(2089858483,0ecaa5967403d082aa24f35e1b516d23)
Start importing Assets/Samples/Universal RP/14.0.10/URP Package Samples/Lighting/Reflection Probes/Scene Materials/HandRails.mat using Guid(427b9c306b8dfa9429d10fd4cadae462) Importer(2089858483,0ecaa5967403d082aa24f35e1b516d23)  -> (artifact id: 'd332fbe3688b5ee9c155bc11df2c444b') in 0.013780 seconds
Number of updated asset objects reloaded before import = 0
Number of asset objects unloaded after import = 1
========================================================================
Received Import Request.
  Time since last request: 0.000013 seconds.
  path: Assets/Samples/Universal RP/14.0.10/URP Package Samples/CameraStacking/MixedFOV/Prefabs/Gun.prefab
  artifactKey: Guid(a380b55be3e354df6a4bffc3631467c0) Importer(2089858483,0ecaa5967403d082aa24f35e1b516d23)
Start importing Assets/Samples/Universal RP/14.0.10/URP Package Samples/CameraStacking/MixedFOV/Prefabs/Gun.prefab using Guid(a380b55be3e354df6a4bffc3631467c0) Importer(2089858483,0ecaa5967403d082aa24f35e1b516d23)  -> (artifact id: 'a2c78c635ff4a1f307c79e9251971673') in 0.015763 seconds
Number of updated asset objects reloaded before import = 0
Number of asset objects unloaded after import = 20
========================================================================
Received Import Request.
  Time since last request: 0.000013 seconds.
  path: Assets/Samples/Universal RP/14.0.10/URP Package Samples/Decals/ProxyLighting/Materials/Wall.mat
  artifactKey: Guid(f622d9df69e884985ba3161ab570c33c) Importer(2089858483,0ecaa5967403d082aa24f35e1b516d23)
Start importing Assets/Samples/Universal RP/14.0.10/URP Package Samples/Decals/ProxyLighting/Materials/Wall.mat using Guid(f622d9df69e884985ba3161ab570c33c) Importer(2089858483,0ecaa5967403d082aa24f35e1b516d23)  -> (artifact id: '4ab2f9cc9567b951b0e148bfe55f14df') in 0.024772 seconds
Number of updated asset objects reloaded before import = 0
Number of asset objects unloaded after import = 1
========================================================================
Received Import Request.
  Time since last request: 0.000939 seconds.
  path: Assets/Samples/Universal RP/14.0.10/URP Package Samples/RendererFeatures/GlitchEffect/Glitch_Pipeline.asset
  artifactKey: Guid(d9c9fb8242f28427590fbaeb84ae75ea) Importer(2089858483,3d70f49cd1c2eb9ae422958d1c652c6b)
Start importing Assets/Samples/Universal RP/14.0.10/URP Package Samples/RendererFeatures/GlitchEffect/Glitch_Pipeline.asset using Guid(d9c9fb8242f28427590fbaeb84ae75ea) Importer(2089858483,3d70f49cd1c2eb9ae422958d1c652c6b)  -> (artifact id: '7096d0ec21ed72e5be0badab6df105e6') in 0.027541 seconds
Number of updated asset objects reloaded before import = 0
Number of asset objects unloaded after import = 4
========================================================================
Received Import Request.
  Time since last request: 0.000013 seconds.
  path: Assets/Samples/Universal RP/14.0.10/URP Package Samples/SharedAssets/Settings/SamplesPipelineAsset.asset
  artifactKey: Guid(9b9c0b62deeea4218843a7ad59325649) Importer(2089858483,3d70f49cd1c2eb9ae422958d1c652c6b)
Start importing Assets/Samples/Universal RP/14.0.10/URP Package Samples/SharedAssets/Settings/SamplesPipelineAsset.asset using Guid(9b9c0b62deeea4218843a7ad59325649) Importer(2089858483,3d70f49cd1c2eb9ae422958d1c652c6b)  -> (artifact id: '6aa125cde3b08c46e90504824c190b22') in 0.022023 seconds
Number of updated asset objects reloaded before import = 0
Number of asset objects unloaded after import = 1
========================================================================
Received Import Request.
  Time since last request: 0.000020 seconds.
  path: Assets/Samples/Universal RP/14.0.10/URP Package Samples/SharedAssets/Prefabs/MainPanel.prefab
  artifactKey: Guid(d5fa55a16b49d4da3a93a4958cdc3180) Importer(2089858483,0ecaa5967403d082aa24f35e1b516d23)
Start importing Assets/Samples/Universal RP/14.0.10/URP Package Samples/SharedAssets/Prefabs/MainPanel.prefab using Guid(d5fa55a16b49d4da3a93a4958cdc3180) Importer(2089858483,0ecaa5967403d082aa24f35e1b516d23)  -> (artifact id: '97952d59fd0d46d89966ca976f06a182') in 0.044978 seconds
Number of updated asset objects reloaded before import = 0
Number of asset objects unloaded after import = 14
========================================================================
Received Import Request.
  Time since last request: 0.000206 seconds.
  path: Assets/3D Models/Props/Industrial/Pipeline/Update_1.03/Prefabs/Medium/M_Support_01.prefab
  artifactKey: Guid(423b901fdacbf884e832a6f313eb59e3) Importer(2089858483,3d70f49cd1c2eb9ae422958d1c652c6b)
Start importing Assets/3D Models/Props/Industrial/Pipeline/Update_1.03/Prefabs/Medium/M_Support_01.prefab using Guid(423b901fdacbf884e832a6f313eb59e3) Importer(2089858483,3d70f49cd1c2eb9ae422958d1c652c6b)  -> (artifact id: '850a8dcc75a1b5c86d1da0d695a8d626') in 0.019164 seconds
Number of updated asset objects reloaded before import = 0
Number of asset objects unloaded after import = 9
========================================================================
Received Import Request.
  Time since last request: 0.000384 seconds.
  path: Assets/3D Models/Props/Industrial/Pipeline/Update_1.03/Prefabs/Medium/M_Pipe_Corner60_White_12.prefab
  artifactKey: Guid(70de128623f41f54c9ac0084659cb5bf) Importer(2089858483,3d70f49cd1c2eb9ae422958d1c652c6b)
Start importing Assets/3D Models/Props/Industrial/Pipeline/Update_1.03/Prefabs/Medium/M_Pipe_Corner60_White_12.prefab using Guid(70de128623f41f54c9ac0084659cb5bf) Importer(2089858483,3d70f49cd1c2eb9ae422958d1c652c6b)  -> (artifact id: '8ba82a30d4e23f9e90b56f6f691a0640') in 0.017674 seconds
Number of updated asset objects reloaded before import = 0
Number of asset objects unloaded after import = 19
========================================================================
Received Import Request.
  Time since last request: 0.000011 seconds.
  path: Assets/3D Models/Props/Industrial/Pipeline/Update_1.03/Prefabs/Medium/M_PipeValve_Yellow_01.prefab
  artifactKey: Guid(d0ac556fbff14254bb8856e03f21f467) Importer(2089858483,3d70f49cd1c2eb9ae422958d1c652c6b)
Start importing Assets/3D Models/Props/Industrial/Pipeline/Update_1.03/Prefabs/Medium/M_PipeValve_Yellow_01.prefab using Guid(d0ac556fbff14254bb8856e03f21f467) Importer(2089858483,3d70f49cd1c2eb9ae422958d1c652c6b)  -> (artifact id: 'c62a7245f8bc5057c19219798a019c7c') in 0.024029 seconds
Number of updated asset objects reloaded before import = 0
Number of asset objects unloaded after import = 19
========================================================================
Received Import Request.
  Time since last request: 0.000023 seconds.
  path: Assets/3D Models/Props/Industrial/Pipeline/Update_1.03/Prefabs/Medium/M_Valve_Handle_Yellow_01.prefab
  artifactKey: Guid(1d56231a5da21134a829c85d8bb3d958) Importer(2089858483,3d70f49cd1c2eb9ae422958d1c652c6b)
Start importing Assets/3D Models/Props/Industrial/Pipeline/Update_1.03/Prefabs/Medium/M_Valve_Handle_Yellow_01.prefab using Guid(1d56231a5da21134a829c85d8bb3d958) Importer(2089858483,3d70f49cd1c2eb9ae422958d1c652c6b)  -> (artifact id: '90efbdfbda5eaedbab708f66a349a0e2') in 0.024481 seconds
Number of updated asset objects reloaded before import = 0
Number of asset objects unloaded after import = 19
========================================================================
Received Import Request.
  Time since last request: 0.001043 seconds.
  path: Assets/3D Models/Props/Industrial/Pipeline/Update_1.03/Prefabs/Small/S_Pipe_Yellow_05.prefab
  artifactKey: Guid(458997b84174b8f4dbb0878d99f999cf) Importer(2089858483,0ecaa5967403d082aa24f35e1b516d23)
Start importing Assets/3D Models/Props/Industrial/Pipeline/Update_1.03/Prefabs/Small/S_Pipe_Yellow_05.prefab using Guid(458997b84174b8f4dbb0878d99f999cf) Importer(2089858483,0ecaa5967403d082aa24f35e1b516d23)  -> (artifact id: 'f41acf4bdc17981600895c23ee8553b9') in 0.032384 seconds
Number of updated asset objects reloaded before import = 0
Number of asset objects unloaded after import = 18
========================================================================
Received Import Request.
  Time since last request: 0.000014 seconds.
  path: Assets/3D Models/Props/Industrial/Pipeline/Update_1.03/Prefabs/Medium/M_Support_Full_03.prefab
  artifactKey: Guid(a550d0a0a33596047bb1270cb45ca015) Importer(2089858483,0ecaa5967403d082aa24f35e1b516d23)
Start importing Assets/3D Models/Props/Industrial/Pipeline/Update_1.03/Prefabs/Medium/M_Support_Full_03.prefab using Guid(a550d0a0a33596047bb1270cb45ca015) Importer(2089858483,0ecaa5967403d082aa24f35e1b516d23)  -> (artifact id: '9397d9cf4f942c517e0c9cf6d64c1b62') in 0.018690 seconds
Number of updated asset objects reloaded before import = 0
Number of asset objects unloaded after import = 15
========================================================================
Received Import Request.
  Time since last request: 0.001419 seconds.
  path: Assets/3D Models/Props/Industrial/Pipeline/Update_1.03/Prefabs/Small/S_Pipe_L100_White_01.prefab
  artifactKey: Guid(9871f14dda53f8941af2626d7a19f770) Importer(2089858483,0ecaa5967403d082aa24f35e1b516d23)
Start importing Assets/3D Models/Props/Industrial/Pipeline/Update_1.03/Prefabs/Small/S_Pipe_L100_White_01.prefab using Guid(9871f14dda53f8941af2626d7a19f770) Importer(2089858483,0ecaa5967403d082aa24f35e1b516d23)  -> (artifact id: '70984842dac7fb0a8beb500f7be94b34') in 0.031131 seconds
Number of updated asset objects reloaded before import = 0
Number of asset objects unloaded after import = 18
========================================================================
Received Import Request.
  Time since last request: 0.000519 seconds.
  path: Assets/3D Models/Props/Industrial/Pipeline/Update_1.03/Textures/White/Pipe_White_09_SPECULAR.png
  artifactKey: Guid(ddc884035f6380743a734fb6af81598b) Importer(2089858483,0ecaa5967403d082aa24f35e1b516d23)
Start importing Assets/3D Models/Props/Industrial/Pipeline/Update_1.03/Textures/White/Pipe_White_09_SPECULAR.png using Guid(ddc884035f6380743a734fb6af81598b) Importer(2089858483,0ecaa5967403d082aa24f35e1b516d23)  -> (artifact id: '5e24743e46320f74bebeb26cc988bf49') in 0.036311 seconds
Number of updated asset objects reloaded before import = 0
Number of asset objects unloaded after import = 1
========================================================================
Received Import Request.
  Time since last request: 0.000015 seconds.
  path: Assets/3D Models/Props/Industrial/Pipeline/Update_1.03/Prefabs/Small/S_Valve01_White_01.prefab
  artifactKey: Guid(ed3aad56dbefbf6439c3909f52e03179) Importer(2089858483,0ecaa5967403d082aa24f35e1b516d23)
Start importing Assets/3D Models/Props/Industrial/Pipeline/Update_1.03/Prefabs/Small/S_Valve01_White_01.prefab using Guid(ed3aad56dbefbf6439c3909f52e03179) Importer(2089858483,0ecaa5967403d082aa24f35e1b516d23)  -> (artifact id: '4abd25099ee4a1af8fe79dfe5fcec8a2') in 0.053103 seconds
Number of updated asset objects reloaded before import = 0
Number of asset objects unloaded after import = 30
========================================================================
Received Import Request.
  Time since last request: 0.000108 seconds.
  path: Assets/3D Models/Props/Industrial/Pipeline/Update_1.00
  artifactKey: Guid(cd77baa2180339a4ab314771e08f9587) Importer(2089858483,0ecaa5967403d082aa24f35e1b516d23)
Start importing Assets/3D Models/Props/Industrial/Pipeline/Update_1.00 using Guid(cd77baa2180339a4ab314771e08f9587) Importer(2089858483,0ecaa5967403d082aa24f35e1b516d23)  -> (artifact id: 'fcbdfc53cb9ff8b96517417790a7279b') in 0.011253 seconds
Number of updated asset objects reloaded before import = 0
Number of asset objects unloaded after import = 1
========================================================================
Received Import Request.
  Time since last request: 0.000017 seconds.
  path: Assets/3D Models/Props/Industrial/Pipeline/Update_1.03/Textures/Yellow/Cap_Yellow_01_DIFFUSE.png
  artifactKey: Guid(b891945f536518041a804f8bcf72e3b0) Importer(2089858483,0ecaa5967403d082aa24f35e1b516d23)
Start importing Assets/3D Models/Props/Industrial/Pipeline/Update_1.03/Textures/Yellow/Cap_Yellow_01_DIFFUSE.png using Guid(b891945f536518041a804f8bcf72e3b0) Importer(2089858483,0ecaa5967403d082aa24f35e1b516d23)  -> (artifact id: '5b14a9cae4163ec24dabf84990bd1cde') in 0.041079 seconds
Number of updated asset objects reloaded before import = 0
Number of asset objects unloaded after import = 1
========================================================================
Received Import Request.
  Time since last request: 0.000851 seconds.
  path: Assets/3D Models/Props/Industrial/Pipeline/Update_1.03/Prefabs/Medium/M_Valve_Handle_White_01.prefab
  artifactKey: Guid(e55d8953e4cdba343ba4e4d3f2f4e375) Importer(2089858483,3d70f49cd1c2eb9ae422958d1c652c6b)
Start importing Assets/3D Models/Props/Industrial/Pipeline/Update_1.03/Prefabs/Medium/M_Valve_Handle_White_01.prefab using Guid(e55d8953e4cdba343ba4e4d3f2f4e375) Importer(2089858483,3d70f49cd1c2eb9ae422958d1c652c6b)  -> (artifact id: 'db5aebc7e7b4e294700c588caa2b2012') in 0.016304 seconds
Number of updated asset objects reloaded before import = 0
Number of asset objects unloaded after import = 19
========================================================================
Received Import Request.
  Time since last request: 0.000013 seconds.
  path: Assets/3D Models/Props/Industrial/Pipeline/Update_1.00/Mesh/Materials/Pipe_05.mat
  artifactKey: Guid(631c206f134a5254294999e6c9beb8fc) Importer(2089858483,0ecaa5967403d082aa24f35e1b516d23)
Start importing Assets/3D Models/Props/Industrial/Pipeline/Update_1.00/Mesh/Materials/Pipe_05.mat using Guid(631c206f134a5254294999e6c9beb8fc) Importer(2089858483,0ecaa5967403d082aa24f35e1b516d23)  -> (artifact id: '7774c2bc2951db2470144611e1872be9') in 0.052662 seconds
Number of updated asset objects reloaded before import = 0
Number of asset objects unloaded after import = 5
========================================================================
Received Import Request.
  Time since last request: 0.000017 seconds.
  path: Assets/Samples/Universal RP/14.0.10/URP Package Samples/RendererFeatures/DepthBlit/DepthBlitRenderer.asset
  artifactKey: Guid(70d0150bbea463d4596f5a2dd00cf603) Importer(2089858483,3d70f49cd1c2eb9ae422958d1c652c6b)
Start importing Assets/Samples/Universal RP/14.0.10/URP Package Samples/RendererFeatures/DepthBlit/DepthBlitRenderer.asset using Guid(70d0150bbea463d4596f5a2dd00cf603) Importer(2089858483,3d70f49cd1c2eb9ae422958d1c652c6b)  -> (artifact id: '632d63699095d006b5570cc59a09190c') in 0.015324 seconds
Number of updated asset objects reloaded before import = 0
Number of asset objects unloaded after import = 4
========================================================================
Received Import Request.
  Time since last request: 0.001628 seconds.
  path: Assets/3D Models/Props/Industrial/Pipeline/Update_1.03/Prefabs/Small/S_Cap_White_Flat_Mesh04.prefab
  artifactKey: Guid(c203f6e8cb1f51e47900f271c5f318a2) Importer(2089858483,3d70f49cd1c2eb9ae422958d1c652c6b)
Start importing Assets/3D Models/Props/Industrial/Pipeline/Update_1.03/Prefabs/Small/S_Cap_White_Flat_Mesh04.prefab using Guid(c203f6e8cb1f51e47900f271c5f318a2) Importer(2089858483,3d70f49cd1c2eb9ae422958d1c652c6b)  -> (artifact id: 'f1877aec2b546ef3703d2edbe0cab9a3') in 0.032437 seconds
Number of updated asset objects reloaded before import = 0
Number of asset objects unloaded after import = 19
========================================================================
Received Import Request.
  Time since last request: 0.000012 seconds.
  path: Assets/3D Models/Props/Industrial/Pipeline/Update_1.03/Prefabs/Small/S_Pipe_Corner180_White_10.prefab
  artifactKey: Guid(5b85d1a2080c6f045b2029e3e88df452) Importer(2089858483,3d70f49cd1c2eb9ae422958d1c652c6b)
Start importing Assets/3D Models/Props/Industrial/Pipeline/Update_1.03/Prefabs/Small/S_Pipe_Corner180_White_10.prefab using Guid(5b85d1a2080c6f045b2029e3e88df452) Importer(2089858483,3d70f49cd1c2eb9ae422958d1c652c6b)  -> (artifact id: 'f50d916c8f1f7bffceb3521360313c67') in 0.030243 seconds
Number of updated asset objects reloaded before import = 0
Number of asset objects unloaded after import = 19
========================================================================
Received Import Request.
  Time since last request: 0.000630 seconds.
  path: Assets/3D Models/Props/Industrial/Pipeline/Update_1.03/Prefabs/Small/S_Support_Full_02.prefab
  artifactKey: Guid(d348722ce1b500844a561f17f5fa5217) Importer(2089858483,3d70f49cd1c2eb9ae422958d1c652c6b)
Start importing Assets/3D Models/Props/Industrial/Pipeline/Update_1.03/Prefabs/Small/S_Support_Full_02.prefab using Guid(d348722ce1b500844a561f17f5fa5217) Importer(2089858483,3d70f49cd1c2eb9ae422958d1c652c6b)  -> (artifact id: 'd0cd1200a4b0c1dbeb693e879d06f896') in 0.018737 seconds
Number of updated asset objects reloaded before import = 0
Number of asset objects unloaded after import = 17
========================================================================
Received Import Request.
  Time since last request: 0.000013 seconds.
  path: Assets/3D Models/Props/Industrial/Pipeline/Update_1.03/Prefabs/Small/S_Pipe_Corner60_White_12.prefab
  artifactKey: Guid(4f495cb9df60c4c489bed0a48d476f5d) Importer(2089858483,3d70f49cd1c2eb9ae422958d1c652c6b)
Start importing Assets/3D Models/Props/Industrial/Pipeline/Update_1.03/Prefabs/Small/S_Pipe_Corner60_White_12.prefab using Guid(4f495cb9df60c4c489bed0a48d476f5d) Importer(2089858483,3d70f49cd1c2eb9ae422958d1c652c6b)  -> (artifact id: '12bbb676f6f345f9c119ba32154a8b82') in 0.022536 seconds
Number of updated asset objects reloaded before import = 0
Number of asset objects unloaded after import = 19
========================================================================
Received Import Request.
  Time since last request: 0.000189 seconds.
  path: Assets/3D Models/Props/Industrial/Pipeline/Update_1.03/Prefabs/Small/S_Pipe_L25_Yellow_04.prefab
  artifactKey: Guid(9b1beb29dbcb97746a7874dd257bd5df) Importer(2089858483,3d70f49cd1c2eb9ae422958d1c652c6b)
Start importing Assets/3D Models/Props/Industrial/Pipeline/Update_1.03/Prefabs/Small/S_Pipe_L25_Yellow_04.prefab using Guid(9b1beb29dbcb97746a7874dd257bd5df) Importer(2089858483,3d70f49cd1c2eb9ae422958d1c652c6b)  -> (artifact id: 'b53bf299c41e0d6ad60ab69abbc2dbff') in 0.018272 seconds
Number of updated asset objects reloaded before import = 0
Number of asset objects unloaded after import = 19
========================================================================
Received Import Request.
  Time since last request: 0.000012 seconds.
  path: Assets/Samples/Universal RP/14.0.10/URP Package Samples/SharedAssets/Prefabs/MainPanel.prefab
  artifactKey: Guid(d5fa55a16b49d4da3a93a4958cdc3180) Importer(2089858483,3d70f49cd1c2eb9ae422958d1c652c6b)
Start importing Assets/Samples/Universal RP/14.0.10/URP Package Samples/SharedAssets/Prefabs/MainPanel.prefab using Guid(d5fa55a16b49d4da3a93a4958cdc3180) Importer(2089858483,3d70f49cd1c2eb9ae422958d1c652c6b)  -> (artifact id: '327eca49af1b63f569052c90c41955cd') in 0.018468 seconds
Number of updated asset objects reloaded before import = 0
Number of asset objects unloaded after import = 14
========================================================================
Received Import Request.
  Time since last request: 0.000086 seconds.
  path: Assets/3D Models/Props/Industrial/Pipeline/Update_1.03/Mesh/Small/sPipe_05_LOD0.FBX
  artifactKey: Guid(57732d180fc4dd64aa1581dd367c5782) Importer(2089858483,0ecaa5967403d082aa24f35e1b516d23)
Start importing Assets/3D Models/Props/Industrial/Pipeline/Update_1.03/Mesh/Small/sPipe_05_LOD0.FBX using Guid(57732d180fc4dd64aa1581dd367c5782) Importer(2089858483,0ecaa5967403d082aa24f35e1b516d23)  -> (artifact id: 'e0acd44180e4a03a69f824e21968a181') in 0.042520 seconds
Number of updated asset objects reloaded before import = 0
Number of asset objects unloaded after import = 7
========================================================================
Received Import Request.
  Time since last request: 0.001855 seconds.
  path: Assets/TextMesh Pro/Examples & Extras/Scenes/15 - Inline Graphics & Sprites.unity
  artifactKey: Guid(e76e6c0f81964cbda3fe0b7d26ed8060) Importer(2089858483,3d70f49cd1c2eb9ae422958d1c652c6b)
Start importing Assets/TextMesh Pro/Examples & Extras/Scenes/15 - Inline Graphics & Sprites.unity using Guid(e76e6c0f81964cbda3fe0b7d26ed8060) Importer(2089858483,3d70f49cd1c2eb9ae422958d1c652c6b) Opening scene 'Assets/TextMesh Pro/Examples & Extras/Scenes/15 - Inline Graphics & Sprites.unity additively'
LightingSettings: switching bake backend from 1 to 0.
Loaded scene 'Assets/TextMesh Pro/Examples & Extras/Scenes/15 - Inline Graphics & Sprites.unity'
	Deserialize:            11.414 ms
	Integration:            42.533 ms
	Integration of assets:  0.942 ms
	Thread Wait Time:       0.018 ms
	Total Operation Time:   54.908 ms
 -> (artifact id: '65f5e6e64ba1d07304ef1e4e52007a1c') in 0.073091 seconds
Number of updated asset objects reloaded before import = 0
Number of asset objects unloaded after import = 25
========================================================================
Received Import Request.
  Time since last request: 0.000612 seconds.
  path: Assets/Samples/Universal RP/14.0.10/URP Package Samples/RendererFeatures/TrailEffect/TrailMap.renderTexture
  artifactKey: Guid(6c3c030f2030b42eaa8b623e4af1e7d4) Importer(2089858483,0ecaa5967403d082aa24f35e1b516d23)
Start importing Assets/Samples/Universal RP/14.0.10/URP Package Samples/RendererFeatures/TrailEffect/TrailMap.renderTexture using Guid(6c3c030f2030b42eaa8b623e4af1e7d4) Importer(2089858483,0ecaa5967403d082aa24f35e1b516d23)  -> (artifact id: 'be9a3710bdb80c596fd4891a8a1ae3b9') in 0.018647 seconds
Number of updated asset objects reloaded before import = 0
Number of asset objects unloaded after import = 1
========================================================================
Received Import Request.
  Time since last request: 0.000013 seconds.
  path: Assets/3D Models/Props/Industrial/Pipeline/Update_1.03/Mesh/Cap_02_LOD0.FBX
  artifactKey: Guid(ffece596a1027a14aa7b1440be9277df) Importer(2089858483,0ecaa5967403d082aa24f35e1b516d23)
Start importing Assets/3D Models/Props/Industrial/Pipeline/Update_1.03/Mesh/Cap_02_LOD0.FBX using Guid(ffece596a1027a14aa7b1440be9277df) Importer(2089858483,0ecaa5967403d082aa24f35e1b516d23)  -> (artifact id: 'ff9b65893bf664a5c2f1f0aaa9f9aef1') in 0.025736 seconds
Number of updated asset objects reloaded before import = 0
Number of asset objects unloaded after import = 7
========================================================================
Received Import Request.
  Time since last request: 0.000638 seconds.
  path: Assets/3D Models/Props/Industrial/Pipeline/Update_1.03/Prefabs/Small/S_Support_Full_02.prefab
  artifactKey: Guid(d348722ce1b500844a561f17f5fa5217) Importer(2089858483,0ecaa5967403d082aa24f35e1b516d23)
Start importing Assets/3D Models/Props/Industrial/Pipeline/Update_1.03/Prefabs/Small/S_Support_Full_02.prefab using Guid(d348722ce1b500844a561f17f5fa5217) Importer(2089858483,0ecaa5967403d082aa24f35e1b516d23)  -> (artifact id: '306e0d983a312cd2b8b2b9c535ad6798') in 0.011176 seconds
Number of updated asset objects reloaded before import = 0
Number of asset objects unloaded after import = 15
========================================================================
Received Import Request.
  Time since last request: 0.000011 seconds.
  path: Assets/3D Models/Props/Industrial/Pipeline/Update_1.00/Textures/15_AO.png
  artifactKey: Guid(8364606eb453202489c5923b9172bca4) Importer(2089858483,0ecaa5967403d082aa24f35e1b516d23)
Start importing Assets/3D Models/Props/Industrial/Pipeline/Update_1.00/Textures/15_AO.png using Guid(8364606eb453202489c5923b9172bca4) Importer(2089858483,0ecaa5967403d082aa24f35e1b516d23)  -> (artifact id: '3b9499b5f1aee27d4fee5400c0026661') in 0.032367 seconds
Number of updated asset objects reloaded before import = 0
Number of asset objects unloaded after import = 1
========================================================================
Received Import Request.
  Time since last request: 0.001102 seconds.
  path: Assets/3D Models/Props/Industrial/Pipeline/Update_1.03/Prefabs/Small/S_Valve_Handle_Yellow_01.prefab
  artifactKey: Guid(1ab86caa418d768488685cc8edd9885f) Importer(2089858483,0ecaa5967403d082aa24f35e1b516d23)
Start importing Assets/3D Models/Props/Industrial/Pipeline/Update_1.03/Prefabs/Small/S_Valve_Handle_Yellow_01.prefab using Guid(1ab86caa418d768488685cc8edd9885f) Importer(2089858483,0ecaa5967403d082aa24f35e1b516d23)  -> (artifact id: '613c56eb5ffffdb55771b35752fe0e06') in 0.010960 seconds
Number of updated asset objects reloaded before import = 0
Number of asset objects unloaded after import = 17
========================================================================
Received Import Request.
  Time since last request: 0.000291 seconds.
  path: Assets/Samples/Universal RP/14.0.10/URP Package Samples/CameraStacking/MixedFOV/Prefabs/Gun.prefab
  artifactKey: Guid(a380b55be3e354df6a4bffc3631467c0) Importer(2089858483,3d70f49cd1c2eb9ae422958d1c652c6b)
Start importing Assets/Samples/Universal RP/14.0.10/URP Package Samples/CameraStacking/MixedFOV/Prefabs/Gun.prefab using Guid(a380b55be3e354df6a4bffc3631467c0) Importer(2089858483,3d70f49cd1c2eb9ae422958d1c652c6b)  -> (artifact id: '44a275f8eff0df5a1e2bc3b8e3c43827') in 0.018552 seconds
Number of updated asset objects reloaded before import = 0
Number of asset objects unloaded after import = 20
========================================================================
Received Import Request.
  Time since last request: 0.000011 seconds.
  path: Assets/3D Models/Props/Industrial/Pipeline/Update_1.03/Mesh/Pipe_11.FBX
  artifactKey: Guid(683a79ef79c361248b122cbc75f058f0) Importer(2089858483,0ecaa5967403d082aa24f35e1b516d23)
Start importing Assets/3D Models/Props/Industrial/Pipeline/Update_1.03/Mesh/Pipe_11.FBX using Guid(683a79ef79c361248b122cbc75f058f0) Importer(2089858483,0ecaa5967403d082aa24f35e1b516d23)  -> (artifact id: '3efa99ee948489c8a6a402abbcec9e72') in 0.024112 seconds
Number of updated asset objects reloaded before import = 0
Number of asset objects unloaded after import = 7
========================================================================
Received Import Request.
  Time since last request: 0.000318 seconds.
  path: Assets/3D Models/Props/Industrial/Pipeline/Update_1.00/Mesh/Materials/Pipe.mat
  artifactKey: Guid(a686193be0a891d4a81a9e616b9e9ef3) Importer(2089858483,0ecaa5967403d082aa24f35e1b516d23)
Start importing Assets/3D Models/Props/Industrial/Pipeline/Update_1.00/Mesh/Materials/Pipe.mat using Guid(a686193be0a891d4a81a9e616b9e9ef3) Importer(2089858483,0ecaa5967403d082aa24f35e1b516d23)  -> (artifact id: 'c182bbd2af1c4a4515c5b24dbec9784b') in 0.046190 seconds
Number of updated asset objects reloaded before import = 0
Number of asset objects unloaded after import = 5
========================================================================
Received Import Request.
  Time since last request: 0.000014 seconds.
  path: Assets/3D Models/Props/Industrial/Pipeline/Update_1.00/Textures/01_NORMAL.png
  artifactKey: Guid(49b5e480e0407d84ab254634f5e0c115) Importer(2089858483,0ecaa5967403d082aa24f35e1b516d23)
Start importing Assets/3D Models/Props/Industrial/Pipeline/Update_1.00/Textures/01_NORMAL.png using Guid(49b5e480e0407d84ab254634f5e0c115) Importer(2089858483,0ecaa5967403d082aa24f35e1b516d23)  -> (artifact id: 'd785b4f51d08cbea02787d5240489c6c') in 0.022583 seconds
Number of updated asset objects reloaded before import = 0
Number of asset objects unloaded after import = 1
========================================================================
Received Import Request.
  Time since last request: 0.000946 seconds.
  path: Assets/3D Models/Props/Industrial/Pipeline/Update_1.03/Textures/Bolt__NORMAL.png
  artifactKey: Guid(5129db2f40170ed459a59fe51fe7a54e) Importer(2089858483,0ecaa5967403d082aa24f35e1b516d23)
Start importing Assets/3D Models/Props/Industrial/Pipeline/Update_1.03/Textures/Bolt__NORMAL.png using Guid(5129db2f40170ed459a59fe51fe7a54e) Importer(2089858483,0ecaa5967403d082aa24f35e1b516d23)  -> (artifact id: '087c8b9524f5f676c794e5254289e6bb') in 0.031704 seconds
Number of updated asset objects reloaded before import = 0
Number of asset objects unloaded after import = 1
========================================================================
Received Import Request.
  Time since last request: 0.000434 seconds.
  path: Assets/3D Models/Props/Industrial/Pipeline/Update_1.03/Textures/Cap_01_NORMAL.png
  artifactKey: Guid(f236ee75fad109c48b316c63b6b95b2d) Importer(2089858483,0ecaa5967403d082aa24f35e1b516d23)
Start importing Assets/3D Models/Props/Industrial/Pipeline/Update_1.03/Textures/Cap_01_NORMAL.png using Guid(f236ee75fad109c48b316c63b6b95b2d) Importer(2089858483,0ecaa5967403d082aa24f35e1b516d23)  -> (artifact id: '02fc7c108c380eb98e6dd1fc9fcbd6ff') in 0.024481 seconds
Number of updated asset objects reloaded before import = 0
Number of asset objects unloaded after import = 1
========================================================================
Received Import Request.
  Time since last request: 0.000178 seconds.
  path: Assets/3D Models/Props/Industrial/Pipeline/Update_1.03/Mesh/Pipe_05.FBX
  artifactKey: Guid(b24a065075c34bb49a24409a0272190c) Importer(2089858483,0ecaa5967403d082aa24f35e1b516d23)
Start importing Assets/3D Models/Props/Industrial/Pipeline/Update_1.03/Mesh/Pipe_05.FBX using Guid(b24a065075c34bb49a24409a0272190c) Importer(2089858483,0ecaa5967403d082aa24f35e1b516d23)  -> (artifact id: 'c12c659620c9b9ac7c276ac3611e1b8d') in 0.030964 seconds
Number of updated asset objects reloaded before import = 0
Number of asset objects unloaded after import = 7
========================================================================
Received Import Request.
  Time since last request: 0.000013 seconds.
  path: Assets/3D Models/Props/Industrial/Pipeline/Update_1.00/Textures/Pipe_06_SPECULAR.png
  artifactKey: Guid(d0ef3e8e30b722843b736de470f555f8) Importer(2089858483,0ecaa5967403d082aa24f35e1b516d23)
Start importing Assets/3D Models/Props/Industrial/Pipeline/Update_1.00/Textures/Pipe_06_SPECULAR.png using Guid(d0ef3e8e30b722843b736de470f555f8) Importer(2089858483,0ecaa5967403d082aa24f35e1b516d23)  -> (artifact id: '05dad8bc37b6b351eb8112963c8cf40d') in 0.036495 seconds
Number of updated asset objects reloaded before import = 0
Number of asset objects unloaded after import = 1
========================================================================
Received Import Request.
  Time since last request: 0.000214 seconds.
  path: Assets/Samples/Universal RP/14.0.10/URP Package Samples/Decals/ProxyLighting/Shaders
  artifactKey: Guid(506a64ab48fb74ae7900328238be68b2) Importer(2089858483,0ecaa5967403d082aa24f35e1b516d23)
Start importing Assets/Samples/Universal RP/14.0.10/URP Package Samples/Decals/ProxyLighting/Shaders using Guid(506a64ab48fb74ae7900328238be68b2) Importer(2089858483,0ecaa5967403d082aa24f35e1b516d23)  -> (artifact id: '199064add02495e2c4a51346d7bb03d0') in 0.007869 seconds
Number of updated asset objects reloaded before import = 0
Number of asset objects unloaded after import = 1
========================================================================
Received Import Request.
  Time since last request: 0.000013 seconds.
  path: Assets/Samples/Universal RP/14.0.10/URP Package Samples/SharedAssets/Fonts
  artifactKey: Guid(d698ca62bcc024bd2bd759ef042604ae) Importer(2089858483,0ecaa5967403d082aa24f35e1b516d23)
Start importing Assets/Samples/Universal RP/14.0.10/URP Package Samples/SharedAssets/Fonts using Guid(d698ca62bcc024bd2bd759ef042604ae) Importer(2089858483,0ecaa5967403d082aa24f35e1b516d23)  -> (artifact id: 'ef3d0bfd0a9d86dbc5bff8cc2a7bb958') in 0.009669 seconds
Number of updated asset objects reloaded before import = 0
Number of asset objects unloaded after import = 1
========================================================================
Received Import Request.
  Time since last request: 0.000012 seconds.
  path: Assets/3D Models/Props/Industrial/Pipeline/Update_1.03/Prefabs/Medium/M_Pipe_Corner30_White_11.prefab
  artifactKey: Guid(eaaaa98cf534b094bbf9be1044034e0f) Importer(2089858483,3d70f49cd1c2eb9ae422958d1c652c6b)
Start importing Assets/3D Models/Props/Industrial/Pipeline/Update_1.03/Prefabs/Medium/M_Pipe_Corner30_White_11.prefab using Guid(eaaaa98cf534b094bbf9be1044034e0f) Importer(2089858483,3d70f49cd1c2eb9ae422958d1c652c6b)  -> (artifact id: '1dc05b19bf373c2faa19de6c2388d5f4') in 0.014567 seconds
Number of updated asset objects reloaded before import = 0
Number of asset objects unloaded after import = 19
========================================================================
Received Import Request.
  Time since last request: 0.148275 seconds.
  path: Assets/3D Models/Props/Industrial/Pipeline/Update_1.03/Prefabs/Small/S_Pipe_Corner180_Yellow_09.prefab
  artifactKey: Guid(dd0e0f2cee4a3b049a3d86a546c1d5c0) Importer(2089858483,0ecaa5967403d082aa24f35e1b516d23)
Start importing Assets/3D Models/Props/Industrial/Pipeline/Update_1.03/Prefabs/Small/S_Pipe_Corner180_Yellow_09.prefab using Guid(dd0e0f2cee4a3b049a3d86a546c1d5c0) Importer(2089858483,0ecaa5967403d082aa24f35e1b516d23)  -> (artifact id: 'fe76d2134a4c6f8f5977fb40923d34c1') in 0.025723 seconds
Number of updated asset objects reloaded before import = 0
Number of asset objects unloaded after import = 18
========================================================================
Received Import Request.
  Time since last request: 0.000244 seconds.
  path: Assets/3D Models/Props/Industrial/Pipeline/Update_1.03/Textures/White/PipeValve_White_01_SPECULAR.png
  artifactKey: Guid(9fb5de78b6891fc4e8262c421a8c1f6f) Importer(2089858483,0ecaa5967403d082aa24f35e1b516d23)
Start importing Assets/3D Models/Props/Industrial/Pipeline/Update_1.03/Textures/White/PipeValve_White_01_SPECULAR.png using Guid(9fb5de78b6891fc4e8262c421a8c1f6f) Importer(2089858483,0ecaa5967403d082aa24f35e1b516d23)  -> (artifact id: '8d3e0dd50d684a674b2481360c6ae78b') in 0.029228 seconds
Number of updated asset objects reloaded before import = 0
Number of asset objects unloaded after import = 1
========================================================================
Received Import Request.
  Time since last request: 0.001386 seconds.
  path: Assets/3D Models/Props/Industrial/Pipeline/Update_1.03/Prefabs/Medium/M_Pipe_Corner180_White_10.prefab
  artifactKey: Guid(c77dd6bd49d0d6d479f3c0f508aca84b) Importer(2089858483,0ecaa5967403d082aa24f35e1b516d23)
Start importing Assets/3D Models/Props/Industrial/Pipeline/Update_1.03/Prefabs/Medium/M_Pipe_Corner180_White_10.prefab using Guid(c77dd6bd49d0d6d479f3c0f508aca84b) Importer(2089858483,0ecaa5967403d082aa24f35e1b516d23)  -> (artifact id: '2f57315aac4ed66ee5c9752d1dd589ce') in 0.023339 seconds
Number of updated asset objects reloaded before import = 0
Number of asset objects unloaded after import = 18
========================================================================
Received Import Request.
  Time since last request: 0.000302 seconds.
  path: Assets/3D Models/Props/Industrial/Pipeline/Update_1.03/Mesh/Small/sPipe_05.FBX
  artifactKey: Guid(e275d5b41fd67844cba3cd20137a0694) Importer(2089858483,0ecaa5967403d082aa24f35e1b516d23)
Start importing Assets/3D Models/Props/Industrial/Pipeline/Update_1.03/Mesh/Small/sPipe_05.FBX using Guid(e275d5b41fd67844cba3cd20137a0694) Importer(2089858483,0ecaa5967403d082aa24f35e1b516d23)  -> (artifact id: 'eff2393d2efe74cefb0a49bd6ae1f634') in 0.032346 seconds
Number of updated asset objects reloaded before import = 0
Number of asset objects unloaded after import = 7
========================================================================
Received Import Request.
  Time since last request: 0.000495 seconds.
  path: Assets/3D Models/Props/Industrial/Pipeline/Update_1.03/Prefabs/Medium/M_Cap_White_03.prefab
  artifactKey: Guid(1e5d19b20f322dd4d94ddf7d2c5cb19c) Importer(2089858483,0ecaa5967403d082aa24f35e1b516d23)
Start importing Assets/3D Models/Props/Industrial/Pipeline/Update_1.03/Prefabs/Medium/M_Cap_White_03.prefab using Guid(1e5d19b20f322dd4d94ddf7d2c5cb19c) Importer(2089858483,0ecaa5967403d082aa24f35e1b516d23)  -> (artifact id: '1719ecd94b1dd45cc59a796e48b2e216') in 0.015973 seconds
Number of updated asset objects reloaded before import = 0
Number of asset objects unloaded after import = 18
========================================================================
Received Import Request.
  Time since last request: 0.000013 seconds.
  path: Assets/3D Models/Props/Industrial/Pipeline/Update_1.03/Prefabs/Small/S_Pipe_Corner180_White_10.prefab
  artifactKey: Guid(5b85d1a2080c6f045b2029e3e88df452) Importer(2089858483,0ecaa5967403d082aa24f35e1b516d23)
Start importing Assets/3D Models/Props/Industrial/Pipeline/Update_1.03/Prefabs/Small/S_Pipe_Corner180_White_10.prefab using Guid(5b85d1a2080c6f045b2029e3e88df452) Importer(2089858483,0ecaa5967403d082aa24f35e1b516d23)  -> (artifact id: '7418b8fd4ab34134006dd5f2f7a955af') in 0.012650 seconds
Number of updated asset objects reloaded before import = 0
Number of asset objects unloaded after import = 18
========================================================================
Received Import Request.
  Time since last request: 0.000316 seconds.
  path: Assets/3D Models/Props/Industrial/Pipeline/Update_1.00/Mesh/01_LOD0.FBX
  artifactKey: Guid(192bc9f61f581d348a769e7d2e682821) Importer(2089858483,0ecaa5967403d082aa24f35e1b516d23)
Start importing Assets/3D Models/Props/Industrial/Pipeline/Update_1.00/Mesh/01_LOD0.FBX using Guid(192bc9f61f581d348a769e7d2e682821) Importer(2089858483,0ecaa5967403d082aa24f35e1b516d23)  -> (artifact id: 'ad3e742933f36d84753fca37dd27a43e') in 0.019488 seconds
Number of updated asset objects reloaded before import = 0
Number of asset objects unloaded after import = 7
========================================================================
Received Import Request.
  Time since last request: 0.000099 seconds.
  path: Assets/3D Models/Props/Industrial/Pipeline/Update_1.03/Textures/White/PipeValve_White_01_AO.png
  artifactKey: Guid(064d273f3500528468c1f3bec94aa7f4) Importer(2089858483,0ecaa5967403d082aa24f35e1b516d23)
Start importing Assets/3D Models/Props/Industrial/Pipeline/Update_1.03/Textures/White/PipeValve_White_01_AO.png using Guid(064d273f3500528468c1f3bec94aa7f4) Importer(2089858483,0ecaa5967403d082aa24f35e1b516d23)  -> (artifact id: '46cb511b2885318aa7bf3c95f13b187e') in 0.026032 seconds
Number of updated asset objects reloaded before import = 0
Number of asset objects unloaded after import = 1
========================================================================
Received Import Request.
  Time since last request: 0.000210 seconds.
  path: Assets/3D Models/Props/Industrial/Pipeline/Update_1.03/Mesh/ModularSystemPipe/MSP_Valve02_BoltX8_02.FBX
  artifactKey: Guid(a45d10b4a699f014db864bfd756b5ec1) Importer(2089858483,0ecaa5967403d082aa24f35e1b516d23)
Start importing Assets/3D Models/Props/Industrial/Pipeline/Update_1.03/Mesh/ModularSystemPipe/MSP_Valve02_BoltX8_02.FBX using Guid(a45d10b4a699f014db864bfd756b5ec1) Importer(2089858483,0ecaa5967403d082aa24f35e1b516d23)  -> (artifact id: 'aff72cb35832285fe3402ebb5c2e84ff') in 0.026108 seconds
Number of updated asset objects reloaded before import = 0
Number of asset objects unloaded after import = 19
========================================================================
Received Import Request.
  Time since last request: 0.000017 seconds.
  path: Assets/3D Models/Props/Industrial/Pipeline/Update_1.03/Prefabs/Small/S_Pipe_White_07.prefab
  artifactKey: Guid(90a42d2c6d921f44b93e4efa4b79c245) Importer(2089858483,0ecaa5967403d082aa24f35e1b516d23)
Start importing Assets/3D Models/Props/Industrial/Pipeline/Update_1.03/Prefabs/Small/S_Pipe_White_07.prefab using Guid(90a42d2c6d921f44b93e4efa4b79c245) Importer(2089858483,0ecaa5967403d082aa24f35e1b516d23)  -> (artifact id: 'd439f1d7cf94f3932b1eeab998d29701') in 0.012798 seconds
Number of updated asset objects reloaded before import = 0
Number of asset objects unloaded after import = 18
========================================================================
Received Import Request.
  Time since last request: 0.000215 seconds.
  path: Assets/3D Models/Props/Industrial/Pipeline/Update_1.03/Prefabs/Medium/M_Pipe_L50_White_03.prefab
  artifactKey: Guid(471a9819acca1d34c98fd8fee901ffcf) Importer(2089858483,0ecaa5967403d082aa24f35e1b516d23)
Start importing Assets/3D Models/Props/Industrial/Pipeline/Update_1.03/Prefabs/Medium/M_Pipe_L50_White_03.prefab using Guid(471a9819acca1d34c98fd8fee901ffcf) Importer(2089858483,0ecaa5967403d082aa24f35e1b516d23)  -> (artifact id: 'e1a2933239e30e8930d368c913220e8b') in 0.012820 seconds
Number of updated asset objects reloaded before import = 0
Number of asset objects unloaded after import = 18
========================================================================
Received Import Request.
  Time since last request: 0.000209 seconds.
  path: Assets/3D Models/Props/Industrial/Pipeline/Update_1.00/Prefabs/Pipe_18.prefab
  artifactKey: Guid(881c8c24013da1f46bad8d81bd0ae4c5) Importer(2089858483,0ecaa5967403d082aa24f35e1b516d23)
Start importing Assets/3D Models/Props/Industrial/Pipeline/Update_1.00/Prefabs/Pipe_18.prefab using Guid(881c8c24013da1f46bad8d81bd0ae4c5) Importer(2089858483,0ecaa5967403d082aa24f35e1b516d23)  -> (artifact id: '886dbb48efd4249dcd39bb6df4e68dd3') in 0.015388 seconds
Number of updated asset objects reloaded before import = 0
Number of asset objects unloaded after import = 18
========================================================================
Received Import Request.
  Time since last request: 0.000017 seconds.
  path: Assets/3D Models/Props/Industrial/Pipeline/Update_1.00/Textures/15_NORMAL.png
  artifactKey: Guid(d4c53263b05ca6a4cbf8ac7f9fa57afd) Importer(2089858483,0ecaa5967403d082aa24f35e1b516d23)
Start importing Assets/3D Models/Props/Industrial/Pipeline/Update_1.00/Textures/15_NORMAL.png using Guid(d4c53263b05ca6a4cbf8ac7f9fa57afd) Importer(2089858483,0ecaa5967403d082aa24f35e1b516d23)  -> (artifact id: '3f279fecb9969540367160bf61d3680d') in 0.027530 seconds
Number of updated asset objects reloaded before import = 0
Number of asset objects unloaded after import = 1
========================================================================
Received Import Request.
  Time since last request: 0.000012 seconds.
  path: Assets/3D Models/Props/Industrial/Pipeline/Update_1.03/Textures/Manometr__DIFFUSE.png
  artifactKey: Guid(43571ac74cdf83b488bb80d4566512fe) Importer(2089858483,0ecaa5967403d082aa24f35e1b516d23)
Start importing Assets/3D Models/Props/Industrial/Pipeline/Update_1.03/Textures/Manometr__DIFFUSE.png using Guid(43571ac74cdf83b488bb80d4566512fe) Importer(2089858483,0ecaa5967403d082aa24f35e1b516d23)  -> (artifact id: '1095179b0b5a93e87d4c0043f451c988') in 0.021089 seconds
Number of updated asset objects reloaded before import = 0
Number of asset objects unloaded after import = 1
========================================================================
Received Import Request.
  Time since last request: 0.056826 seconds.
  path: Assets/3D Models/Props
  artifactKey: Guid(2034458ebfa71fc4faf78e1d25c70915) Importer(2089858483,0ecaa5967403d082aa24f35e1b516d23)
Start importing Assets/3D Models/Props using Guid(2034458ebfa71fc4faf78e1d25c70915) Importer(2089858483,0ecaa5967403d082aa24f35e1b516d23)  -> (artifact id: '1dc7fa5dc8bfb78d4dd4aa3253d0e068') in 0.011078 seconds
Number of updated asset objects reloaded before import = 0
Number of asset objects unloaded after import = 1
========================================================================
Received Import Request.
  Time since last request: 0.000013 seconds.
  path: Assets/YughuesFreeSandMaterials/Textures/T_YFSM_07_d.tga
  artifactKey: Guid(9ebb718f5031c714d8e70fac4cbc64bb) Importer(2089858483,0ecaa5967403d082aa24f35e1b516d23)
Start importing Assets/YughuesFreeSandMaterials/Textures/T_YFSM_07_d.tga using Guid(9ebb718f5031c714d8e70fac4cbc64bb) Importer(2089858483,0ecaa5967403d082aa24f35e1b516d23)  -> (artifact id: '0becfa672fc4d8af4fb33d36d67900f7') in 0.024113 seconds
Number of updated asset objects reloaded before import = 0
Number of asset objects unloaded after import = 1
========================================================================
Received Import Request.
  Time since last request: 0.000017 seconds.
  path: Assets/3D Models/Props/Industrial/Pipeline/Update_1.03/Prefabs/Small/S_Pipe_Corner30_Yellow_11.prefab
  artifactKey: Guid(637cc4872b67cc44c9d6523993998c70) Importer(2089858483,0ecaa5967403d082aa24f35e1b516d23)
Start importing Assets/3D Models/Props/Industrial/Pipeline/Update_1.03/Prefabs/Small/S_Pipe_Corner30_Yellow_11.prefab using Guid(637cc4872b67cc44c9d6523993998c70) Importer(2089858483,0ecaa5967403d082aa24f35e1b516d23)  -> (artifact id: '0ca350958f87aacecdaeb3afd811ddfe') in 0.012118 seconds
Number of updated asset objects reloaded before import = 0
Number of asset objects unloaded after import = 18
========================================================================
Received Import Request.
  Time since last request: 0.000029 seconds.
  path: Assets/3D Models/Props/Industrial/Pipeline/Update_1.03/Prefabs/Small/S_Valve_Handle_White_02.prefab
  artifactKey: Guid(261956ebf438508498f2d8516be1c22c) Importer(2089858483,0ecaa5967403d082aa24f35e1b516d23)
Start importing Assets/3D Models/Props/Industrial/Pipeline/Update_1.03/Prefabs/Small/S_Valve_Handle_White_02.prefab using Guid(261956ebf438508498f2d8516be1c22c) Importer(2089858483,0ecaa5967403d082aa24f35e1b516d23)  -> (artifact id: '78eb7795c1695913c4a0cbb646cb983e') in 0.013628 seconds
Number of updated asset objects reloaded before import = 0
Number of asset objects unloaded after import = 17
========================================================================
Received Import Request.
  Time since last request: 0.000014 seconds.
  path: Assets/Micro_Sub/Scenes/DemoScene
  artifactKey: Guid(aa303328807a39b418b4f536e6242caf) Importer(2089858483,0ecaa5967403d082aa24f35e1b516d23)
Start importing Assets/Micro_Sub/Scenes/DemoScene using Guid(aa303328807a39b418b4f536e6242caf) Importer(2089858483,0ecaa5967403d082aa24f35e1b516d23)  -> (artifact id: 'b681dbf1c680ac6f6708c0f84184107a') in 0.013176 seconds
Number of updated asset objects reloaded before import = 0
Number of asset objects unloaded after import = 1
========================================================================
Received Import Request.
  Time since last request: 0.000012 seconds.
  path: Assets/YughuesFreeSandMaterials/Preview/Sc_Preview/LightingData.asset
  artifactKey: Guid(dc5ab5107ce957b47b33e428451e2175) Importer(2089858483,0ecaa5967403d082aa24f35e1b516d23)
Start importing Assets/YughuesFreeSandMaterials/Preview/Sc_Preview/LightingData.asset using Guid(dc5ab5107ce957b47b33e428451e2175) Importer(2089858483,0ecaa5967403d082aa24f35e1b516d23)  -> (artifact id: '07cfbaa029a496fbb5a3c923f2b72de5') in 0.010181 seconds
Number of updated asset objects reloaded before import = 0
Number of asset objects unloaded after import = 2
========================================================================
Received Import Request.
  Time since last request: 0.000012 seconds.
  path: Assets/TextMesh Pro/Documentation/TextMesh Pro User Guide 2016.pdf
  artifactKey: Guid(1b8d251f9af63b746bf2f7ffe00ebb9b) Importer(2089858483,0ecaa5967403d082aa24f35e1b516d23)
Start importing Assets/TextMesh Pro/Documentation/TextMesh Pro User Guide 2016.pdf using Guid(1b8d251f9af63b746bf2f7ffe00ebb9b) Importer(2089858483,0ecaa5967403d082aa24f35e1b516d23)  -> (artifact id: '8b3aed86028dd40d119b8b71fca12fd3') in 0.010078 seconds
Number of updated asset objects reloaded before import = 0
Number of asset objects unloaded after import = 1
========================================================================
Received Import Request.
  Time since last request: 0.000013 seconds.
  path: Assets/YughuesFreeSandMaterials/Textures/T_YFSM_04_s.tga
  artifactKey: Guid(78b2f6df4ff4d8d4cbc2526ed25e9049) Importer(2089858483,0ecaa5967403d082aa24f35e1b516d23)
Start importing Assets/YughuesFreeSandMaterials/Textures/T_YFSM_04_s.tga using Guid(78b2f6df4ff4d8d4cbc2526ed25e9049) Importer(2089858483,0ecaa5967403d082aa24f35e1b516d23)  -> (artifact id: '91bab0bd91d1e8cccfcbd74338971a76') in 0.022577 seconds
Number of updated asset objects reloaded before import = 0
Number of asset objects unloaded after import = 1
========================================================================
Received Import Request.
  Time since last request: 0.000013 seconds.
  path: Assets/3D Models/Props/Industrial/Pipeline/Update_1.03/Mesh/Pipe_01_LOD0.FBX
  artifactKey: Guid(8113ca1cf889ca84cb7a009099688df8) Importer(2089858483,0ecaa5967403d082aa24f35e1b516d23)
Start importing Assets/3D Models/Props/Industrial/Pipeline/Update_1.03/Mesh/Pipe_01_LOD0.FBX using Guid(8113ca1cf889ca84cb7a009099688df8) Importer(2089858483,0ecaa5967403d082aa24f35e1b516d23)  -> (artifact id: 'afc7727e17feee5f6d76099b414bae04') in 0.019631 seconds
Number of updated asset objects reloaded before import = 0
Number of asset objects unloaded after import = 7
========================================================================
Received Import Request.
  Time since last request: 0.000014 seconds.
  path: Assets/3D Models/Props/Industrial/Pipeline/Update_1.03/Textures/Yellow/Valve_Yellow_02_DIFFUSE.png
  artifactKey: Guid(16dab81645046d649b3e975b42e8b6dd) Importer(2089858483,0ecaa5967403d082aa24f35e1b516d23)
Start importing Assets/3D Models/Props/Industrial/Pipeline/Update_1.03/Textures/Yellow/Valve_Yellow_02_DIFFUSE.png using Guid(16dab81645046d649b3e975b42e8b6dd) Importer(2089858483,0ecaa5967403d082aa24f35e1b516d23)  -> (artifact id: '7cffa5216d4c2efe2aa9bcd3836595b4') in 0.020391 seconds
Number of updated asset objects reloaded before import = 0
Number of asset objects unloaded after import = 1
========================================================================
Received Import Request.
  Time since last request: 0.000014 seconds.
  path: Assets/YughuesFreeSandMaterials/Materials
  artifactKey: Guid(a3bee97c26e59c44b821d9c65cf80c59) Importer(2089858483,0ecaa5967403d082aa24f35e1b516d23)
Start importing Assets/YughuesFreeSandMaterials/Materials using Guid(a3bee97c26e59c44b821d9c65cf80c59) Importer(2089858483,0ecaa5967403d082aa24f35e1b516d23)  -> (artifact id: 'bfa093c782f5a670ff286bab42340be6') in 0.009383 seconds
Number of updated asset objects reloaded before import = 0
Number of asset objects unloaded after import = 1
========================================================================
Received Import Request.
  Time since last request: 0.000012 seconds.
  path: Assets/3D Models/Props/Industrial/Pipeline/Update_1.03/Mesh/Small/sPipe_08.FBX
  artifactKey: Guid(c7ca542cf4881f94b8f67d7c34a7b295) Importer(2089858483,0ecaa5967403d082aa24f35e1b516d23)
Start importing Assets/3D Models/Props/Industrial/Pipeline/Update_1.03/Mesh/Small/sPipe_08.FBX using Guid(c7ca542cf4881f94b8f67d7c34a7b295) Importer(2089858483,0ecaa5967403d082aa24f35e1b516d23)  -> (artifact id: '046da903eb579a5797eabc5dd21600e2') in 0.039668 seconds
Number of updated asset objects reloaded before import = 0
Number of asset objects unloaded after import = 7
========================================================================
Received Import Request.
  Time since last request: 0.000016 seconds.
  path: Assets/TextMesh Pro/Shaders/TMPro_Properties.cginc
  artifactKey: Guid(3997e2241185407d80309a82f9148466) Importer(2089858483,0ecaa5967403d082aa24f35e1b516d23)
Start importing Assets/TextMesh Pro/Shaders/TMPro_Properties.cginc using Guid(3997e2241185407d80309a82f9148466) Importer(2089858483,0ecaa5967403d082aa24f35e1b516d23)  -> (artifact id: '6fd2a574d5babd6ff22f40b2fd03060d') in 0.014861 seconds
Number of updated asset objects reloaded before import = 0
Number of asset objects unloaded after import = 1
========================================================================
Received Import Request.
  Time since last request: 0.000018 seconds.
  path: Assets/YughuesFreeSandMaterials/Textures/T_YFSM_10_s.tga
  artifactKey: Guid(cbaf06fa4d9252544b9722e1a871902e) Importer(2089858483,0ecaa5967403d082aa24f35e1b516d23)
Start importing Assets/YughuesFreeSandMaterials/Textures/T_YFSM_10_s.tga using Guid(cbaf06fa4d9252544b9722e1a871902e) Importer(2089858483,0ecaa5967403d082aa24f35e1b516d23)  -> (artifact id: '8ece1b73d87693bea21770e0ce4c2311') in 0.017598 seconds
Number of updated asset objects reloaded before import = 0
Number of asset objects unloaded after import = 1
========================================================================
Received Import Request.
  Time since last request: 0.000012 seconds.
  path: Assets/3D Models/Props/Industrial/Pipeline/Update_1.00/Textures/Pipe_19_NORMAL.png
  artifactKey: Guid(5f91c568a708f51449583b44e629537b) Importer(2089858483,0ecaa5967403d082aa24f35e1b516d23)
Start importing Assets/3D Models/Props/Industrial/Pipeline/Update_1.00/Textures/Pipe_19_NORMAL.png using Guid(5f91c568a708f51449583b44e629537b) Importer(2089858483,0ecaa5967403d082aa24f35e1b516d23)  -> (artifact id: '2db2e58d1a04f5b066966dab5a1c094c') in 0.016020 seconds
Number of updated asset objects reloaded before import = 0
Number of asset objects unloaded after import = 1
========================================================================
Received Import Request.
  Time since last request: 0.000012 seconds.
  path: Assets/Micro_Sub/Prefabs/Micro_Sub.prefab
  artifactKey: Guid(c9c10e442362b304fa498afd8bec3b1c) Importer(2089858483,0ecaa5967403d082aa24f35e1b516d23)
Start importing Assets/Micro_Sub/Prefabs/Micro_Sub.prefab using Guid(c9c10e442362b304fa498afd8bec3b1c) Importer(2089858483,0ecaa5967403d082aa24f35e1b516d23)  -> (artifact id: '4e176b8857e17ea3f81d93aa4a08f31a') in 0.015474 seconds
Number of updated asset objects reloaded before import = 0
Number of asset objects unloaded after import = 16
========================================================================
Received Import Request.
  Time since last request: 0.000012 seconds.
  path: Assets/3D Models/Props/Industrial/Pipeline/Update_1.03/Mesh/Bolt_x17_03_LOD0.FBX
  artifactKey: Guid(1c5f21fca0c77634485c1032f872fd16) Importer(2089858483,0ecaa5967403d082aa24f35e1b516d23)
Start importing Assets/3D Models/Props/Industrial/Pipeline/Update_1.03/Mesh/Bolt_x17_03_LOD0.FBX using Guid(1c5f21fca0c77634485c1032f872fd16) Importer(2089858483,0ecaa5967403d082aa24f35e1b516d23)  -> (artifact id: '1cdbc420361c96324ac7889032e3c60a') in 0.020828 seconds
Number of updated asset objects reloaded before import = 0
Number of asset objects unloaded after import = 7
========================================================================
Received Import Request.
  Time since last request: 0.000013 seconds.
  path: Assets/TextMesh Pro/Shaders/TMP_Sprite.shader
  artifactKey: Guid(cf81c85f95fe47e1a27f6ae460cf182c) Importer(2089858483,0ecaa5967403d082aa24f35e1b516d23)
Start importing Assets/TextMesh Pro/Shaders/TMP_Sprite.shader using Guid(cf81c85f95fe47e1a27f6ae460cf182c) Importer(2089858483,0ecaa5967403d082aa24f35e1b516d23)  -> (artifact id: 'ccc937cc772e0e4a1b1a18da477e1317') in 0.018013 seconds
Number of updated asset objects reloaded before import = 0
Number of asset objects unloaded after import = 1
========================================================================
Received Import Request.
  Time since last request: 0.000098 seconds.
  path: Assets/TextMesh Pro/Shaders/TMP_SDF-Mobile SSD.shader
  artifactKey: Guid(c8d12adcee749c344b8117cf7c7eb912) Importer(2089858483,0ecaa5967403d082aa24f35e1b516d23)
Start importing Assets/TextMesh Pro/Shaders/TMP_SDF-Mobile SSD.shader using Guid(c8d12adcee749c344b8117cf7c7eb912) Importer(2089858483,0ecaa5967403d082aa24f35e1b516d23)  -> (artifact id: '3f0d5eb1e3cc7b529ea92698f81805ce') in 0.011882 seconds
Number of updated asset objects reloaded before import = 0
Number of asset objects unloaded after import = 1
Editor requested this worker to shutdown with reason: balancing worker count downwards
TcpMessagingSession - receive error: operation aborted. errorcode: 995, details:  /   -       .
AssetImportWorker is now disconnected from the server
Process exiting
Exiting without the bug reporter. Application will terminate with return code 0